Linux mklab-host-2 4.18.0-240.22.1.el8_3.x86_64 #1 SMP Thu Apr 8 19:01:30 UTC 2021 x86_64 x86_64 x86_64 GNU/Linux
              total        used        free      shared  buff/cache   available
Mem:           31Gi       1.4Gi       5.7Gi       258Mi        23Gi        28Gi
Swap:          15Gi          0B        15Gi
Architecture:        x86_64
CPU op-mode(s):      32-bit, 64-bit
Byte Order:          Little Endian
CPU(s):              12
On-line CPU(s) list: 0-11
Thread(s) per core:  2
Core(s) per socket:  6
Socket(s):           1
NUMA node(s):        1
Vendor ID:           GenuineIntel
CPU family:          6
Model:               158
Model name:          Intel(R) Xeon(R) E-2186G CPU @ 3.80GHz
Stepping:            10
CPU MHz:             4601.722
CPU max MHz:         4700.0000
CPU min MHz:         800.0000
BogoMIPS:            7584.00
Virtualization:      VT-x
L1d cache:           32K
L1i cache:           32K
L2 cache:            256K
L3 cache:            12288K
NUMA node0 CPU(s):   0-11
Flags:               fpu vme de pse tsc msr pae mce cx8 apic sep mtrr pge mca cmov pat pse36 clflush dts acpi mmx fxsr sse sse2 ss ht tm pbe syscall nx pdpe1gb rdtscp lm constant_tsc art arch_perfmon pebs bts rep_good nopl xtopology nonstop_tsc cpuid aperfmperf tsc_known_freq pni pclmulqdq dtes64 monitor ds_cpl vmx smx est tm2 ssse3 sdbg fma cx16 xtpr pdcm pcid sse4_1 sse4_2 x2apic movbe popcnt tsc_deadline_timer aes xsave avx f16c rdrand lahf_lm abm 3dnowprefetch cpuid_fault epb invpcid_single pti ssbd ibrs ibpb stibp tpr_shadow vnmi flexpriority ept vpid ept_ad fsgsbase tsc_adjust bmi1 hle avx2 smep bmi2 erms invpcid rtm mpx rdseed adx smap clflushopt intel_pt xsaveopt xsavec xgetbv1 xsaves dtherm ida arat pln pts hwp hwp_notify hwp_act_window hwp_epp md_clear flush_l1d
Thu Jun 17 03:51:52 EDT 2021
[M::bwa_idx_load_from_disk] read 0 ALT contigs
[M::process] read 1035060 sequences (100000129 bp)...
[M::process] read 1035510 sequences (100000101 bp)...
[M::mem_process_seqs] Processed 1035060 reads in 134.620 CPU sec, 13.494 real sec
[M::process] read 1035614 sequences (100000139 bp)...
[M::mem_process_seqs] Processed 1035510 reads in 135.126 CPU sec, 13.452 real sec
[M::process] read 1035236 sequences (100000210 bp)...
[M::mem_process_seqs] Processed 1035614 reads in 136.466 CPU sec, 13.583 real sec
[M::process] read 1035656 sequences (100000081 bp)...
[M::mem_process_seqs] Processed 1035236 reads in 135.610 CPU sec, 13.501 real sec
[M::process] read 1035344 sequences (100000107 bp)...
[M::mem_process_seqs] Processed 1035656 reads in 137.974 CPU sec, 13.767 real sec
[M::process] read 1035584 sequences (100000105 bp)...
[M::mem_process_seqs] Processed 1035344 reads in 139.816 CPU sec, 13.916 real sec
[M::process] read 1035606 sequences (100000146 bp)...
[M::mem_process_seqs] Processed 1035584 reads in 139.683 CPU sec, 13.904 real sec
[M::process] read 1035274 sequences (100000153 bp)...
[M::mem_process_seqs] Processed 1035606 reads in 140.196 CPU sec, 13.956 real sec
[M::process] read 1035732 sequences (100000113 bp)...
[M::mem_process_seqs] Processed 1035274 reads in 139.871 CPU sec, 13.918 real sec
[M::process] read 1035486 sequences (100000108 bp)...
[M::mem_process_seqs] Processed 1035732 reads in 139.866 CPU sec, 13.924 real sec
[M::process] read 1035380 sequences (100000060 bp)...
[M::mem_process_seqs] Processed 1035486 reads in 140.188 CPU sec, 13.952 real sec
[M::process] read 1035606 sequences (100000155 bp)...
[M::mem_process_seqs] Processed 1035380 reads in 140.445 CPU sec, 13.979 real sec
[M::process] read 1035264 sequences (100000065 bp)...
[M::mem_process_seqs] Processed 1035606 reads in 141.028 CPU sec, 14.043 real sec
[M::process] read 1035554 sequences (100000039 bp)...
[M::mem_process_seqs] Processed 1035264 reads in 140.165 CPU sec, 13.949 real sec
[M::process] read 1035466 sequences (100000008 bp)...
[M::mem_process_seqs] Processed 1035554 reads in 136.775 CPU sec, 14.756 real sec
[M::process] read 1035560 sequences (100000098 bp)...
[M::mem_process_seqs] Processed 1035466 reads in 139.587 CPU sec, 13.977 real sec
[M::process] read 1035696 sequences (100000165 bp)...
[M::mem_process_seqs] Processed 1035560 reads in 140.084 CPU sec, 14.187 real sec
[M::process] read 1035508 sequences (100000063 bp)...
[M::mem_process_seqs] Processed 1035696 reads in 138.114 CPU sec, 14.263 real sec
[M::process] read 1035582 sequences (100000015 bp)...
[M::mem_process_seqs] Processed 1035508 reads in 139.850 CPU sec, 13.914 real sec
[M::process] read 1035408 sequences (100000139 bp)...
[M::mem_process_seqs] Processed 1035582 reads in 139.787 CPU sec, 13.919 real sec
[M::process] read 1035474 sequences (100000006 bp)...
[M::mem_process_seqs] Processed 1035408 reads in 140.738 CPU sec, 14.010 real sec
[M::process] read 1035802 sequences (100000079 bp)...
[M::mem_process_seqs] Processed 1035474 reads in 140.106 CPU sec, 13.961 real sec
[M::process] read 1035032 sequences (100000122 bp)...
[M::mem_process_seqs] Processed 1035802 reads in 140.540 CPU sec, 13.985 real sec
[M::process] read 1035616 sequences (100000199 bp)...
[M::mem_process_seqs] Processed 1035032 reads in 140.213 CPU sec, 13.954 real sec
[M::process] read 1035384 sequences (100000014 bp)...
[M::mem_process_seqs] Processed 1035616 reads in 140.185 CPU sec, 13.948 real sec
[M::process] read 1035338 sequences (100000135 bp)...
[M::mem_process_seqs] Processed 1035384 reads in 141.098 CPU sec, 14.042 real sec
[M::process] read 1035678 sequences (100000064 bp)...
[M::mem_process_seqs] Processed 1035338 reads in 140.114 CPU sec, 13.947 real sec
[M::process] read 1035620 sequences (100000043 bp)...
[M::mem_process_seqs] Processed 1035678 reads in 139.925 CPU sec, 13.926 real sec
[M::process] read 1035750 sequences (100000169 bp)...
[M::mem_process_seqs] Processed 1035620 reads in 140.349 CPU sec, 13.974 real sec
[M::process] read 1035696 sequences (100000193 bp)...
[M::mem_process_seqs] Processed 1035750 reads in 140.352 CPU sec, 13.977 real sec
[M::process] read 1035430 sequences (100000045 bp)...
[M::mem_process_seqs] Processed 1035696 reads in 140.460 CPU sec, 13.989 real sec
[M::process] read 1035562 sequences (100000047 bp)...
[M::mem_process_seqs] Processed 1035430 reads in 140.179 CPU sec, 13.951 real sec
[M::process] read 1035420 sequences (100000008 bp)...
[M::mem_process_seqs] Processed 1035562 reads in 140.293 CPU sec, 13.962 real sec
[M::process] read 1035356 sequences (100000181 bp)...
[M::mem_process_seqs] Processed 1035420 reads in 139.933 CPU sec, 13.933 real sec
[M::process] read 1035512 sequences (100000027 bp)...
[M::mem_process_seqs] Processed 1035356 reads in 140.688 CPU sec, 14.005 real sec
[M::process] read 1035420 sequences (100000039 bp)...
[M::mem_process_seqs] Processed 1035512 reads in 139.714 CPU sec, 13.901 real sec
[M::process] read 1035536 sequences (100000140 bp)...
[M::mem_process_seqs] Processed 1035420 reads in 140.041 CPU sec, 13.940 real sec
[M::process] read 1035220 sequences (100000074 bp)...
[M::mem_process_seqs] Processed 1035536 reads in 139.825 CPU sec, 13.911 real sec
[M::process] read 1035402 sequences (100000060 bp)...
[M::mem_process_seqs] Processed 1035220 reads in 140.748 CPU sec, 14.023 real sec
[M::process] read 1035732 sequences (100000018 bp)...
[M::mem_process_seqs] Processed 1035402 reads in 140.230 CPU sec, 13.960 real sec
[M::process] read 1035452 sequences (100000043 bp)...
[M::mem_process_seqs] Processed 1035732 reads in 139.808 CPU sec, 13.914 real sec
[M::process] read 1035462 sequences (100000092 bp)...
[M::mem_process_seqs] Processed 1035452 reads in 139.998 CPU sec, 13.931 real sec
[M::process] read 1035380 sequences (100000008 bp)...
[M::mem_process_seqs] Processed 1035462 reads in 139.917 CPU sec, 13.925 real sec
[M::process] read 1035196 sequences (100000055 bp)...
[M::mem_process_seqs] Processed 1035380 reads in 141.216 CPU sec, 14.058 real sec
[M::process] read 1035616 sequences (100000128 bp)...
[M::mem_process_seqs] Processed 1035196 reads in 139.791 CPU sec, 13.905 real sec
[M::process] read 1035492 sequences (100000012 bp)...
[M::mem_process_seqs] Processed 1035616 reads in 139.584 CPU sec, 13.887 real sec
[M::process] read 1035278 sequences (100000139 bp)...
[M::mem_process_seqs] Processed 1035492 reads in 139.960 CPU sec, 13.928 real sec
[M::process] read 1035630 sequences (100000000 bp)...
[M::mem_process_seqs] Processed 1035278 reads in 140.327 CPU sec, 13.971 real sec
[M::process] read 1035486 sequences (100000133 bp)...
[M::mem_process_seqs] Processed 1035630 reads in 140.387 CPU sec, 13.971 real sec
[M::process] read 1035604 sequences (100000145 bp)...
[M::mem_process_seqs] Processed 1035486 reads in 139.939 CPU sec, 13.923 real sec
[M::process] read 938271 sequences (90593879 bp)...
[M::mem_process_seqs] Processed 1035604 reads in 139.437 CPU sec, 13.874 real sec
[M::mem_process_seqs] Processed 938271 reads in 125.582 CPU sec, 12.551 real sec
[main] Version: 0.7.17-r1188
[main] CMD: bwa mem -t 10 /home/rosalind/Documents/Ref_GRCh38/GRCh38_latest_genomic.fna /home/rosalind/Documents/Ref_GRCh38/SRR3404924.1.fastq_trim.fastq
[main] Real time: 732.974 sec; CPU: 7248.643 sec
Thu Jun 17 04:04:05 EDT 2021
