Linux ws3-Precision-3640-Tower 5.4.0-74-generic #83-Ubuntu SMP Sat May 8 02:35:39 UTC 2021 x86_64 x86_64 x86_64 GNU/Linux
              total        used        free      shared  buff/cache   available
Mem:           31Gi       1.5Gi        15Gi        17Mi        13Gi        29Gi
Swap:          63Gi       2.0Mi        63Gi
Architecture:                    x86_64
CPU op-mode(s):                  32-bit, 64-bit
Byte Order:                      Little Endian
Address sizes:                   39 bits physical, 48 bits virtual
CPU(s):                          12
On-line CPU(s) list:             0-11
Thread(s) per core:              2
Core(s) per socket:              6
Socket(s):                       1
NUMA node(s):                    1
Vendor ID:                       GenuineIntel
CPU family:                      6
Model:                           165
Model name:                      Intel(R) Xeon(R) W-1250 CPU @ 3.30GHz
Stepping:                        3
CPU MHz:                         800.192
CPU max MHz:                     4700.0000
CPU min MHz:                     800.0000
BogoMIPS:                        6599.98
Virtualization:                  VT-x
L1d cache:                       192 KiB
L1i cache:                       192 KiB
L2 cache:                        1.5 MiB
L3 cache:                        12 MiB
NUMA node0 CPU(s):               0-11
Vulnerability Itlb multihit:     KVM: Mitigation: Split huge pages
Vulnerability L1tf:              Not affected
Vulnerability Mds:               Not affected
Vulnerability Meltdown:          Not affected
Vulnerability Spec store bypass: Mitigation; Speculative Store Bypass disabled via prctl and seccomp
Vulnerability Spectre v1:        Mitigation; usercopy/swapgs barriers and __user pointer sanitization
Vulnerability Spectre v2:        Mitigation; Enhanced IBRS, IBPB conditional, RSB filling
Vulnerability Srbds:             Not affected
Vulnerability Tsx async abort:   Not affected
Flags:                           fpu vme de pse tsc msr pae mce cx8 apic sep mtrr pge mca cmov pat pse36 clflush dts acpi mmx fxsr sse sse2 ss ht tm pbe syscall nx pdpe1gb rdtscp lm constant_tsc art arch_perfmon pebs bts rep_good nopl xtopology nonstop_tsc cpuid aperfmperf pni pclmulqdq dtes64 monitor ds_cpl vmx smx est tm2 ssse3 sdbg fma cx16 xtpr pdcm pcid sse4_1 sse4_2 x2apic movbe popcnt tsc_deadline_timer aes xsave avx f16c rdrand lahf_lm abm 3dnowprefetch cpuid_fault epb invpcid_single ssbd ibrs ibpb stibp ibrs_enhanced tpr_shadow vnmi flexpriority ept vpid ept_ad fsgsbase tsc_adjust bmi1 avx2 smep bmi2 erms invpcid mpx rdseed adx smap clflushopt intel_pt xsaveopt xsavec xgetbv1 xsaves dtherm ida arat pln pts hwp hwp_notify hwp_act_window hwp_epp md_clear flush_l1d arch_capabilities
Thursday 17 June 2021 12:58:41 PM IST
[M::bwa_idx_load_from_disk] read 0 ALT contigs
[M::process] read 103530 sequences (10000206 bp)...
[M::process] read 103516 sequences (10000082 bp)...
[M::mem_process_seqs] Processed 103530 reads in 9.901 CPU sec, 9.858 real sec
[M::process] read 103462 sequences (10000091 bp)...
[M::mem_process_seqs] Processed 103516 reads in 9.785 CPU sec, 9.705 real sec
[M::process] read 103482 sequences (10000008 bp)...
[M::mem_process_seqs] Processed 103462 reads in 9.815 CPU sec, 9.735 real sec
[M::process] read 103524 sequences (10000209 bp)...
[M::mem_process_seqs] Processed 103482 reads in 9.763 CPU sec, 9.679 real sec
[M::process] read 103450 sequences (10000054 bp)...
[M::mem_process_seqs] Processed 103524 reads in 9.742 CPU sec, 9.660 real sec
[M::process] read 103552 sequences (10000099 bp)...
[M::mem_process_seqs] Processed 103450 reads in 9.768 CPU sec, 9.682 real sec
[M::process] read 103520 sequences (10000073 bp)...
[M::mem_process_seqs] Processed 103552 reads in 9.771 CPU sec, 9.691 real sec
[M::process] read 103614 sequences (10000059 bp)...
[M::mem_process_seqs] Processed 103520 reads in 9.813 CPU sec, 9.733 real sec
[M::process] read 103418 sequences (10000031 bp)...
[M::mem_process_seqs] Processed 103614 reads in 9.732 CPU sec, 9.649 real sec
[M::process] read 103592 sequences (10000020 bp)...
[M::mem_process_seqs] Processed 103418 reads in 9.822 CPU sec, 9.741 real sec
[M::process] read 103584 sequences (10000112 bp)...
[M::mem_process_seqs] Processed 103592 reads in 9.793 CPU sec, 9.714 real sec
[M::process] read 103580 sequences (10000168 bp)...
[M::mem_process_seqs] Processed 103584 reads in 9.733 CPU sec, 9.648 real sec
[M::process] read 103642 sequences (10000010 bp)...
[M::mem_process_seqs] Processed 103580 reads in 9.718 CPU sec, 9.639 real sec
[M::process] read 103514 sequences (10000023 bp)...
[M::mem_process_seqs] Processed 103642 reads in 9.766 CPU sec, 9.684 real sec
[M::process] read 103596 sequences (10000070 bp)...
[M::mem_process_seqs] Processed 103514 reads in 9.808 CPU sec, 9.729 real sec
[M::process] read 103476 sequences (10000029 bp)...
[M::mem_process_seqs] Processed 103596 reads in 9.781 CPU sec, 9.697 real sec
[M::process] read 103494 sequences (10000114 bp)...
[M::mem_process_seqs] Processed 103476 reads in 9.780 CPU sec, 9.697 real sec
[M::process] read 103508 sequences (10000032 bp)...
[M::mem_process_seqs] Processed 103494 reads in 9.765 CPU sec, 9.686 real sec
[M::process] read 103530 sequences (10000028 bp)...
[M::mem_process_seqs] Processed 103508 reads in 9.784 CPU sec, 9.702 real sec
[M::process] read 103556 sequences (10000165 bp)...
[M::mem_process_seqs] Processed 103530 reads in 9.772 CPU sec, 9.690 real sec
[M::process] read 103618 sequences (10000107 bp)...
[M::mem_process_seqs] Processed 103556 reads in 9.803 CPU sec, 9.721 real sec
[M::process] read 103532 sequences (10000120 bp)...
[M::mem_process_seqs] Processed 103618 reads in 9.786 CPU sec, 9.707 real sec
[M::process] read 103626 sequences (10000124 bp)...
[M::mem_process_seqs] Processed 103532 reads in 9.798 CPU sec, 9.716 real sec
[M::process] read 103554 sequences (10000120 bp)...
[M::mem_process_seqs] Processed 103626 reads in 9.828 CPU sec, 9.749 real sec
[M::process] read 103548 sequences (10000112 bp)...
[M::mem_process_seqs] Processed 103554 reads in 9.808 CPU sec, 9.724 real sec
[M::process] read 103520 sequences (10000169 bp)...
[M::mem_process_seqs] Processed 103548 reads in 9.858 CPU sec, 9.773 real sec
[M::process] read 103530 sequences (10000054 bp)...
[M::mem_process_seqs] Processed 103520 reads in 9.817 CPU sec, 9.736 real sec
[M::process] read 103574 sequences (10000063 bp)...
[M::mem_process_seqs] Processed 103530 reads in 9.822 CPU sec, 9.741 real sec
[M::process] read 103566 sequences (10000109 bp)...
[M::mem_process_seqs] Processed 103574 reads in 9.776 CPU sec, 9.694 real sec
[M::process] read 103444 sequences (10000171 bp)...
[M::mem_process_seqs] Processed 103566 reads in 9.768 CPU sec, 9.685 real sec
[M::process] read 103522 sequences (10000146 bp)...
[M::mem_process_seqs] Processed 103444 reads in 9.910 CPU sec, 9.838 real sec
[M::process] read 103600 sequences (10000112 bp)...
[M::mem_process_seqs] Processed 103522 reads in 9.918 CPU sec, 9.835 real sec
[M::process] read 103502 sequences (10000063 bp)...
[M::mem_process_seqs] Processed 103600 reads in 9.785 CPU sec, 9.705 real sec
[M::process] read 103570 sequences (10000046 bp)...
[M::mem_process_seqs] Processed 103502 reads in 9.857 CPU sec, 9.777 real sec
[M::process] read 103502 sequences (10000195 bp)...
[M::mem_process_seqs] Processed 103570 reads in 9.887 CPU sec, 9.802 real sec
[M::process] read 103524 sequences (10000023 bp)...
[M::mem_process_seqs] Processed 103502 reads in 9.895 CPU sec, 9.813 real sec
[M::process] read 103538 sequences (10000166 bp)...
[M::mem_process_seqs] Processed 103524 reads in 9.863 CPU sec, 9.784 real sec
[M::process] read 103556 sequences (10000111 bp)...
[M::mem_process_seqs] Processed 103538 reads in 9.879 CPU sec, 9.781 real sec
[M::process] read 103488 sequences (10000167 bp)...
[M::mem_process_seqs] Processed 103556 reads in 9.805 CPU sec, 9.722 real sec
[M::process] read 103544 sequences (10000174 bp)...
[M::mem_process_seqs] Processed 103488 reads in 9.833 CPU sec, 9.754 real sec
[M::process] read 103692 sequences (10000043 bp)...
[M::mem_process_seqs] Processed 103544 reads in 9.861 CPU sec, 9.778 real sec
[M::process] read 103538 sequences (10000174 bp)...
[M::mem_process_seqs] Processed 103692 reads in 9.866 CPU sec, 9.784 real sec
[M::process] read 103558 sequences (10000206 bp)...
[M::mem_process_seqs] Processed 103538 reads in 9.834 CPU sec, 9.751 real sec
[M::process] read 103554 sequences (10000064 bp)...
[M::mem_process_seqs] Processed 103558 reads in 9.843 CPU sec, 9.762 real sec
[M::process] read 103564 sequences (10000012 bp)...
[M::mem_process_seqs] Processed 103554 reads in 9.765 CPU sec, 9.684 real sec
[M::process] read 103582 sequences (10000090 bp)...
[M::mem_process_seqs] Processed 103564 reads in 9.914 CPU sec, 9.834 real sec
[M::process] read 103560 sequences (10000049 bp)...
[M::mem_process_seqs] Processed 103582 reads in 9.856 CPU sec, 9.776 real sec
[M::process] read 103486 sequences (10000091 bp)...
[M::mem_process_seqs] Processed 103560 reads in 9.869 CPU sec, 9.784 real sec
[M::process] read 103586 sequences (10000054 bp)...
[M::mem_process_seqs] Processed 103486 reads in 10.448 CPU sec, 10.367 real sec
[M::process] read 103522 sequences (10000171 bp)...
[M::mem_process_seqs] Processed 103586 reads in 10.776 CPU sec, 10.688 real sec
[M::process] read 103642 sequences (10000014 bp)...
[M::mem_process_seqs] Processed 103522 reads in 10.671 CPU sec, 10.586 real sec
[M::process] read 103504 sequences (10000073 bp)...
[M::mem_process_seqs] Processed 103642 reads in 10.969 CPU sec, 10.888 real sec
[M::process] read 103528 sequences (10000160 bp)...
[M::mem_process_seqs] Processed 103504 reads in 10.835 CPU sec, 10.760 real sec
[M::process] read 103604 sequences (10000087 bp)...
[M::mem_process_seqs] Processed 103528 reads in 10.802 CPU sec, 10.721 real sec
[M::process] read 103512 sequences (10000023 bp)...
[M::mem_process_seqs] Processed 103604 reads in 10.827 CPU sec, 10.750 real sec
[M::process] read 103474 sequences (10000111 bp)...
[M::mem_process_seqs] Processed 103512 reads in 10.707 CPU sec, 10.629 real sec
[M::process] read 103538 sequences (10000151 bp)...
[M::mem_process_seqs] Processed 103474 reads in 10.703 CPU sec, 10.625 real sec
[M::process] read 103570 sequences (10000148 bp)...
[M::mem_process_seqs] Processed 103538 reads in 10.586 CPU sec, 10.505 real sec
[M::process] read 103462 sequences (10000181 bp)...
[M::mem_process_seqs] Processed 103570 reads in 10.747 CPU sec, 10.666 real sec
[M::process] read 103526 sequences (10000008 bp)...
[M::mem_process_seqs] Processed 103462 reads in 10.902 CPU sec, 10.819 real sec
[M::process] read 103530 sequences (10000164 bp)...
[M::mem_process_seqs] Processed 103526 reads in 10.345 CPU sec, 10.264 real sec
[M::process] read 103654 sequences (10000122 bp)...
[M::mem_process_seqs] Processed 103530 reads in 10.141 CPU sec, 10.062 real sec
[M::process] read 103552 sequences (10000081 bp)...
[M::mem_process_seqs] Processed 103654 reads in 10.656 CPU sec, 10.578 real sec
[M::process] read 103508 sequences (10000059 bp)...
[M::mem_process_seqs] Processed 103552 reads in 10.592 CPU sec, 10.508 real sec
[M::process] read 103590 sequences (10000094 bp)...
[M::mem_process_seqs] Processed 103508 reads in 10.056 CPU sec, 9.978 real sec
[M::process] read 103552 sequences (10000107 bp)...
[M::mem_process_seqs] Processed 103590 reads in 9.789 CPU sec, 9.713 real sec
[M::process] read 103602 sequences (10000101 bp)...
[M::mem_process_seqs] Processed 103552 reads in 9.996 CPU sec, 9.877 real sec
[M::process] read 103538 sequences (10000138 bp)...
[M::mem_process_seqs] Processed 103602 reads in 10.683 CPU sec, 10.603 real sec
[M::process] read 103540 sequences (10000104 bp)...
[M::mem_process_seqs] Processed 103538 reads in 9.953 CPU sec, 9.872 real sec
[M::process] read 103556 sequences (10000144 bp)...
[M::mem_process_seqs] Processed 103540 reads in 10.403 CPU sec, 10.324 real sec
[M::process] read 103538 sequences (10000146 bp)...
[M::mem_process_seqs] Processed 103556 reads in 10.520 CPU sec, 10.445 real sec
[M::process] read 103562 sequences (10000017 bp)...
[M::mem_process_seqs] Processed 103538 reads in 11.091 CPU sec, 11.008 real sec
[M::process] read 103620 sequences (10000074 bp)...
[M::mem_process_seqs] Processed 103562 reads in 9.884 CPU sec, 9.800 real sec
[M::process] read 103592 sequences (10000120 bp)...
[M::mem_process_seqs] Processed 103620 reads in 10.262 CPU sec, 10.181 real sec
[M::process] read 103550 sequences (10000200 bp)...
[M::mem_process_seqs] Processed 103592 reads in 10.682 CPU sec, 10.599 real sec
[M::process] read 103566 sequences (10000106 bp)...
[M::mem_process_seqs] Processed 103550 reads in 10.629 CPU sec, 10.543 real sec
[M::process] read 103568 sequences (10000155 bp)...
[M::mem_process_seqs] Processed 103566 reads in 9.978 CPU sec, 9.893 real sec
[M::process] read 103498 sequences (10000080 bp)...
[M::mem_process_seqs] Processed 103568 reads in 9.805 CPU sec, 9.723 real sec
[M::process] read 103566 sequences (10000160 bp)...
[M::mem_process_seqs] Processed 103498 reads in 9.738 CPU sec, 9.658 real sec
[M::process] read 103542 sequences (10000086 bp)...
[M::mem_process_seqs] Processed 103566 reads in 9.978 CPU sec, 9.900 real sec
[M::process] read 103478 sequences (10000132 bp)...
[M::mem_process_seqs] Processed 103542 reads in 9.739 CPU sec, 9.658 real sec
[M::process] read 103474 sequences (10000133 bp)...
[M::mem_process_seqs] Processed 103478 reads in 9.745 CPU sec, 9.669 real sec
[M::process] read 103518 sequences (10000051 bp)...
[M::mem_process_seqs] Processed 103474 reads in 9.706 CPU sec, 9.626 real sec
[M::process] read 103486 sequences (10000121 bp)...
[M::mem_process_seqs] Processed 103518 reads in 9.724 CPU sec, 9.645 real sec
[M::process] read 103492 sequences (10000016 bp)...
[M::mem_process_seqs] Processed 103486 reads in 9.784 CPU sec, 9.701 real sec
[M::process] read 103550 sequences (10000113 bp)...
[M::mem_process_seqs] Processed 103492 reads in 9.793 CPU sec, 9.712 real sec
[M::process] read 103626 sequences (10000076 bp)...
[M::mem_process_seqs] Processed 103550 reads in 9.836 CPU sec, 9.707 real sec
[M::process] read 103564 sequences (10000087 bp)...
[M::mem_process_seqs] Processed 103626 reads in 9.758 CPU sec, 9.677 real sec
[M::process] read 103554 sequences (10000185 bp)...
[M::mem_process_seqs] Processed 103564 reads in 9.801 CPU sec, 9.716 real sec
[M::process] read 103488 sequences (10000129 bp)...
[M::mem_process_seqs] Processed 103554 reads in 9.817 CPU sec, 9.736 real sec
[M::process] read 103542 sequences (10000063 bp)...
[M::mem_process_seqs] Processed 103488 reads in 9.763 CPU sec, 9.680 real sec
[M::process] read 103722 sequences (10000052 bp)...
[M::mem_process_seqs] Processed 103542 reads in 9.764 CPU sec, 9.682 real sec
[M::process] read 103624 sequences (10000159 bp)...
[M::mem_process_seqs] Processed 103722 reads in 9.856 CPU sec, 9.770 real sec
[M::process] read 103562 sequences (10000078 bp)...
[M::mem_process_seqs] Processed 103624 reads in 9.850 CPU sec, 9.768 real sec
[M::process] read 103526 sequences (10000094 bp)...
[M::mem_process_seqs] Processed 103562 reads in 9.767 CPU sec, 9.683 real sec
[M::process] read 103490 sequences (10000079 bp)...
[M::mem_process_seqs] Processed 103526 reads in 9.797 CPU sec, 9.716 real sec
[M::process] read 103602 sequences (10000054 bp)...
[M::mem_process_seqs] Processed 103490 reads in 9.784 CPU sec, 9.699 real sec
[M::process] read 103594 sequences (10000116 bp)...
[M::mem_process_seqs] Processed 103602 reads in 9.779 CPU sec, 9.698 real sec
[M::process] read 103594 sequences (10000171 bp)...
[M::mem_process_seqs] Processed 103594 reads in 9.760 CPU sec, 9.675 real sec
[M::process] read 103626 sequences (10000012 bp)...
[M::mem_process_seqs] Processed 103594 reads in 9.738 CPU sec, 9.659 real sec
[M::process] read 103632 sequences (10000049 bp)...
[M::mem_process_seqs] Processed 103626 reads in 9.785 CPU sec, 9.701 real sec
[M::process] read 103516 sequences (10000115 bp)...
[M::mem_process_seqs] Processed 103632 reads in 9.779 CPU sec, 9.699 real sec
[M::process] read 103580 sequences (10000037 bp)...
[M::mem_process_seqs] Processed 103516 reads in 9.775 CPU sec, 9.691 real sec
[M::process] read 103542 sequences (10000146 bp)...
[M::mem_process_seqs] Processed 103580 reads in 9.783 CPU sec, 9.704 real sec
[M::process] read 103616 sequences (10000174 bp)...
[M::mem_process_seqs] Processed 103542 reads in 9.799 CPU sec, 9.714 real sec
[M::process] read 103488 sequences (10000020 bp)...
[M::mem_process_seqs] Processed 103616 reads in 9.777 CPU sec, 9.694 real sec
[M::process] read 103452 sequences (10000041 bp)...
[M::mem_process_seqs] Processed 103488 reads in 9.757 CPU sec, 9.674 real sec
[M::process] read 103514 sequences (10000117 bp)...
[M::mem_process_seqs] Processed 103452 reads in 9.761 CPU sec, 9.681 real sec
[M::process] read 103522 sequences (10000110 bp)...
[M::mem_process_seqs] Processed 103514 reads in 9.766 CPU sec, 9.683 real sec
[M::process] read 103576 sequences (10000051 bp)...
[M::mem_process_seqs] Processed 103522 reads in 9.759 CPU sec, 9.680 real sec
[M::process] read 103450 sequences (10000029 bp)...
[M::mem_process_seqs] Processed 103576 reads in 9.763 CPU sec, 9.683 real sec
[M::process] read 103570 sequences (10000164 bp)...
[M::mem_process_seqs] Processed 103450 reads in 9.752 CPU sec, 9.671 real sec
[M::process] read 103558 sequences (10000067 bp)...
[M::mem_process_seqs] Processed 103570 reads in 9.743 CPU sec, 9.661 real sec
[M::process] read 103484 sequences (10000195 bp)...
[M::mem_process_seqs] Processed 103558 reads in 9.756 CPU sec, 9.675 real sec
[M::process] read 103512 sequences (10000139 bp)...
[M::mem_process_seqs] Processed 103484 reads in 9.772 CPU sec, 9.688 real sec
[M::process] read 103582 sequences (10000111 bp)...
[M::mem_process_seqs] Processed 103512 reads in 9.670 CPU sec, 9.594 real sec
[M::process] read 103542 sequences (10000107 bp)...
[M::mem_process_seqs] Processed 103582 reads in 9.732 CPU sec, 9.649 real sec
[M::process] read 103562 sequences (10000052 bp)...
[M::mem_process_seqs] Processed 103542 reads in 9.762 CPU sec, 9.682 real sec
[M::process] read 103558 sequences (10000147 bp)...
[M::mem_process_seqs] Processed 103562 reads in 9.775 CPU sec, 9.691 real sec
[M::process] read 103564 sequences (10000163 bp)...
[M::mem_process_seqs] Processed 103558 reads in 9.751 CPU sec, 9.672 real sec
[M::process] read 103630 sequences (10000128 bp)...
[M::mem_process_seqs] Processed 103564 reads in 9.750 CPU sec, 9.669 real sec
[M::process] read 103574 sequences (10000092 bp)...
[M::mem_process_seqs] Processed 103630 reads in 9.750 CPU sec, 9.670 real sec
[M::process] read 103568 sequences (10000063 bp)...
[M::mem_process_seqs] Processed 103574 reads in 9.756 CPU sec, 9.672 real sec
[M::process] read 103514 sequences (10000116 bp)...
[M::mem_process_seqs] Processed 103568 reads in 9.734 CPU sec, 9.655 real sec
[M::process] read 103484 sequences (10000194 bp)...
[M::mem_process_seqs] Processed 103514 reads in 9.804 CPU sec, 9.721 real sec
[M::process] read 103566 sequences (10000054 bp)...
[M::mem_process_seqs] Processed 103484 reads in 9.707 CPU sec, 9.628 real sec
[M::process] read 103452 sequences (10000120 bp)...
[M::mem_process_seqs] Processed 103566 reads in 9.743 CPU sec, 9.660 real sec
[M::process] read 103656 sequences (10000074 bp)...
[M::mem_process_seqs] Processed 103452 reads in 9.900 CPU sec, 9.820 real sec
[M::process] read 103608 sequences (10000172 bp)...
[M::mem_process_seqs] Processed 103656 reads in 9.925 CPU sec, 9.843 real sec
[M::process] read 103518 sequences (10000089 bp)...
[M::mem_process_seqs] Processed 103608 reads in 10.306 CPU sec, 10.228 real sec
[M::process] read 103672 sequences (10000167 bp)...
[M::mem_process_seqs] Processed 103518 reads in 9.757 CPU sec, 9.676 real sec
[M::process] read 103530 sequences (10000180 bp)...
[M::mem_process_seqs] Processed 103672 reads in 9.772 CPU sec, 9.692 real sec
[M::process] read 103528 sequences (10000013 bp)...
[M::mem_process_seqs] Processed 103530 reads in 9.801 CPU sec, 9.716 real sec
[M::process] read 103482 sequences (10000090 bp)...
[M::mem_process_seqs] Processed 103528 reads in 9.739 CPU sec, 9.658 real sec
[M::process] read 103476 sequences (10000020 bp)...
[M::mem_process_seqs] Processed 103482 reads in 9.767 CPU sec, 9.681 real sec
[M::process] read 103516 sequences (10000221 bp)...
[M::mem_process_seqs] Processed 103476 reads in 9.712 CPU sec, 9.630 real sec
[M::process] read 103516 sequences (10000129 bp)...
[M::mem_process_seqs] Processed 103516 reads in 9.811 CPU sec, 9.726 real sec
[M::process] read 103494 sequences (10000133 bp)...
[M::mem_process_seqs] Processed 103516 reads in 9.678 CPU sec, 9.595 real sec
[M::process] read 103548 sequences (10000140 bp)...
[M::mem_process_seqs] Processed 103494 reads in 9.983 CPU sec, 9.901 real sec
[M::process] read 103558 sequences (10000189 bp)...
[M::mem_process_seqs] Processed 103548 reads in 9.749 CPU sec, 9.665 real sec
[M::process] read 103608 sequences (10000128 bp)...
[M::mem_process_seqs] Processed 103558 reads in 9.751 CPU sec, 9.670 real sec
[M::process] read 103580 sequences (10000151 bp)...
[M::mem_process_seqs] Processed 103608 reads in 9.730 CPU sec, 9.647 real sec
[M::process] read 103572 sequences (10000099 bp)...
[M::mem_process_seqs] Processed 103580 reads in 9.761 CPU sec, 9.679 real sec
[M::process] read 103560 sequences (10000102 bp)...
[M::mem_process_seqs] Processed 103572 reads in 9.772 CPU sec, 9.689 real sec
[M::process] read 103538 sequences (10000087 bp)...
[M::mem_process_seqs] Processed 103560 reads in 9.767 CPU sec, 9.685 real sec
[M::process] read 103490 sequences (10000062 bp)...
[M::mem_process_seqs] Processed 103538 reads in 9.744 CPU sec, 9.660 real sec
[M::process] read 103658 sequences (10000019 bp)...
[M::mem_process_seqs] Processed 103490 reads in 9.750 CPU sec, 9.667 real sec
[M::process] read 103512 sequences (10000082 bp)...
[M::mem_process_seqs] Processed 103658 reads in 9.753 CPU sec, 9.669 real sec
[M::process] read 103480 sequences (10000000 bp)...
[M::mem_process_seqs] Processed 103512 reads in 9.745 CPU sec, 9.663 real sec
[M::process] read 103476 sequences (10000137 bp)...
[M::mem_process_seqs] Processed 103480 reads in 9.751 CPU sec, 9.667 real sec
[M::process] read 103510 sequences (10000147 bp)...
[M::mem_process_seqs] Processed 103476 reads in 9.769 CPU sec, 9.687 real sec
[M::process] read 103574 sequences (10000156 bp)...
[M::mem_process_seqs] Processed 103510 reads in 9.798 CPU sec, 9.714 real sec
[M::process] read 103638 sequences (10000016 bp)...
[M::mem_process_seqs] Processed 103574 reads in 9.777 CPU sec, 9.692 real sec
[M::process] read 103544 sequences (10000069 bp)...
[M::mem_process_seqs] Processed 103638 reads in 9.760 CPU sec, 9.676 real sec
[M::process] read 103518 sequences (10000005 bp)...
[M::mem_process_seqs] Processed 103544 reads in 9.792 CPU sec, 9.711 real sec
[M::process] read 103572 sequences (10000029 bp)...
[M::mem_process_seqs] Processed 103518 reads in 9.742 CPU sec, 9.658 real sec
[M::process] read 103612 sequences (10000172 bp)...
[M::mem_process_seqs] Processed 103572 reads in 9.748 CPU sec, 9.667 real sec
[M::process] read 103536 sequences (10000024 bp)...
[M::mem_process_seqs] Processed 103612 reads in 9.763 CPU sec, 9.682 real sec
[M::process] read 103498 sequences (10000136 bp)...
[M::mem_process_seqs] Processed 103536 reads in 9.735 CPU sec, 9.654 real sec
[M::process] read 103534 sequences (10000110 bp)...
[M::mem_process_seqs] Processed 103498 reads in 9.702 CPU sec, 9.618 real sec
[M::process] read 103542 sequences (10000083 bp)...
[M::mem_process_seqs] Processed 103534 reads in 9.797 CPU sec, 9.715 real sec
[M::process] read 103562 sequences (10000005 bp)...
[M::mem_process_seqs] Processed 103542 reads in 9.888 CPU sec, 9.804 real sec
[M::process] read 103546 sequences (10000059 bp)...
[M::mem_process_seqs] Processed 103562 reads in 9.823 CPU sec, 9.742 real sec
[M::process] read 103522 sequences (10000144 bp)...
[M::mem_process_seqs] Processed 103546 reads in 9.967 CPU sec, 9.884 real sec
[M::process] read 103546 sequences (10000012 bp)...
[M::mem_process_seqs] Processed 103522 reads in 9.747 CPU sec, 9.667 real sec
[M::process] read 103544 sequences (10000200 bp)...
[M::mem_process_seqs] Processed 103546 reads in 9.745 CPU sec, 9.662 real sec
[M::process] read 103546 sequences (10000045 bp)...
[M::mem_process_seqs] Processed 103544 reads in 9.815 CPU sec, 9.731 real sec
[M::process] read 103640 sequences (10000200 bp)...
[M::mem_process_seqs] Processed 103546 reads in 9.845 CPU sec, 9.761 real sec
[M::process] read 103586 sequences (10000016 bp)...
[M::mem_process_seqs] Processed 103640 reads in 9.813 CPU sec, 9.730 real sec
[M::process] read 103544 sequences (10000074 bp)...
[M::mem_process_seqs] Processed 103586 reads in 9.807 CPU sec, 9.722 real sec
[M::process] read 103518 sequences (10000158 bp)...
[M::mem_process_seqs] Processed 103544 reads in 9.809 CPU sec, 9.727 real sec
[M::process] read 103628 sequences (10000034 bp)...
[M::mem_process_seqs] Processed 103518 reads in 10.064 CPU sec, 9.980 real sec
[M::process] read 103502 sequences (10000026 bp)...
[M::mem_process_seqs] Processed 103628 reads in 10.101 CPU sec, 10.024 real sec
[M::process] read 103610 sequences (10000120 bp)...
[M::mem_process_seqs] Processed 103502 reads in 9.778 CPU sec, 9.701 real sec
[M::process] read 103580 sequences (10000078 bp)...
[M::mem_process_seqs] Processed 103610 reads in 9.854 CPU sec, 9.772 real sec
[M::process] read 103638 sequences (10000122 bp)...
[M::mem_process_seqs] Processed 103580 reads in 9.938 CPU sec, 9.853 real sec
[M::process] read 103620 sequences (10000068 bp)...
[M::mem_process_seqs] Processed 103638 reads in 9.880 CPU sec, 9.797 real sec
[M::process] read 103494 sequences (10000146 bp)...
[M::mem_process_seqs] Processed 103620 reads in 10.022 CPU sec, 9.941 real sec
[M::process] read 103572 sequences (10000092 bp)...
[M::mem_process_seqs] Processed 103494 reads in 9.831 CPU sec, 9.749 real sec
[M::process] read 103568 sequences (10000024 bp)...
[M::mem_process_seqs] Processed 103572 reads in 9.884 CPU sec, 9.805 real sec
[M::process] read 103564 sequences (10000099 bp)...
[M::mem_process_seqs] Processed 103568 reads in 9.863 CPU sec, 9.779 real sec
[M::process] read 103582 sequences (10000066 bp)...
[M::mem_process_seqs] Processed 103564 reads in 9.831 CPU sec, 9.747 real sec
[M::process] read 103598 sequences (10000008 bp)...
[M::mem_process_seqs] Processed 103582 reads in 9.892 CPU sec, 9.811 real sec
[M::process] read 103542 sequences (10000112 bp)...
[M::mem_process_seqs] Processed 103598 reads in 9.814 CPU sec, 9.730 real sec
[M::process] read 103476 sequences (10000012 bp)...
[M::mem_process_seqs] Processed 103542 reads in 9.778 CPU sec, 9.695 real sec
[M::process] read 103484 sequences (10000014 bp)...
[M::mem_process_seqs] Processed 103476 reads in 9.817 CPU sec, 9.730 real sec
[M::process] read 103554 sequences (10000170 bp)...
[M::mem_process_seqs] Processed 103484 reads in 9.783 CPU sec, 9.702 real sec
[M::process] read 103602 sequences (10000108 bp)...
[M::mem_process_seqs] Processed 103554 reads in 9.801 CPU sec, 9.717 real sec
[M::process] read 103544 sequences (10000202 bp)...
[M::mem_process_seqs] Processed 103602 reads in 9.838 CPU sec, 9.756 real sec
[M::process] read 103448 sequences (10000202 bp)...
[M::mem_process_seqs] Processed 103544 reads in 9.828 CPU sec, 9.741 real sec
[M::process] read 103624 sequences (10000140 bp)...
[M::mem_process_seqs] Processed 103448 reads in 9.859 CPU sec, 9.776 real sec
[M::process] read 103568 sequences (10000117 bp)...
[M::mem_process_seqs] Processed 103624 reads in 9.861 CPU sec, 9.775 real sec
[M::process] read 103594 sequences (10000141 bp)...
[M::mem_process_seqs] Processed 103568 reads in 9.828 CPU sec, 9.748 real sec
[M::process] read 103546 sequences (10000151 bp)...
[M::mem_process_seqs] Processed 103594 reads in 9.742 CPU sec, 9.663 real sec
[M::process] read 103544 sequences (10000003 bp)...
[M::mem_process_seqs] Processed 103546 reads in 9.748 CPU sec, 9.665 real sec
[M::process] read 103672 sequences (10000173 bp)...
[M::mem_process_seqs] Processed 103544 reads in 9.813 CPU sec, 9.733 real sec
[M::process] read 103566 sequences (10000102 bp)...
[M::mem_process_seqs] Processed 103672 reads in 9.911 CPU sec, 9.823 real sec
[M::process] read 103506 sequences (10000033 bp)...
[M::mem_process_seqs] Processed 103566 reads in 9.967 CPU sec, 9.884 real sec
[M::process] read 103526 sequences (10000196 bp)...
[M::mem_process_seqs] Processed 103506 reads in 9.817 CPU sec, 9.739 real sec
[M::process] read 103560 sequences (10000128 bp)...
[M::mem_process_seqs] Processed 103526 reads in 9.804 CPU sec, 9.721 real sec
[M::process] read 103540 sequences (10000186 bp)...
[M::mem_process_seqs] Processed 103560 reads in 10.132 CPU sec, 10.055 real sec
[M::process] read 103648 sequences (10000167 bp)...
[M::mem_process_seqs] Processed 103540 reads in 9.913 CPU sec, 9.831 real sec
[M::process] read 103570 sequences (10000148 bp)...
[M::mem_process_seqs] Processed 103648 reads in 9.919 CPU sec, 9.836 real sec
[M::process] read 103446 sequences (10000070 bp)...
[M::mem_process_seqs] Processed 103570 reads in 10.100 CPU sec, 10.011 real sec
[M::process] read 103566 sequences (10000133 bp)...
[M::mem_process_seqs] Processed 103446 reads in 9.982 CPU sec, 9.896 real sec
[M::process] read 103522 sequences (10000177 bp)...
[M::mem_process_seqs] Processed 103566 reads in 9.939 CPU sec, 9.855 real sec
[M::process] read 103552 sequences (10000111 bp)...
[M::mem_process_seqs] Processed 103522 reads in 10.119 CPU sec, 10.033 real sec
[M::process] read 103492 sequences (10000082 bp)...
[M::mem_process_seqs] Processed 103552 reads in 10.000 CPU sec, 9.913 real sec
[M::process] read 103522 sequences (10000019 bp)...
[M::mem_process_seqs] Processed 103492 reads in 10.010 CPU sec, 9.930 real sec
[M::process] read 103462 sequences (10000185 bp)...
[M::mem_process_seqs] Processed 103522 reads in 10.011 CPU sec, 9.930 real sec
[M::process] read 103512 sequences (10000037 bp)...
[M::mem_process_seqs] Processed 103462 reads in 10.013 CPU sec, 9.929 real sec
[M::process] read 103524 sequences (10000157 bp)...
[M::mem_process_seqs] Processed 103512 reads in 9.822 CPU sec, 9.719 real sec
[M::process] read 103538 sequences (10000073 bp)...
[M::mem_process_seqs] Processed 103524 reads in 9.718 CPU sec, 9.635 real sec
[M::process] read 103562 sequences (10000175 bp)...
[M::mem_process_seqs] Processed 103538 reads in 9.790 CPU sec, 9.706 real sec
[M::process] read 103578 sequences (10000028 bp)...
[M::mem_process_seqs] Processed 103562 reads in 9.755 CPU sec, 9.672 real sec
[M::process] read 103550 sequences (10000107 bp)...
[M::mem_process_seqs] Processed 103578 reads in 9.775 CPU sec, 9.691 real sec
[M::process] read 103580 sequences (10000020 bp)...
[M::mem_process_seqs] Processed 103550 reads in 9.718 CPU sec, 9.635 real sec
[M::process] read 103530 sequences (10000114 bp)...
[M::mem_process_seqs] Processed 103580 reads in 9.734 CPU sec, 9.653 real sec
[M::process] read 103650 sequences (10000039 bp)...
[M::mem_process_seqs] Processed 103530 reads in 9.698 CPU sec, 9.618 real sec
[M::process] read 103574 sequences (10000164 bp)...
[M::mem_process_seqs] Processed 103650 reads in 9.736 CPU sec, 9.655 real sec
[M::process] read 103590 sequences (10000131 bp)...
[M::mem_process_seqs] Processed 103574 reads in 9.722 CPU sec, 9.640 real sec
[M::process] read 103614 sequences (10000067 bp)...
[M::mem_process_seqs] Processed 103590 reads in 9.742 CPU sec, 9.660 real sec
[M::process] read 103586 sequences (10000021 bp)...
[M::mem_process_seqs] Processed 103614 reads in 9.811 CPU sec, 9.731 real sec
[M::process] read 103554 sequences (10000051 bp)...
[M::mem_process_seqs] Processed 103586 reads in 9.812 CPU sec, 9.727 real sec
[M::process] read 103588 sequences (10000172 bp)...
[M::mem_process_seqs] Processed 103554 reads in 9.736 CPU sec, 9.653 real sec
[M::process] read 103598 sequences (10000019 bp)...
[M::mem_process_seqs] Processed 103588 reads in 9.761 CPU sec, 9.677 real sec
[M::process] read 103608 sequences (10000121 bp)...
[M::mem_process_seqs] Processed 103598 reads in 9.750 CPU sec, 9.667 real sec
[M::process] read 103570 sequences (10000136 bp)...
[M::mem_process_seqs] Processed 103608 reads in 9.856 CPU sec, 9.748 real sec
[M::process] read 103526 sequences (10000029 bp)...
[M::mem_process_seqs] Processed 103570 reads in 9.753 CPU sec, 9.673 real sec
[M::process] read 103522 sequences (10000133 bp)...
[M::mem_process_seqs] Processed 103526 reads in 9.749 CPU sec, 9.666 real sec
[M::process] read 103476 sequences (10000002 bp)...
[M::mem_process_seqs] Processed 103522 reads in 9.689 CPU sec, 9.611 real sec
[M::process] read 103590 sequences (10000160 bp)...
[M::mem_process_seqs] Processed 103476 reads in 9.758 CPU sec, 9.675 real sec
[M::process] read 103530 sequences (10000070 bp)...
[M::mem_process_seqs] Processed 103590 reads in 9.757 CPU sec, 9.679 real sec
[M::process] read 103484 sequences (10000084 bp)...
[M::mem_process_seqs] Processed 103530 reads in 9.811 CPU sec, 9.730 real sec
[M::process] read 103548 sequences (10000010 bp)...
[M::mem_process_seqs] Processed 103484 reads in 9.729 CPU sec, 9.650 real sec
[M::process] read 103442 sequences (10000098 bp)...
[M::mem_process_seqs] Processed 103548 reads in 9.735 CPU sec, 9.652 real sec
[M::process] read 103402 sequences (10000127 bp)...
[M::mem_process_seqs] Processed 103442 reads in 9.735 CPU sec, 9.653 real sec
[M::process] read 103572 sequences (10000051 bp)...
[M::mem_process_seqs] Processed 103402 reads in 9.697 CPU sec, 9.617 real sec
[M::process] read 103478 sequences (10000216 bp)...
[M::mem_process_seqs] Processed 103572 reads in 9.771 CPU sec, 9.687 real sec
[M::process] read 103500 sequences (10000047 bp)...
[M::mem_process_seqs] Processed 103478 reads in 9.743 CPU sec, 9.661 real sec
[M::process] read 103476 sequences (10000097 bp)...
[M::mem_process_seqs] Processed 103500 reads in 9.860 CPU sec, 9.780 real sec
[M::process] read 103548 sequences (10000130 bp)...
[M::mem_process_seqs] Processed 103476 reads in 9.766 CPU sec, 9.684 real sec
[M::process] read 103602 sequences (10000054 bp)...
[M::mem_process_seqs] Processed 103548 reads in 9.719 CPU sec, 9.639 real sec
[M::process] read 103472 sequences (10000102 bp)...
[M::mem_process_seqs] Processed 103602 reads in 9.794 CPU sec, 9.665 real sec
[M::process] read 103574 sequences (10000162 bp)...
[M::mem_process_seqs] Processed 103472 reads in 9.717 CPU sec, 9.633 real sec
[M::process] read 103624 sequences (10000105 bp)...
[M::mem_process_seqs] Processed 103574 reads in 9.863 CPU sec, 9.779 real sec
[M::process] read 103594 sequences (10000211 bp)...
[M::mem_process_seqs] Processed 103624 reads in 9.732 CPU sec, 9.647 real sec
[M::process] read 103640 sequences (10000148 bp)...
[M::mem_process_seqs] Processed 103594 reads in 9.860 CPU sec, 9.775 real sec
[M::process] read 103592 sequences (10000163 bp)...
[M::mem_process_seqs] Processed 103640 reads in 9.750 CPU sec, 9.668 real sec
[M::process] read 103440 sequences (10000168 bp)...
[M::mem_process_seqs] Processed 103592 reads in 9.726 CPU sec, 9.643 real sec
[M::process] read 103522 sequences (10000177 bp)...
[M::mem_process_seqs] Processed 103440 reads in 9.752 CPU sec, 9.671 real sec
[M::process] read 103482 sequences (10000011 bp)...
[M::mem_process_seqs] Processed 103522 reads in 9.709 CPU sec, 9.627 real sec
[M::process] read 103542 sequences (10000113 bp)...
[M::mem_process_seqs] Processed 103482 reads in 9.782 CPU sec, 9.697 real sec
[M::process] read 103528 sequences (10000021 bp)...
[M::mem_process_seqs] Processed 103542 reads in 9.806 CPU sec, 9.725 real sec
[M::process] read 103616 sequences (10000133 bp)...
[M::mem_process_seqs] Processed 103528 reads in 9.764 CPU sec, 9.682 real sec
[M::process] read 103584 sequences (10000189 bp)...
[M::mem_process_seqs] Processed 103616 reads in 9.784 CPU sec, 9.705 real sec
[M::process] read 103534 sequences (10000181 bp)...
[M::mem_process_seqs] Processed 103584 reads in 9.752 CPU sec, 9.673 real sec
[M::process] read 103628 sequences (10000001 bp)...
[M::mem_process_seqs] Processed 103534 reads in 9.729 CPU sec, 9.645 real sec
[M::process] read 103520 sequences (10000034 bp)...
[M::mem_process_seqs] Processed 103628 reads in 9.724 CPU sec, 9.644 real sec
[M::process] read 103574 sequences (10000157 bp)...
[M::mem_process_seqs] Processed 103520 reads in 9.796 CPU sec, 9.715 real sec
[M::process] read 103622 sequences (10000008 bp)...
[M::mem_process_seqs] Processed 103574 reads in 9.745 CPU sec, 9.665 real sec
[M::process] read 103542 sequences (10000131 bp)...
[M::mem_process_seqs] Processed 103622 reads in 9.748 CPU sec, 9.668 real sec
[M::process] read 103516 sequences (10000099 bp)...
[M::mem_process_seqs] Processed 103542 reads in 9.749 CPU sec, 9.668 real sec
[M::process] read 103524 sequences (10000077 bp)...
[M::mem_process_seqs] Processed 103516 reads in 9.718 CPU sec, 9.637 real sec
[M::process] read 103498 sequences (10000146 bp)...
[M::mem_process_seqs] Processed 103524 reads in 9.728 CPU sec, 9.648 real sec
[M::process] read 103582 sequences (10000046 bp)...
[M::mem_process_seqs] Processed 103498 reads in 9.777 CPU sec, 9.695 real sec
[M::process] read 103472 sequences (10000044 bp)...
[M::mem_process_seqs] Processed 103582 reads in 9.738 CPU sec, 9.656 real sec
[M::process] read 103534 sequences (10000107 bp)...
[M::mem_process_seqs] Processed 103472 reads in 9.803 CPU sec, 9.719 real sec
[M::process] read 103484 sequences (10000078 bp)...
[M::mem_process_seqs] Processed 103534 reads in 9.872 CPU sec, 9.791 real sec
[M::process] read 103570 sequences (10000178 bp)...
[M::mem_process_seqs] Processed 103484 reads in 9.792 CPU sec, 9.709 real sec
[M::process] read 103574 sequences (10000014 bp)...
[M::mem_process_seqs] Processed 103570 reads in 9.765 CPU sec, 9.682 real sec
[M::process] read 103616 sequences (10000099 bp)...
[M::mem_process_seqs] Processed 103574 reads in 9.848 CPU sec, 9.765 real sec
[M::process] read 103564 sequences (10000006 bp)...
[M::mem_process_seqs] Processed 103616 reads in 9.864 CPU sec, 9.782 real sec
[M::process] read 103584 sequences (10000176 bp)...
[M::mem_process_seqs] Processed 103564 reads in 9.733 CPU sec, 9.651 real sec
[M::process] read 103626 sequences (10000157 bp)...
[M::mem_process_seqs] Processed 103584 reads in 9.718 CPU sec, 9.637 real sec
[M::process] read 103602 sequences (10000138 bp)...
[M::mem_process_seqs] Processed 103626 reads in 9.756 CPU sec, 9.671 real sec
[M::process] read 103546 sequences (10000134 bp)...
[M::mem_process_seqs] Processed 103602 reads in 9.716 CPU sec, 9.634 real sec
[M::process] read 103524 sequences (10000121 bp)...
[M::mem_process_seqs] Processed 103546 reads in 9.739 CPU sec, 9.657 real sec
[M::process] read 103480 sequences (10000078 bp)...
[M::mem_process_seqs] Processed 103524 reads in 9.819 CPU sec, 9.738 real sec
[M::process] read 103658 sequences (10000006 bp)...
[M::mem_process_seqs] Processed 103480 reads in 9.795 CPU sec, 9.711 real sec
[M::process] read 103630 sequences (10000147 bp)...
[M::mem_process_seqs] Processed 103658 reads in 9.782 CPU sec, 9.699 real sec
[M::process] read 103540 sequences (10000053 bp)...
[M::mem_process_seqs] Processed 103630 reads in 9.840 CPU sec, 9.757 real sec
[M::process] read 103560 sequences (10000139 bp)...
[M::mem_process_seqs] Processed 103540 reads in 9.737 CPU sec, 9.656 real sec
[M::process] read 103560 sequences (10000144 bp)...
[M::mem_process_seqs] Processed 103560 reads in 9.755 CPU sec, 9.673 real sec
[M::process] read 103472 sequences (10000039 bp)...
[M::mem_process_seqs] Processed 103560 reads in 9.791 CPU sec, 9.705 real sec
[M::process] read 103566 sequences (10000199 bp)...
[M::mem_process_seqs] Processed 103472 reads in 9.741 CPU sec, 9.660 real sec
[M::process] read 103568 sequences (10000044 bp)...
[M::mem_process_seqs] Processed 103566 reads in 9.766 CPU sec, 9.682 real sec
[M::process] read 103592 sequences (10000205 bp)...
[M::mem_process_seqs] Processed 103568 reads in 9.797 CPU sec, 9.717 real sec
[M::process] read 103486 sequences (10000213 bp)...
[M::mem_process_seqs] Processed 103592 reads in 9.749 CPU sec, 9.667 real sec
[M::process] read 103514 sequences (10000091 bp)...
[M::mem_process_seqs] Processed 103486 reads in 9.793 CPU sec, 9.711 real sec
[M::process] read 103564 sequences (10000163 bp)...
[M::mem_process_seqs] Processed 103514 reads in 9.794 CPU sec, 9.714 real sec
[M::process] read 103554 sequences (10000008 bp)...
[M::mem_process_seqs] Processed 103564 reads in 9.769 CPU sec, 9.686 real sec
[M::process] read 103574 sequences (10000149 bp)...
[M::mem_process_seqs] Processed 103554 reads in 9.752 CPU sec, 9.671 real sec
[M::process] read 103554 sequences (10000108 bp)...
[M::mem_process_seqs] Processed 103574 reads in 9.745 CPU sec, 9.663 real sec
[M::process] read 103638 sequences (10000196 bp)...
[M::mem_process_seqs] Processed 103554 reads in 9.769 CPU sec, 9.690 real sec
[M::process] read 103572 sequences (10000139 bp)...
[M::mem_process_seqs] Processed 103638 reads in 9.770 CPU sec, 9.686 real sec
[M::process] read 103646 sequences (10000033 bp)...
[M::mem_process_seqs] Processed 103572 reads in 9.817 CPU sec, 9.732 real sec
[M::process] read 103554 sequences (10000103 bp)...
[M::mem_process_seqs] Processed 103646 reads in 9.741 CPU sec, 9.658 real sec
[M::process] read 103588 sequences (10000018 bp)...
[M::mem_process_seqs] Processed 103554 reads in 9.774 CPU sec, 9.694 real sec
[M::process] read 103596 sequences (10000140 bp)...
[M::mem_process_seqs] Processed 103588 reads in 9.872 CPU sec, 9.789 real sec
[M::process] read 103574 sequences (10000087 bp)...
[M::mem_process_seqs] Processed 103596 reads in 9.802 CPU sec, 9.719 real sec
[M::process] read 103558 sequences (10000209 bp)...
[M::mem_process_seqs] Processed 103574 reads in 9.793 CPU sec, 9.712 real sec
[M::process] read 103578 sequences (10000105 bp)...
[M::mem_process_seqs] Processed 103558 reads in 9.814 CPU sec, 9.731 real sec
[M::process] read 103494 sequences (10000035 bp)...
[M::mem_process_seqs] Processed 103578 reads in 9.752 CPU sec, 9.669 real sec
[M::process] read 103612 sequences (10000101 bp)...
[M::mem_process_seqs] Processed 103494 reads in 9.802 CPU sec, 9.717 real sec
[M::process] read 103574 sequences (10000120 bp)...
[M::mem_process_seqs] Processed 103612 reads in 9.769 CPU sec, 9.685 real sec
[M::process] read 103578 sequences (10000066 bp)...
[M::mem_process_seqs] Processed 103574 reads in 9.882 CPU sec, 9.798 real sec
[M::process] read 103478 sequences (10000015 bp)...
[M::mem_process_seqs] Processed 103578 reads in 9.765 CPU sec, 9.681 real sec
[M::process] read 103664 sequences (10000175 bp)...
[M::mem_process_seqs] Processed 103478 reads in 9.779 CPU sec, 9.696 real sec
[M::process] read 103458 sequences (10000079 bp)...
[M::mem_process_seqs] Processed 103664 reads in 9.717 CPU sec, 9.633 real sec
[M::process] read 103574 sequences (10000054 bp)...
[M::mem_process_seqs] Processed 103458 reads in 9.813 CPU sec, 9.727 real sec
[M::process] read 103566 sequences (10000108 bp)...
[M::mem_process_seqs] Processed 103574 reads in 9.752 CPU sec, 9.665 real sec
[M::process] read 103622 sequences (10000026 bp)...
[M::mem_process_seqs] Processed 103566 reads in 9.808 CPU sec, 9.724 real sec
[M::process] read 103512 sequences (10000129 bp)...
[M::mem_process_seqs] Processed 103622 reads in 9.897 CPU sec, 9.813 real sec
[M::process] read 103462 sequences (10000040 bp)...
[M::mem_process_seqs] Processed 103512 reads in 9.846 CPU sec, 9.762 real sec
[M::process] read 103598 sequences (10000010 bp)...
[M::mem_process_seqs] Processed 103462 reads in 9.780 CPU sec, 9.700 real sec
[M::process] read 103560 sequences (10000140 bp)...
[M::mem_process_seqs] Processed 103598 reads in 9.751 CPU sec, 9.666 real sec
[M::process] read 103574 sequences (10000005 bp)...
[M::mem_process_seqs] Processed 103560 reads in 9.793 CPU sec, 9.712 real sec
[M::process] read 103512 sequences (10000137 bp)...
[M::mem_process_seqs] Processed 103574 reads in 9.739 CPU sec, 9.655 real sec
[M::process] read 103538 sequences (10000060 bp)...
[M::mem_process_seqs] Processed 103512 reads in 9.823 CPU sec, 9.739 real sec
[M::process] read 103458 sequences (10000167 bp)...
[M::mem_process_seqs] Processed 103538 reads in 9.806 CPU sec, 9.721 real sec
[M::process] read 103620 sequences (10000159 bp)...
[M::mem_process_seqs] Processed 103458 reads in 9.827 CPU sec, 9.742 real sec
[M::process] read 103538 sequences (10000099 bp)...
[M::mem_process_seqs] Processed 103620 reads in 9.828 CPU sec, 9.743 real sec
[M::process] read 103666 sequences (10000183 bp)...
[M::mem_process_seqs] Processed 103538 reads in 9.740 CPU sec, 9.656 real sec
[M::process] read 103568 sequences (10000098 bp)...
[M::mem_process_seqs] Processed 103666 reads in 9.784 CPU sec, 9.700 real sec
[M::process] read 103496 sequences (10000140 bp)...
[M::mem_process_seqs] Processed 103568 reads in 9.832 CPU sec, 9.749 real sec
[M::process] read 103578 sequences (10000157 bp)...
[M::mem_process_seqs] Processed 103496 reads in 9.852 CPU sec, 9.768 real sec
[M::process] read 103498 sequences (10000142 bp)...
[M::mem_process_seqs] Processed 103578 reads in 9.720 CPU sec, 9.641 real sec
[M::process] read 103612 sequences (10000000 bp)...
[M::mem_process_seqs] Processed 103498 reads in 10.084 CPU sec, 10.002 real sec
[M::process] read 103540 sequences (10000177 bp)...
[M::mem_process_seqs] Processed 103612 reads in 10.188 CPU sec, 10.104 real sec
[M::process] read 103522 sequences (10000100 bp)...
[M::mem_process_seqs] Processed 103540 reads in 9.971 CPU sec, 9.888 real sec
[M::process] read 103492 sequences (10000061 bp)...
[M::mem_process_seqs] Processed 103522 reads in 10.010 CPU sec, 9.931 real sec
[M::process] read 103540 sequences (10000068 bp)...
[M::mem_process_seqs] Processed 103492 reads in 9.892 CPU sec, 9.804 real sec
[M::process] read 103538 sequences (10000138 bp)...
[M::mem_process_seqs] Processed 103540 reads in 9.920 CPU sec, 9.833 real sec
[M::process] read 103608 sequences (10000010 bp)...
[M::mem_process_seqs] Processed 103538 reads in 9.862 CPU sec, 9.779 real sec
[M::process] read 103620 sequences (10000075 bp)...
[M::mem_process_seqs] Processed 103608 reads in 9.882 CPU sec, 9.799 real sec
[M::process] read 103460 sequences (10000048 bp)...
[M::mem_process_seqs] Processed 103620 reads in 9.912 CPU sec, 9.825 real sec
[M::process] read 103532 sequences (10000050 bp)...
[M::mem_process_seqs] Processed 103460 reads in 9.920 CPU sec, 9.837 real sec
[M::process] read 103578 sequences (10000106 bp)...
[M::mem_process_seqs] Processed 103532 reads in 9.915 CPU sec, 9.831 real sec
[M::process] read 103504 sequences (10000015 bp)...
[M::mem_process_seqs] Processed 103578 reads in 9.879 CPU sec, 9.797 real sec
[M::process] read 103478 sequences (10000039 bp)...
[M::mem_process_seqs] Processed 103504 reads in 9.889 CPU sec, 9.803 real sec
[M::process] read 103490 sequences (10000127 bp)...
[M::mem_process_seqs] Processed 103478 reads in 9.912 CPU sec, 9.830 real sec
[M::process] read 103570 sequences (10000056 bp)...
[M::mem_process_seqs] Processed 103490 reads in 9.765 CPU sec, 9.680 real sec
[M::process] read 103612 sequences (10000184 bp)...
[M::mem_process_seqs] Processed 103570 reads in 9.773 CPU sec, 9.688 real sec
[M::process] read 103580 sequences (10000115 bp)...
[M::mem_process_seqs] Processed 103612 reads in 9.780 CPU sec, 9.691 real sec
[M::process] read 103466 sequences (10000108 bp)...
[M::mem_process_seqs] Processed 103580 reads in 9.799 CPU sec, 9.716 real sec
[M::process] read 103568 sequences (10000150 bp)...
[M::mem_process_seqs] Processed 103466 reads in 9.748 CPU sec, 9.662 real sec
[M::process] read 103576 sequences (10000105 bp)...
[M::mem_process_seqs] Processed 103568 reads in 9.749 CPU sec, 9.667 real sec
[M::process] read 103522 sequences (10000114 bp)...
[M::mem_process_seqs] Processed 103576 reads in 9.822 CPU sec, 9.737 real sec
[M::process] read 103554 sequences (10000018 bp)...
[M::mem_process_seqs] Processed 103522 reads in 9.780 CPU sec, 9.696 real sec
[M::process] read 103602 sequences (10000060 bp)...
[M::mem_process_seqs] Processed 103554 reads in 9.855 CPU sec, 9.775 real sec
[M::process] read 103520 sequences (10000042 bp)...
[M::mem_process_seqs] Processed 103602 reads in 9.834 CPU sec, 9.753 real sec
[M::process] read 103498 sequences (10000191 bp)...
[M::mem_process_seqs] Processed 103520 reads in 9.779 CPU sec, 9.695 real sec
[M::process] read 103632 sequences (10000152 bp)...
[M::mem_process_seqs] Processed 103498 reads in 9.780 CPU sec, 9.696 real sec
[M::process] read 103520 sequences (10000058 bp)...
[M::mem_process_seqs] Processed 103632 reads in 9.797 CPU sec, 9.710 real sec
[M::process] read 103578 sequences (10000027 bp)...
[M::mem_process_seqs] Processed 103520 reads in 9.806 CPU sec, 9.722 real sec
[M::process] read 103516 sequences (10000142 bp)...
[M::mem_process_seqs] Processed 103578 reads in 9.810 CPU sec, 9.727 real sec
[M::process] read 103590 sequences (10000110 bp)...
[M::mem_process_seqs] Processed 103516 reads in 9.761 CPU sec, 9.678 real sec
[M::process] read 103516 sequences (10000158 bp)...
[M::mem_process_seqs] Processed 103590 reads in 9.721 CPU sec, 9.638 real sec
[M::process] read 103542 sequences (10000108 bp)...
[M::mem_process_seqs] Processed 103516 reads in 9.827 CPU sec, 9.742 real sec
[M::process] read 103580 sequences (10000121 bp)...
[M::mem_process_seqs] Processed 103542 reads in 9.788 CPU sec, 9.702 real sec
[M::process] read 103614 sequences (10000076 bp)...
[M::mem_process_seqs] Processed 103580 reads in 9.812 CPU sec, 9.727 real sec
[M::process] read 103582 sequences (10000124 bp)...
[M::mem_process_seqs] Processed 103614 reads in 9.783 CPU sec, 9.698 real sec
[M::process] read 103610 sequences (10000101 bp)...
[M::mem_process_seqs] Processed 103582 reads in 9.873 CPU sec, 9.788 real sec
[M::process] read 103538 sequences (10000026 bp)...
[M::mem_process_seqs] Processed 103610 reads in 9.832 CPU sec, 9.743 real sec
[M::process] read 103494 sequences (10000007 bp)...
[M::mem_process_seqs] Processed 103538 reads in 9.816 CPU sec, 9.730 real sec
[M::process] read 103468 sequences (10000018 bp)...
[M::mem_process_seqs] Processed 103494 reads in 9.821 CPU sec, 9.736 real sec
[M::process] read 103440 sequences (10000012 bp)...
[M::mem_process_seqs] Processed 103468 reads in 9.788 CPU sec, 9.704 real sec
[M::process] read 103554 sequences (10000115 bp)...
[M::mem_process_seqs] Processed 103440 reads in 9.801 CPU sec, 9.716 real sec
[M::process] read 103542 sequences (10000173 bp)...
[M::mem_process_seqs] Processed 103554 reads in 9.816 CPU sec, 9.727 real sec
[M::process] read 103526 sequences (10000041 bp)...
[M::mem_process_seqs] Processed 103542 reads in 9.820 CPU sec, 9.737 real sec
[M::process] read 103442 sequences (10000072 bp)...
[M::mem_process_seqs] Processed 103526 reads in 9.815 CPU sec, 9.730 real sec
[M::process] read 103504 sequences (10000013 bp)...
[M::mem_process_seqs] Processed 103442 reads in 9.820 CPU sec, 9.735 real sec
[M::process] read 103580 sequences (10000156 bp)...
[M::mem_process_seqs] Processed 103504 reads in 9.781 CPU sec, 9.698 real sec
[M::process] read 103568 sequences (10000132 bp)...
[M::mem_process_seqs] Processed 103580 reads in 9.819 CPU sec, 9.734 real sec
[M::process] read 103618 sequences (10000138 bp)...
[M::mem_process_seqs] Processed 103568 reads in 9.804 CPU sec, 9.720 real sec
[M::process] read 103702 sequences (10000121 bp)...
[M::mem_process_seqs] Processed 103618 reads in 9.776 CPU sec, 9.690 real sec
[M::process] read 103576 sequences (10000196 bp)...
[M::mem_process_seqs] Processed 103702 reads in 9.803 CPU sec, 9.717 real sec
[M::process] read 103496 sequences (10000179 bp)...
[M::mem_process_seqs] Processed 103576 reads in 9.840 CPU sec, 9.755 real sec
[M::process] read 103532 sequences (10000117 bp)...
[M::mem_process_seqs] Processed 103496 reads in 9.797 CPU sec, 9.712 real sec
[M::process] read 103508 sequences (10000029 bp)...
[M::mem_process_seqs] Processed 103532 reads in 9.756 CPU sec, 9.672 real sec
[M::process] read 103488 sequences (10000117 bp)...
[M::mem_process_seqs] Processed 103508 reads in 9.742 CPU sec, 9.662 real sec
[M::process] read 103542 sequences (10000005 bp)...
[M::mem_process_seqs] Processed 103488 reads in 9.840 CPU sec, 9.760 real sec
[M::process] read 103500 sequences (10000167 bp)...
[M::mem_process_seqs] Processed 103542 reads in 9.823 CPU sec, 9.741 real sec
[M::process] read 103562 sequences (10000068 bp)...
[M::mem_process_seqs] Processed 103500 reads in 9.824 CPU sec, 9.745 real sec
[M::process] read 103456 sequences (10000120 bp)...
[M::mem_process_seqs] Processed 103562 reads in 10.088 CPU sec, 10.009 real sec
[M::process] read 103586 sequences (10000117 bp)...
[M::mem_process_seqs] Processed 103456 reads in 10.861 CPU sec, 10.779 real sec
[M::process] read 103614 sequences (10000100 bp)...
[M::mem_process_seqs] Processed 103586 reads in 11.241 CPU sec, 11.145 real sec
[M::process] read 103438 sequences (10000170 bp)...
[M::mem_process_seqs] Processed 103614 reads in 11.272 CPU sec, 11.188 real sec
[M::process] read 103630 sequences (10000025 bp)...
[M::mem_process_seqs] Processed 103438 reads in 10.629 CPU sec, 10.546 real sec
[M::process] read 103572 sequences (10000177 bp)...
[M::mem_process_seqs] Processed 103630 reads in 10.903 CPU sec, 10.812 real sec
[M::process] read 103554 sequences (10000066 bp)...
[M::mem_process_seqs] Processed 103572 reads in 10.853 CPU sec, 10.766 real sec
[M::process] read 103520 sequences (10000093 bp)...
[M::mem_process_seqs] Processed 103554 reads in 10.784 CPU sec, 10.701 real sec
[M::process] read 103478 sequences (10000180 bp)...
[M::mem_process_seqs] Processed 103520 reads in 10.506 CPU sec, 10.405 real sec
[M::process] read 103414 sequences (10000139 bp)...
[M::mem_process_seqs] Processed 103478 reads in 10.086 CPU sec, 10.007 real sec
[M::process] read 103538 sequences (10000094 bp)...
[M::mem_process_seqs] Processed 103414 reads in 10.289 CPU sec, 10.208 real sec
[M::process] read 103618 sequences (10000169 bp)...
[M::mem_process_seqs] Processed 103538 reads in 10.650 CPU sec, 10.564 real sec
[M::process] read 103524 sequences (10000111 bp)...
[M::mem_process_seqs] Processed 103618 reads in 10.415 CPU sec, 10.332 real sec
[M::process] read 103562 sequences (10000114 bp)...
[M::mem_process_seqs] Processed 103524 reads in 10.434 CPU sec, 10.357 real sec
[M::process] read 103554 sequences (10000074 bp)...
[M::mem_process_seqs] Processed 103562 reads in 11.533 CPU sec, 11.443 real sec
[M::process] read 103646 sequences (10000023 bp)...
[M::mem_process_seqs] Processed 103554 reads in 11.570 CPU sec, 11.476 real sec
[M::process] read 103642 sequences (10000046 bp)...
[M::mem_process_seqs] Processed 103646 reads in 11.991 CPU sec, 11.908 real sec
[M::process] read 103608 sequences (10000065 bp)...
[M::mem_process_seqs] Processed 103642 reads in 11.482 CPU sec, 11.397 real sec
[M::process] read 103574 sequences (10000008 bp)...
[M::mem_process_seqs] Processed 103608 reads in 11.300 CPU sec, 11.212 real sec
[M::process] read 103594 sequences (10000001 bp)...
[M::mem_process_seqs] Processed 103574 reads in 10.449 CPU sec, 10.368 real sec
[M::process] read 103528 sequences (10000011 bp)...
[M::mem_process_seqs] Processed 103594 reads in 10.337 CPU sec, 10.254 real sec
[M::process] read 103570 sequences (10000061 bp)...
[M::mem_process_seqs] Processed 103528 reads in 10.093 CPU sec, 10.015 real sec
[M::process] read 103414 sequences (10000021 bp)...
[M::mem_process_seqs] Processed 103570 reads in 10.190 CPU sec, 10.109 real sec
[M::process] read 103608 sequences (10000030 bp)...
[M::mem_process_seqs] Processed 103414 reads in 11.310 CPU sec, 11.231 real sec
[M::process] read 103614 sequences (10000042 bp)...
[M::mem_process_seqs] Processed 103608 reads in 11.450 CPU sec, 11.365 real sec
[M::process] read 103542 sequences (10000078 bp)...
[M::mem_process_seqs] Processed 103614 reads in 11.154 CPU sec, 11.067 real sec
[M::process] read 103488 sequences (10000031 bp)...
[M::mem_process_seqs] Processed 103542 reads in 11.711 CPU sec, 11.624 real sec
[M::process] read 103582 sequences (10000163 bp)...
[M::mem_process_seqs] Processed 103488 reads in 10.921 CPU sec, 10.835 real sec
[M::process] read 103580 sequences (10000077 bp)...
[M::mem_process_seqs] Processed 103582 reads in 10.853 CPU sec, 10.767 real sec
[M::process] read 103528 sequences (10000158 bp)...
[M::mem_process_seqs] Processed 103580 reads in 11.228 CPU sec, 11.141 real sec
[M::process] read 103622 sequences (10000091 bp)...
[M::mem_process_seqs] Processed 103528 reads in 11.704 CPU sec, 11.607 real sec
[M::process] read 103486 sequences (10000004 bp)...
[M::mem_process_seqs] Processed 103622 reads in 11.049 CPU sec, 10.969 real sec
[M::process] read 103542 sequences (10000071 bp)...
[M::mem_process_seqs] Processed 103486 reads in 10.975 CPU sec, 10.891 real sec
[M::process] read 103472 sequences (10000074 bp)...
[M::mem_process_seqs] Processed 103542 reads in 10.953 CPU sec, 10.870 real sec
[M::process] read 103518 sequences (10000139 bp)...
[M::mem_process_seqs] Processed 103472 reads in 11.046 CPU sec, 10.961 real sec
[M::process] read 103542 sequences (10000147 bp)...
[M::mem_process_seqs] Processed 103518 reads in 10.985 CPU sec, 10.899 real sec
[M::process] read 103538 sequences (10000152 bp)...
[M::mem_process_seqs] Processed 103542 reads in 11.313 CPU sec, 11.230 real sec
[M::process] read 103582 sequences (10000003 bp)...
[M::mem_process_seqs] Processed 103538 reads in 10.610 CPU sec, 10.526 real sec
[M::process] read 103502 sequences (10000019 bp)...
[M::mem_process_seqs] Processed 103582 reads in 10.785 CPU sec, 10.696 real sec
[M::process] read 103496 sequences (10000088 bp)...
[M::mem_process_seqs] Processed 103502 reads in 10.993 CPU sec, 10.906 real sec
[M::process] read 103586 sequences (10000192 bp)...
[M::mem_process_seqs] Processed 103496 reads in 10.722 CPU sec, 10.637 real sec
[M::process] read 103426 sequences (10000177 bp)...
[M::mem_process_seqs] Processed 103586 reads in 10.409 CPU sec, 10.325 real sec
[M::process] read 103650 sequences (10000129 bp)...
[M::mem_process_seqs] Processed 103426 reads in 10.990 CPU sec, 10.907 real sec
[M::process] read 103632 sequences (10000010 bp)...
[M::mem_process_seqs] Processed 103650 reads in 11.207 CPU sec, 11.118 real sec
[M::process] read 103562 sequences (10000150 bp)...
[M::mem_process_seqs] Processed 103632 reads in 11.156 CPU sec, 11.068 real sec
[M::process] read 103510 sequences (10000054 bp)...
[M::mem_process_seqs] Processed 103562 reads in 10.809 CPU sec, 10.724 real sec
[M::process] read 103502 sequences (10000177 bp)...
[M::mem_process_seqs] Processed 103510 reads in 10.977 CPU sec, 10.896 real sec
[M::process] read 103550 sequences (10000167 bp)...
[M::mem_process_seqs] Processed 103502 reads in 10.761 CPU sec, 10.672 real sec
[M::process] read 103464 sequences (10000036 bp)...
[M::mem_process_seqs] Processed 103550 reads in 10.896 CPU sec, 10.807 real sec
[M::process] read 103478 sequences (10000000 bp)...
[M::mem_process_seqs] Processed 103464 reads in 10.819 CPU sec, 10.729 real sec
[M::process] read 103626 sequences (10000120 bp)...
[M::mem_process_seqs] Processed 103478 reads in 10.947 CPU sec, 10.863 real sec
[M::process] read 103618 sequences (10000090 bp)...
[M::mem_process_seqs] Processed 103626 reads in 10.838 CPU sec, 10.756 real sec
[M::process] read 103522 sequences (10000185 bp)...
[M::mem_process_seqs] Processed 103618 reads in 10.965 CPU sec, 10.872 real sec
[M::process] read 103560 sequences (10000117 bp)...
[M::mem_process_seqs] Processed 103522 reads in 10.540 CPU sec, 10.457 real sec
[M::process] read 103552 sequences (10000166 bp)...
[M::mem_process_seqs] Processed 103560 reads in 10.582 CPU sec, 10.501 real sec
[M::process] read 103500 sequences (10000176 bp)...
[M::mem_process_seqs] Processed 103552 reads in 11.163 CPU sec, 11.083 real sec
[M::process] read 103422 sequences (10000156 bp)...
[M::mem_process_seqs] Processed 103500 reads in 10.896 CPU sec, 10.812 real sec
[M::process] read 103526 sequences (10000175 bp)...
[M::mem_process_seqs] Processed 103422 reads in 11.308 CPU sec, 11.225 real sec
[M::process] read 103486 sequences (10000035 bp)...
[M::mem_process_seqs] Processed 103526 reads in 11.319 CPU sec, 11.232 real sec
[M::process] read 103540 sequences (10000152 bp)...
[M::mem_process_seqs] Processed 103486 reads in 11.253 CPU sec, 11.172 real sec
[M::process] read 103518 sequences (10000139 bp)...
[M::mem_process_seqs] Processed 103540 reads in 10.603 CPU sec, 10.518 real sec
[M::process] read 103548 sequences (10000038 bp)...
[M::mem_process_seqs] Processed 103518 reads in 10.591 CPU sec, 10.507 real sec
[M::process] read 103546 sequences (10000145 bp)...
[M::mem_process_seqs] Processed 103548 reads in 10.762 CPU sec, 10.677 real sec
[M::process] read 103568 sequences (10000121 bp)...
[M::mem_process_seqs] Processed 103546 reads in 10.753 CPU sec, 10.671 real sec
[M::process] read 103534 sequences (10000086 bp)...
[M::mem_process_seqs] Processed 103568 reads in 10.835 CPU sec, 10.754 real sec
[M::process] read 103474 sequences (10000155 bp)...
[M::mem_process_seqs] Processed 103534 reads in 10.428 CPU sec, 10.344 real sec
[M::process] read 103672 sequences (10000047 bp)...
[M::mem_process_seqs] Processed 103474 reads in 10.609 CPU sec, 10.526 real sec
[M::process] read 103538 sequences (10000066 bp)...
[M::mem_process_seqs] Processed 103672 reads in 11.362 CPU sec, 11.269 real sec
[M::process] read 103580 sequences (10000052 bp)...
[M::mem_process_seqs] Processed 103538 reads in 10.986 CPU sec, 10.894 real sec
[M::process] read 103608 sequences (10000098 bp)...
[M::mem_process_seqs] Processed 103580 reads in 10.764 CPU sec, 10.684 real sec
[M::process] read 103572 sequences (10000093 bp)...
[M::mem_process_seqs] Processed 103608 reads in 10.840 CPU sec, 10.757 real sec
[M::process] read 103560 sequences (10000214 bp)...
[M::mem_process_seqs] Processed 103572 reads in 10.817 CPU sec, 10.735 real sec
[M::process] read 103532 sequences (10000070 bp)...
[M::mem_process_seqs] Processed 103560 reads in 10.623 CPU sec, 10.542 real sec
[M::process] read 103560 sequences (10000064 bp)...
[M::mem_process_seqs] Processed 103532 reads in 10.116 CPU sec, 10.030 real sec
[M::process] read 103524 sequences (10000162 bp)...
[M::mem_process_seqs] Processed 103560 reads in 9.787 CPU sec, 9.707 real sec
[M::process] read 103560 sequences (10000098 bp)...
[M::mem_process_seqs] Processed 103524 reads in 9.905 CPU sec, 9.823 real sec
[M::process] read 103476 sequences (10000176 bp)...
[M::mem_process_seqs] Processed 103560 reads in 9.808 CPU sec, 9.724 real sec
[M::process] read 103708 sequences (10000170 bp)...
[M::mem_process_seqs] Processed 103476 reads in 9.940 CPU sec, 9.857 real sec
[M::process] read 103492 sequences (10000099 bp)...
[M::mem_process_seqs] Processed 103708 reads in 9.868 CPU sec, 9.788 real sec
[M::process] read 103500 sequences (10000060 bp)...
[M::mem_process_seqs] Processed 103492 reads in 10.019 CPU sec, 9.938 real sec
[M::process] read 103578 sequences (10000056 bp)...
[M::mem_process_seqs] Processed 103500 reads in 10.453 CPU sec, 10.370 real sec
[M::process] read 103610 sequences (10000174 bp)...
[M::mem_process_seqs] Processed 103578 reads in 10.529 CPU sec, 10.445 real sec
[M::process] read 103488 sequences (10000066 bp)...
[M::mem_process_seqs] Processed 103610 reads in 10.997 CPU sec, 10.915 real sec
[M::process] read 103564 sequences (10000025 bp)...
[M::mem_process_seqs] Processed 103488 reads in 11.015 CPU sec, 10.930 real sec
[M::process] read 103556 sequences (10000037 bp)...
[M::mem_process_seqs] Processed 103564 reads in 10.833 CPU sec, 10.752 real sec
[M::process] read 103474 sequences (10000207 bp)...
[M::mem_process_seqs] Processed 103556 reads in 11.081 CPU sec, 10.991 real sec
[M::process] read 103578 sequences (10000047 bp)...
[M::mem_process_seqs] Processed 103474 reads in 11.016 CPU sec, 10.931 real sec
[M::process] read 103448 sequences (10000067 bp)...
[M::mem_process_seqs] Processed 103578 reads in 10.851 CPU sec, 10.770 real sec
[M::process] read 103548 sequences (10000090 bp)...
[M::mem_process_seqs] Processed 103448 reads in 10.993 CPU sec, 10.910 real sec
[M::process] read 103488 sequences (10000007 bp)...
[M::mem_process_seqs] Processed 103548 reads in 10.705 CPU sec, 10.624 real sec
[M::process] read 103488 sequences (10000000 bp)...
[M::mem_process_seqs] Processed 103488 reads in 10.974 CPU sec, 10.892 real sec
[M::process] read 103548 sequences (10000108 bp)...
[M::mem_process_seqs] Processed 103488 reads in 10.859 CPU sec, 10.774 real sec
[M::process] read 103596 sequences (10000062 bp)...
[M::mem_process_seqs] Processed 103548 reads in 11.102 CPU sec, 11.019 real sec
[M::process] read 103562 sequences (10000204 bp)...
[M::mem_process_seqs] Processed 103596 reads in 10.675 CPU sec, 10.590 real sec
[M::process] read 103600 sequences (10000037 bp)...
[M::mem_process_seqs] Processed 103562 reads in 10.461 CPU sec, 10.379 real sec
[M::process] read 103708 sequences (10000172 bp)...
[M::mem_process_seqs] Processed 103600 reads in 10.487 CPU sec, 10.403 real sec
[M::process] read 103512 sequences (10000005 bp)...
[M::mem_process_seqs] Processed 103708 reads in 10.579 CPU sec, 10.498 real sec
[M::process] read 103622 sequences (10000013 bp)...
[M::mem_process_seqs] Processed 103512 reads in 10.895 CPU sec, 10.811 real sec
[M::process] read 103528 sequences (10000042 bp)...
[M::mem_process_seqs] Processed 103622 reads in 11.114 CPU sec, 11.029 real sec
[M::process] read 103504 sequences (10000082 bp)...
[M::mem_process_seqs] Processed 103528 reads in 10.846 CPU sec, 10.761 real sec
[M::process] read 103520 sequences (10000012 bp)...
[M::mem_process_seqs] Processed 103504 reads in 10.839 CPU sec, 10.756 real sec
[M::process] read 103552 sequences (10000104 bp)...
[M::mem_process_seqs] Processed 103520 reads in 10.628 CPU sec, 10.542 real sec
[M::process] read 103568 sequences (10000115 bp)...
[M::mem_process_seqs] Processed 103552 reads in 10.009 CPU sec, 9.924 real sec
[M::process] read 103524 sequences (10000059 bp)...
[M::mem_process_seqs] Processed 103568 reads in 9.891 CPU sec, 9.810 real sec
[M::process] read 103516 sequences (10000135 bp)...
[M::mem_process_seqs] Processed 103524 reads in 9.938 CPU sec, 9.856 real sec
[M::process] read 103554 sequences (10000037 bp)...
[M::mem_process_seqs] Processed 103516 reads in 9.891 CPU sec, 9.810 real sec
[M::process] read 103552 sequences (10000103 bp)...
[M::mem_process_seqs] Processed 103554 reads in 9.893 CPU sec, 9.811 real sec
[M::process] read 103488 sequences (10000169 bp)...
[M::mem_process_seqs] Processed 103552 reads in 9.818 CPU sec, 9.738 real sec
[M::process] read 103542 sequences (10000167 bp)...
[M::mem_process_seqs] Processed 103488 reads in 9.829 CPU sec, 9.747 real sec
[M::process] read 103588 sequences (10000116 bp)...
[M::mem_process_seqs] Processed 103542 reads in 9.831 CPU sec, 9.749 real sec
[M::process] read 103588 sequences (10000162 bp)...
[M::mem_process_seqs] Processed 103588 reads in 9.841 CPU sec, 9.760 real sec
[M::process] read 103538 sequences (10000184 bp)...
[M::mem_process_seqs] Processed 103588 reads in 9.847 CPU sec, 9.765 real sec
[M::process] read 103606 sequences (10000089 bp)...
[M::mem_process_seqs] Processed 103538 reads in 9.842 CPU sec, 9.758 real sec
[M::process] read 103528 sequences (10000099 bp)...
[M::mem_process_seqs] Processed 103606 reads in 9.836 CPU sec, 9.756 real sec
[M::process] read 103602 sequences (10000196 bp)...
[M::mem_process_seqs] Processed 103528 reads in 9.852 CPU sec, 9.772 real sec
[M::process] read 103536 sequences (10000132 bp)...
[M::mem_process_seqs] Processed 103602 reads in 9.835 CPU sec, 9.752 real sec
[M::process] read 103502 sequences (10000060 bp)...
[M::mem_process_seqs] Processed 103536 reads in 9.830 CPU sec, 9.747 real sec
[M::process] read 103522 sequences (10000099 bp)...
[M::mem_process_seqs] Processed 103502 reads in 9.825 CPU sec, 9.740 real sec
[M::process] read 103600 sequences (10000157 bp)...
[M::mem_process_seqs] Processed 103522 reads in 9.789 CPU sec, 9.707 real sec
[M::process] read 103526 sequences (10000130 bp)...
[M::mem_process_seqs] Processed 103600 reads in 9.806 CPU sec, 9.720 real sec
[M::process] read 103642 sequences (10000053 bp)...
[M::mem_process_seqs] Processed 103526 reads in 9.779 CPU sec, 9.694 real sec
[M::process] read 103562 sequences (10000122 bp)...
[M::mem_process_seqs] Processed 103642 reads in 9.798 CPU sec, 9.715 real sec
[M::process] read 103604 sequences (10000014 bp)...
[M::mem_process_seqs] Processed 103562 reads in 9.864 CPU sec, 9.784 real sec
[M::process] read 103516 sequences (10000143 bp)...
[M::mem_process_seqs] Processed 103604 reads in 9.833 CPU sec, 9.748 real sec
[M::process] read 103592 sequences (10000077 bp)...
[M::mem_process_seqs] Processed 103516 reads in 9.816 CPU sec, 9.737 real sec
[M::process] read 103556 sequences (10000019 bp)...
[M::mem_process_seqs] Processed 103592 reads in 9.930 CPU sec, 9.821 real sec
[M::process] read 103514 sequences (10000172 bp)...
[M::mem_process_seqs] Processed 103556 reads in 9.776 CPU sec, 9.692 real sec
[M::process] read 103638 sequences (10000006 bp)...
[M::mem_process_seqs] Processed 103514 reads in 9.804 CPU sec, 9.720 real sec
[M::process] read 103596 sequences (10000179 bp)...
[M::mem_process_seqs] Processed 103638 reads in 9.839 CPU sec, 9.758 real sec
[M::process] read 103618 sequences (10000113 bp)...
[M::mem_process_seqs] Processed 103596 reads in 9.872 CPU sec, 9.788 real sec
[M::process] read 103546 sequences (10000065 bp)...
[M::mem_process_seqs] Processed 103618 reads in 9.824 CPU sec, 9.742 real sec
[M::process] read 103584 sequences (10000137 bp)...
[M::mem_process_seqs] Processed 103546 reads in 9.803 CPU sec, 9.715 real sec
[M::process] read 103500 sequences (10000107 bp)...
[M::mem_process_seqs] Processed 103584 reads in 9.804 CPU sec, 9.722 real sec
[M::process] read 5647 sequences (546788 bp)...
[M::mem_process_seqs] Processed 103500 reads in 9.799 CPU sec, 9.756 real sec
[M::mem_process_seqs] Processed 5647 reads in 0.608 CPU sec, 0.554 real sec
[main] Version: 0.7.17-r1188
[main] CMD: bwa mem -t 1 /home/ws3/Documents/Ref_GRCh38/GRCh38_latest_genomic.fna /home/ws3/Documents/Ref_GRCh38/SRR3404924.1.fastq_trim.fastq
[main] Real time: 5173.823 sec; CPU: 5215.993 sec
Thursday 17 June 2021 02:24:55 PM IST
