Linux ws3-Precision-3640-Tower 5.4.0-74-generic #83-Ubuntu SMP Sat May 8 02:35:39 UTC 2021 x86_64 x86_64 x86_64 GNU/Linux
              total        used        free      shared  buff/cache   available
Mem:           31Gi       1.4Gi        11Gi        17Mi        18Gi        29Gi
Swap:          63Gi       1.0Mi        63Gi
Architecture:                    x86_64
CPU op-mode(s):                  32-bit, 64-bit
Byte Order:                      Little Endian
Address sizes:                   39 bits physical, 48 bits virtual
CPU(s):                          12
On-line CPU(s) list:             0-11
Thread(s) per core:              2
Core(s) per socket:              6
Socket(s):                       1
NUMA node(s):                    1
Vendor ID:                       GenuineIntel
CPU family:                      6
Model:                           165
Model name:                      Intel(R) Xeon(R) W-1250 CPU @ 3.30GHz
Stepping:                        3
CPU MHz:                         3260.331
CPU max MHz:                     4700.0000
CPU min MHz:                     800.0000
BogoMIPS:                        6599.98
Virtualization:                  VT-x
L1d cache:                       192 KiB
L1i cache:                       192 KiB
L2 cache:                        1.5 MiB
L3 cache:                        12 MiB
NUMA node0 CPU(s):               0-11
Vulnerability Itlb multihit:     KVM: Mitigation: Split huge pages
Vulnerability L1tf:              Not affected
Vulnerability Mds:               Not affected
Vulnerability Meltdown:          Not affected
Vulnerability Spec store bypass: Mitigation; Speculative Store Bypass disabled via prctl and seccomp
Vulnerability Spectre v1:        Mitigation; usercopy/swapgs barriers and __user pointer sanitization
Vulnerability Spectre v2:        Mitigation; Enhanced IBRS, IBPB conditional, RSB filling
Vulnerability Srbds:             Not affected
Vulnerability Tsx async abort:   Not affected
Flags:                           fpu vme de pse tsc msr pae mce cx8 apic sep mtrr pge mca cmov pat pse36 clflush dts acpi mmx fxsr sse sse2 ss ht tm pbe syscall nx pdpe1gb rdtscp lm constant_tsc art arch_perfmon pebs bts rep_good nopl xtopology nonstop_tsc cpuid aperfmperf pni pclmulqdq dtes64 monitor ds_cpl vmx smx est tm2 ssse3 sdbg fma cx16 xtpr pdcm pcid sse4_1 sse4_2 x2apic movbe popcnt tsc_deadline_timer aes xsave avx f16c rdrand lahf_lm abm 3dnowprefetch cpuid_fault epb invpcid_single ssbd ibrs ibpb stibp ibrs_enhanced tpr_shadow vnmi flexpriority ept vpid ept_ad fsgsbase tsc_adjust bmi1 avx2 smep bmi2 erms invpcid mpx rdseed adx smap clflushopt intel_pt xsaveopt xsavec xgetbv1 xsaves dtherm ida arat pln pts hwp hwp_notify hwp_act_window hwp_epp md_clear flush_l1d arch_capabilities
Thursday 17 June 2021 12:40:49 PM IST
[M::bwa_idx_load_from_disk] read 0 ALT contigs
[M::process] read 1035060 sequences (100000129 bp)...
[M::process] read 1035510 sequences (100000101 bp)...
[M::mem_process_seqs] Processed 1035060 reads in 143.071 CPU sec, 14.300 real sec
[M::process] read 1035614 sequences (100000139 bp)...
[M::mem_process_seqs] Processed 1035510 reads in 144.962 CPU sec, 14.418 real sec
[M::process] read 1035236 sequences (100000210 bp)...
[M::mem_process_seqs] Processed 1035614 reads in 145.341 CPU sec, 14.459 real sec
[M::process] read 1035656 sequences (100000081 bp)...
[M::mem_process_seqs] Processed 1035236 reads in 145.016 CPU sec, 14.419 real sec
[M::process] read 1035344 sequences (100000107 bp)...
[M::mem_process_seqs] Processed 1035656 reads in 144.797 CPU sec, 14.397 real sec
[M::process] read 1035584 sequences (100000105 bp)...
[M::mem_process_seqs] Processed 1035344 reads in 144.972 CPU sec, 14.413 real sec
[M::process] read 1035606 sequences (100000146 bp)...
[M::mem_process_seqs] Processed 1035584 reads in 144.566 CPU sec, 14.378 real sec
[M::process] read 1035274 sequences (100000153 bp)...
[M::mem_process_seqs] Processed 1035606 reads in 145.412 CPU sec, 14.464 real sec
[M::process] read 1035732 sequences (100000113 bp)...
[M::mem_process_seqs] Processed 1035274 reads in 145.248 CPU sec, 14.449 real sec
[M::process] read 1035486 sequences (100000108 bp)...
[M::mem_process_seqs] Processed 1035732 reads in 145.301 CPU sec, 14.446 real sec
[M::process] read 1035380 sequences (100000060 bp)...
[M::mem_process_seqs] Processed 1035486 reads in 145.190 CPU sec, 14.435 real sec
[M::process] read 1035606 sequences (100000155 bp)...
[M::mem_process_seqs] Processed 1035380 reads in 146.398 CPU sec, 14.580 real sec
[M::process] read 1035264 sequences (100000065 bp)...
[M::mem_process_seqs] Processed 1035606 reads in 151.225 CPU sec, 15.064 real sec
[M::process] read 1035554 sequences (100000039 bp)...
[M::mem_process_seqs] Processed 1035264 reads in 146.365 CPU sec, 14.561 real sec
[M::process] read 1035466 sequences (100000008 bp)...
[M::mem_process_seqs] Processed 1035554 reads in 145.064 CPU sec, 14.421 real sec
[M::process] read 1035560 sequences (100000098 bp)...
[M::mem_process_seqs] Processed 1035466 reads in 145.022 CPU sec, 14.418 real sec
[M::process] read 1035696 sequences (100000165 bp)...
[M::mem_process_seqs] Processed 1035560 reads in 144.968 CPU sec, 14.417 real sec
[M::process] read 1035508 sequences (100000063 bp)...
[M::mem_process_seqs] Processed 1035696 reads in 145.207 CPU sec, 14.434 real sec
[M::process] read 1035582 sequences (100000015 bp)...
[M::mem_process_seqs] Processed 1035508 reads in 144.950 CPU sec, 14.412 real sec
[M::process] read 1035408 sequences (100000139 bp)...
[M::mem_process_seqs] Processed 1035582 reads in 147.092 CPU sec, 14.633 real sec
[M::process] read 1035474 sequences (100000006 bp)...
[M::mem_process_seqs] Processed 1035408 reads in 145.323 CPU sec, 14.451 real sec
[M::process] read 1035802 sequences (100000079 bp)...
[M::mem_process_seqs] Processed 1035474 reads in 144.667 CPU sec, 14.385 real sec
[M::process] read 1035032 sequences (100000122 bp)...
[M::mem_process_seqs] Processed 1035802 reads in 145.358 CPU sec, 14.458 real sec
[M::process] read 1035616 sequences (100000199 bp)...
[M::mem_process_seqs] Processed 1035032 reads in 145.193 CPU sec, 14.440 real sec
[M::process] read 1035384 sequences (100000014 bp)...
[M::mem_process_seqs] Processed 1035616 reads in 144.981 CPU sec, 14.415 real sec
[M::process] read 1035338 sequences (100000135 bp)...
[M::mem_process_seqs] Processed 1035384 reads in 145.228 CPU sec, 14.455 real sec
[M::process] read 1035678 sequences (100000064 bp)...
[M::mem_process_seqs] Processed 1035338 reads in 144.837 CPU sec, 14.410 real sec
[M::process] read 1035620 sequences (100000043 bp)...
[M::mem_process_seqs] Processed 1035678 reads in 145.144 CPU sec, 14.459 real sec
[M::process] read 1035750 sequences (100000169 bp)...
[M::mem_process_seqs] Processed 1035620 reads in 145.509 CPU sec, 14.474 real sec
[M::process] read 1035696 sequences (100000193 bp)...
[M::mem_process_seqs] Processed 1035750 reads in 144.853 CPU sec, 14.401 real sec
[M::process] read 1035430 sequences (100000045 bp)...
[M::mem_process_seqs] Processed 1035696 reads in 145.099 CPU sec, 14.423 real sec
[M::process] read 1035562 sequences (100000047 bp)...
[M::mem_process_seqs] Processed 1035430 reads in 145.970 CPU sec, 14.547 real sec
[M::process] read 1035420 sequences (100000008 bp)...
[M::mem_process_seqs] Processed 1035562 reads in 145.040 CPU sec, 14.424 real sec
[M::process] read 1035356 sequences (100000181 bp)...
[M::mem_process_seqs] Processed 1035420 reads in 145.058 CPU sec, 14.421 real sec
[M::process] read 1035512 sequences (100000027 bp)...
[M::mem_process_seqs] Processed 1035356 reads in 144.713 CPU sec, 14.390 real sec
[M::process] read 1035420 sequences (100000039 bp)...
[M::mem_process_seqs] Processed 1035512 reads in 144.708 CPU sec, 14.389 real sec
[M::process] read 1035536 sequences (100000140 bp)...
[M::mem_process_seqs] Processed 1035420 reads in 145.067 CPU sec, 14.422 real sec
[M::process] read 1035220 sequences (100000074 bp)...
[M::mem_process_seqs] Processed 1035536 reads in 145.077 CPU sec, 14.426 real sec
[M::process] read 1035402 sequences (100000060 bp)...
[M::mem_process_seqs] Processed 1035220 reads in 144.530 CPU sec, 14.357 real sec
[M::process] read 1035732 sequences (100000018 bp)...
[M::mem_process_seqs] Processed 1035402 reads in 145.081 CPU sec, 14.429 real sec
[M::process] read 1035452 sequences (100000043 bp)...
[M::mem_process_seqs] Processed 1035732 reads in 144.794 CPU sec, 14.399 real sec
[M::process] read 1035462 sequences (100000092 bp)...
[M::mem_process_seqs] Processed 1035452 reads in 145.189 CPU sec, 14.439 real sec
[M::process] read 1035380 sequences (100000008 bp)...
[M::mem_process_seqs] Processed 1035462 reads in 144.730 CPU sec, 14.388 real sec
[M::process] read 1035196 sequences (100000055 bp)...
[M::mem_process_seqs] Processed 1035380 reads in 144.836 CPU sec, 14.398 real sec
[M::process] read 1035616 sequences (100000128 bp)...
[M::mem_process_seqs] Processed 1035196 reads in 145.424 CPU sec, 14.461 real sec
[M::process] read 1035492 sequences (100000012 bp)...
[M::mem_process_seqs] Processed 1035616 reads in 144.798 CPU sec, 14.394 real sec
[M::process] read 1035278 sequences (100000139 bp)...
[M::mem_process_seqs] Processed 1035492 reads in 144.895 CPU sec, 14.404 real sec
[M::process] read 1035630 sequences (100000000 bp)...
[M::mem_process_seqs] Processed 1035278 reads in 145.047 CPU sec, 14.421 real sec
[M::process] read 1035486 sequences (100000133 bp)...
[M::mem_process_seqs] Processed 1035630 reads in 145.932 CPU sec, 14.513 real sec
[M::process] read 1035604 sequences (100000145 bp)...
[M::mem_process_seqs] Processed 1035486 reads in 145.891 CPU sec, 14.512 real sec
[M::process] read 938271 sequences (90593879 bp)...
[M::mem_process_seqs] Processed 1035604 reads in 145.280 CPU sec, 14.454 real sec
[M::mem_process_seqs] Processed 938271 reads in 130.705 CPU sec, 13.047 real sec
[main] Version: 0.7.17-r1188
[main] CMD: bwa mem -t 10 /home/ws3/Documents/Ref_GRCh38/GRCh38_latest_genomic.fna /home/ws3/Documents/Ref_GRCh38/SRR3404924.1.fastq_trim.fastq
[main] Real time: 753.580 sec; CPU: 7542.061 sec
Thursday 17 June 2021 12:53:22 PM IST
