Linux mklab-host-2 4.18.0-240.22.1.el8_3.x86_64 #1 SMP Thu Apr 8 19:01:30 UTC 2021 x86_64 x86_64 x86_64 GNU/Linux
              total        used        free      shared  buff/cache   available
Mem:           31Gi       1.4Gi        16Gi       252Mi        13Gi        28Gi
Swap:          15Gi        19Mi        15Gi
Architecture:        x86_64
CPU op-mode(s):      32-bit, 64-bit
Byte Order:          Little Endian
CPU(s):              12
On-line CPU(s) list: 0-11
Thread(s) per core:  2
Core(s) per socket:  6
Socket(s):           1
NUMA node(s):        1
Vendor ID:           GenuineIntel
CPU family:          6
Model:               158
Model name:          Intel(R) Xeon(R) E-2186G CPU @ 3.80GHz
Stepping:            10
CPU MHz:             4599.897
CPU max MHz:         4700.0000
CPU min MHz:         800.0000
BogoMIPS:            7584.00
Virtualization:      VT-x
L1d cache:           32K
L1i cache:           32K
L2 cache:            256K
L3 cache:            12288K
NUMA node0 CPU(s):   0-11
Flags:               fpu vme de pse tsc msr pae mce cx8 apic sep mtrr pge mca cmov pat pse36 clflush dts acpi mmx fxsr sse sse2 ss ht tm pbe syscall nx pdpe1gb rdtscp lm constant_tsc art arch_perfmon pebs bts rep_good nopl xtopology nonstop_tsc cpuid aperfmperf tsc_known_freq pni pclmulqdq dtes64 monitor ds_cpl vmx smx est tm2 ssse3 sdbg fma cx16 xtpr pdcm pcid sse4_1 sse4_2 x2apic movbe popcnt tsc_deadline_timer aes xsave avx f16c rdrand lahf_lm abm 3dnowprefetch cpuid_fault epb invpcid_single pti ssbd ibrs ibpb stibp tpr_shadow vnmi flexpriority ept vpid ept_ad fsgsbase tsc_adjust bmi1 hle avx2 smep bmi2 erms invpcid rtm mpx rdseed adx smap clflushopt intel_pt xsaveopt xsavec xgetbv1 xsaves dtherm ida arat pln pts hwp hwp_notify hwp_act_window hwp_epp md_clear flush_l1d
Thu Jun 17 04:11:29 EDT 2021
[M::bwa_idx_load_from_disk] read 0 ALT contigs
[M::process] read 103530 sequences (10000206 bp)...
[M::process] read 103516 sequences (10000082 bp)...
[M::mem_process_seqs] Processed 103530 reads in 8.921 CPU sec, 8.887 real sec
[M::process] read 103462 sequences (10000091 bp)...
[M::mem_process_seqs] Processed 103516 reads in 9.080 CPU sec, 9.020 real sec
[M::process] read 103482 sequences (10000008 bp)...
[M::mem_process_seqs] Processed 103462 reads in 8.974 CPU sec, 8.910 real sec
[M::process] read 103524 sequences (10000209 bp)...
[M::mem_process_seqs] Processed 103482 reads in 9.040 CPU sec, 8.982 real sec
[M::process] read 103450 sequences (10000054 bp)...
[M::mem_process_seqs] Processed 103524 reads in 9.265 CPU sec, 9.205 real sec
[M::process] read 103552 sequences (10000099 bp)...
[M::mem_process_seqs] Processed 103450 reads in 8.945 CPU sec, 8.885 real sec
[M::process] read 103520 sequences (10000073 bp)...
[M::mem_process_seqs] Processed 103552 reads in 8.881 CPU sec, 8.820 real sec
[M::process] read 103614 sequences (10000059 bp)...
[M::mem_process_seqs] Processed 103520 reads in 8.857 CPU sec, 8.798 real sec
[M::process] read 103418 sequences (10000031 bp)...
[M::mem_process_seqs] Processed 103614 reads in 8.871 CPU sec, 8.812 real sec
[M::process] read 103592 sequences (10000020 bp)...
[M::mem_process_seqs] Processed 103418 reads in 8.855 CPU sec, 8.795 real sec
[M::process] read 103584 sequences (10000112 bp)...
[M::mem_process_seqs] Processed 103592 reads in 8.829 CPU sec, 8.762 real sec
[M::process] read 103580 sequences (10000168 bp)...
[M::mem_process_seqs] Processed 103584 reads in 8.988 CPU sec, 8.929 real sec
[M::process] read 103642 sequences (10000010 bp)...
[M::mem_process_seqs] Processed 103580 reads in 8.891 CPU sec, 8.829 real sec
[M::process] read 103514 sequences (10000023 bp)...
[M::mem_process_seqs] Processed 103642 reads in 8.860 CPU sec, 8.793 real sec
[M::process] read 103596 sequences (10000070 bp)...
[M::mem_process_seqs] Processed 103514 reads in 8.858 CPU sec, 8.789 real sec
[M::process] read 103476 sequences (10000029 bp)...
[M::mem_process_seqs] Processed 103596 reads in 9.136 CPU sec, 9.071 real sec
[M::process] read 103494 sequences (10000114 bp)...
[M::mem_process_seqs] Processed 103476 reads in 8.829 CPU sec, 8.761 real sec
[M::process] read 103508 sequences (10000032 bp)...
[M::mem_process_seqs] Processed 103494 reads in 8.838 CPU sec, 8.771 real sec
[M::process] read 103530 sequences (10000028 bp)...
[M::mem_process_seqs] Processed 103508 reads in 8.983 CPU sec, 8.914 real sec
[M::process] read 103556 sequences (10000165 bp)...
[M::mem_process_seqs] Processed 103530 reads in 8.859 CPU sec, 8.792 real sec
[M::process] read 103618 sequences (10000107 bp)...
[M::mem_process_seqs] Processed 103556 reads in 8.813 CPU sec, 8.744 real sec
[M::process] read 103532 sequences (10000120 bp)...
[M::mem_process_seqs] Processed 103618 reads in 8.902 CPU sec, 8.832 real sec
[M::process] read 103626 sequences (10000124 bp)...
[M::mem_process_seqs] Processed 103532 reads in 8.868 CPU sec, 8.798 real sec
[M::process] read 103554 sequences (10000120 bp)...
[M::mem_process_seqs] Processed 103626 reads in 8.809 CPU sec, 8.741 real sec
[M::process] read 103548 sequences (10000112 bp)...
[M::mem_process_seqs] Processed 103554 reads in 8.830 CPU sec, 8.761 real sec
[M::process] read 103520 sequences (10000169 bp)...
[M::mem_process_seqs] Processed 103548 reads in 8.878 CPU sec, 8.813 real sec
[M::process] read 103530 sequences (10000054 bp)...
[M::mem_process_seqs] Processed 103520 reads in 8.832 CPU sec, 8.765 real sec
[M::process] read 103574 sequences (10000063 bp)...
[M::mem_process_seqs] Processed 103530 reads in 8.849 CPU sec, 8.781 real sec
[M::process] read 103566 sequences (10000109 bp)...
[M::mem_process_seqs] Processed 103574 reads in 9.343 CPU sec, 9.278 real sec
[M::process] read 103444 sequences (10000171 bp)...
[M::mem_process_seqs] Processed 103566 reads in 9.364 CPU sec, 9.296 real sec
[M::process] read 103522 sequences (10000146 bp)...
[M::mem_process_seqs] Processed 103444 reads in 8.959 CPU sec, 8.899 real sec
[M::process] read 103600 sequences (10000112 bp)...
[M::mem_process_seqs] Processed 103522 reads in 8.794 CPU sec, 8.726 real sec
[M::process] read 103502 sequences (10000063 bp)...
[M::mem_process_seqs] Processed 103600 reads in 8.798 CPU sec, 8.740 real sec
[M::process] read 103570 sequences (10000046 bp)...
[M::mem_process_seqs] Processed 103502 reads in 8.813 CPU sec, 8.745 real sec
[M::process] read 103502 sequences (10000195 bp)...
[M::mem_process_seqs] Processed 103570 reads in 8.822 CPU sec, 8.757 real sec
[M::process] read 103524 sequences (10000023 bp)...
[M::mem_process_seqs] Processed 103502 reads in 8.813 CPU sec, 8.746 real sec
[M::process] read 103538 sequences (10000166 bp)...
[M::mem_process_seqs] Processed 103524 reads in 8.812 CPU sec, 8.755 real sec
[M::process] read 103556 sequences (10000111 bp)...
[M::mem_process_seqs] Processed 103538 reads in 8.771 CPU sec, 8.704 real sec
[M::process] read 103488 sequences (10000167 bp)...
[M::mem_process_seqs] Processed 103556 reads in 8.809 CPU sec, 8.751 real sec
[M::process] read 103544 sequences (10000174 bp)...
[M::mem_process_seqs] Processed 103488 reads in 8.781 CPU sec, 8.714 real sec
[M::process] read 103692 sequences (10000043 bp)...
[M::mem_process_seqs] Processed 103544 reads in 8.822 CPU sec, 8.763 real sec
[M::process] read 103538 sequences (10000174 bp)...
[M::mem_process_seqs] Processed 103692 reads in 8.823 CPU sec, 8.757 real sec
[M::process] read 103558 sequences (10000206 bp)...
[M::mem_process_seqs] Processed 103538 reads in 9.030 CPU sec, 8.966 real sec
[M::process] read 103554 sequences (10000064 bp)...
[M::mem_process_seqs] Processed 103558 reads in 8.839 CPU sec, 8.769 real sec
[M::process] read 103564 sequences (10000012 bp)...
[M::mem_process_seqs] Processed 103554 reads in 8.776 CPU sec, 8.712 real sec
[M::process] read 103582 sequences (10000090 bp)...
[M::mem_process_seqs] Processed 103564 reads in 8.814 CPU sec, 8.746 real sec
[M::process] read 103560 sequences (10000049 bp)...
[M::mem_process_seqs] Processed 103582 reads in 8.777 CPU sec, 8.713 real sec
[M::process] read 103486 sequences (10000091 bp)...
[M::mem_process_seqs] Processed 103560 reads in 8.769 CPU sec, 8.704 real sec
[M::process] read 103586 sequences (10000054 bp)...
[M::mem_process_seqs] Processed 103486 reads in 8.804 CPU sec, 8.739 real sec
[M::process] read 103522 sequences (10000171 bp)...
[M::mem_process_seqs] Processed 103586 reads in 8.840 CPU sec, 8.771 real sec
[M::process] read 103642 sequences (10000014 bp)...
[M::mem_process_seqs] Processed 103522 reads in 8.825 CPU sec, 8.761 real sec
[M::process] read 103504 sequences (10000073 bp)...
[M::mem_process_seqs] Processed 103642 reads in 8.849 CPU sec, 8.783 real sec
[M::process] read 103528 sequences (10000160 bp)...
[M::mem_process_seqs] Processed 103504 reads in 8.869 CPU sec, 8.805 real sec
[M::process] read 103604 sequences (10000087 bp)...
[M::mem_process_seqs] Processed 103528 reads in 8.827 CPU sec, 8.761 real sec
[M::process] read 103512 sequences (10000023 bp)...
[M::mem_process_seqs] Processed 103604 reads in 8.834 CPU sec, 8.771 real sec
[M::process] read 103474 sequences (10000111 bp)...
[M::mem_process_seqs] Processed 103512 reads in 8.803 CPU sec, 8.734 real sec
[M::process] read 103538 sequences (10000151 bp)...
[M::mem_process_seqs] Processed 103474 reads in 9.114 CPU sec, 9.051 real sec
[M::process] read 103570 sequences (10000148 bp)...
[M::mem_process_seqs] Processed 103538 reads in 8.789 CPU sec, 8.720 real sec
[M::process] read 103462 sequences (10000181 bp)...
[M::mem_process_seqs] Processed 103570 reads in 8.847 CPU sec, 8.783 real sec
[M::process] read 103526 sequences (10000008 bp)...
[M::mem_process_seqs] Processed 103462 reads in 8.800 CPU sec, 8.730 real sec
[M::process] read 103530 sequences (10000164 bp)...
[M::mem_process_seqs] Processed 103526 reads in 8.779 CPU sec, 8.715 real sec
[M::process] read 103654 sequences (10000122 bp)...
[M::mem_process_seqs] Processed 103530 reads in 8.793 CPU sec, 8.726 real sec
[M::process] read 103552 sequences (10000081 bp)...
[M::mem_process_seqs] Processed 103654 reads in 8.824 CPU sec, 8.772 real sec
[M::process] read 103508 sequences (10000059 bp)...
[M::mem_process_seqs] Processed 103552 reads in 8.786 CPU sec, 8.719 real sec
[M::process] read 103590 sequences (10000094 bp)...
[M::mem_process_seqs] Processed 103508 reads in 8.804 CPU sec, 8.748 real sec
[M::process] read 103552 sequences (10000107 bp)...
[M::mem_process_seqs] Processed 103590 reads in 8.829 CPU sec, 8.760 real sec
[M::process] read 103602 sequences (10000101 bp)...
[M::mem_process_seqs] Processed 103552 reads in 8.806 CPU sec, 8.748 real sec
[M::process] read 103538 sequences (10000138 bp)...
[M::mem_process_seqs] Processed 103602 reads in 8.809 CPU sec, 8.740 real sec
[M::process] read 103540 sequences (10000104 bp)...
[M::mem_process_seqs] Processed 103538 reads in 8.853 CPU sec, 8.801 real sec
[M::process] read 103556 sequences (10000144 bp)...
[M::mem_process_seqs] Processed 103540 reads in 8.893 CPU sec, 8.827 real sec
[M::process] read 103538 sequences (10000146 bp)...
[M::mem_process_seqs] Processed 103556 reads in 9.053 CPU sec, 8.999 real sec
[M::process] read 103562 sequences (10000017 bp)...
[M::mem_process_seqs] Processed 103538 reads in 8.802 CPU sec, 8.736 real sec
[M::process] read 103620 sequences (10000074 bp)...
[M::mem_process_seqs] Processed 103562 reads in 8.861 CPU sec, 8.804 real sec
[M::process] read 103592 sequences (10000120 bp)...
[M::mem_process_seqs] Processed 103620 reads in 8.858 CPU sec, 8.791 real sec
[M::process] read 103550 sequences (10000200 bp)...
[M::mem_process_seqs] Processed 103592 reads in 8.819 CPU sec, 8.763 real sec
[M::process] read 103566 sequences (10000106 bp)...
[M::mem_process_seqs] Processed 103550 reads in 8.802 CPU sec, 8.733 real sec
[M::process] read 103568 sequences (10000155 bp)...
[M::mem_process_seqs] Processed 103566 reads in 8.863 CPU sec, 8.806 real sec
[M::process] read 103498 sequences (10000080 bp)...
[M::mem_process_seqs] Processed 103568 reads in 8.795 CPU sec, 8.730 real sec
[M::process] read 103566 sequences (10000160 bp)...
[M::mem_process_seqs] Processed 103498 reads in 8.860 CPU sec, 8.804 real sec
[M::process] read 103542 sequences (10000086 bp)...
[M::mem_process_seqs] Processed 103566 reads in 8.819 CPU sec, 8.752 real sec
[M::process] read 103478 sequences (10000132 bp)...
[M::mem_process_seqs] Processed 103542 reads in 8.841 CPU sec, 8.781 real sec
[M::process] read 103474 sequences (10000133 bp)...
[M::mem_process_seqs] Processed 103478 reads in 8.776 CPU sec, 8.709 real sec
[M::process] read 103518 sequences (10000051 bp)...
[M::mem_process_seqs] Processed 103474 reads in 8.811 CPU sec, 8.755 real sec
[M::process] read 103486 sequences (10000121 bp)...
[M::mem_process_seqs] Processed 103518 reads in 8.908 CPU sec, 8.843 real sec
[M::process] read 103492 sequences (10000016 bp)...
[M::mem_process_seqs] Processed 103486 reads in 8.922 CPU sec, 8.866 real sec
[M::process] read 103550 sequences (10000113 bp)...
[M::mem_process_seqs] Processed 103492 reads in 8.862 CPU sec, 8.794 real sec
[M::process] read 103626 sequences (10000076 bp)...
[M::mem_process_seqs] Processed 103550 reads in 8.852 CPU sec, 8.798 real sec
[M::process] read 103564 sequences (10000087 bp)...
[M::mem_process_seqs] Processed 103626 reads in 8.820 CPU sec, 8.751 real sec
[M::process] read 103554 sequences (10000185 bp)...
[M::mem_process_seqs] Processed 103564 reads in 8.809 CPU sec, 8.751 real sec
[M::process] read 103488 sequences (10000129 bp)...
[M::mem_process_seqs] Processed 103554 reads in 8.811 CPU sec, 8.743 real sec
[M::process] read 103542 sequences (10000063 bp)...
[M::mem_process_seqs] Processed 103488 reads in 8.846 CPU sec, 8.786 real sec
[M::process] read 103722 sequences (10000052 bp)...
[M::mem_process_seqs] Processed 103542 reads in 8.776 CPU sec, 8.709 real sec
[M::process] read 103624 sequences (10000159 bp)...
[M::mem_process_seqs] Processed 103722 reads in 8.868 CPU sec, 8.813 real sec
[M::process] read 103562 sequences (10000078 bp)...
[M::mem_process_seqs] Processed 103624 reads in 8.824 CPU sec, 8.757 real sec
[M::process] read 103526 sequences (10000094 bp)...
[M::mem_process_seqs] Processed 103562 reads in 8.808 CPU sec, 8.750 real sec
[M::process] read 103490 sequences (10000079 bp)...
[M::mem_process_seqs] Processed 103526 reads in 8.802 CPU sec, 8.733 real sec
[M::process] read 103602 sequences (10000054 bp)...
[M::mem_process_seqs] Processed 103490 reads in 8.835 CPU sec, 8.778 real sec
[M::process] read 103594 sequences (10000116 bp)...
[M::mem_process_seqs] Processed 103602 reads in 9.112 CPU sec, 9.047 real sec
[M::process] read 103594 sequences (10000171 bp)...
[M::mem_process_seqs] Processed 103594 reads in 8.842 CPU sec, 8.786 real sec
[M::process] read 103626 sequences (10000012 bp)...
[M::mem_process_seqs] Processed 103594 reads in 8.802 CPU sec, 8.732 real sec
[M::process] read 103632 sequences (10000049 bp)...
[M::mem_process_seqs] Processed 103626 reads in 8.856 CPU sec, 8.799 real sec
[M::process] read 103516 sequences (10000115 bp)...
[M::mem_process_seqs] Processed 103632 reads in 8.813 CPU sec, 8.742 real sec
[M::process] read 103580 sequences (10000037 bp)...
[M::mem_process_seqs] Processed 103516 reads in 8.834 CPU sec, 8.772 real sec
[M::process] read 103542 sequences (10000146 bp)...
[M::mem_process_seqs] Processed 103580 reads in 8.819 CPU sec, 8.751 real sec
[M::process] read 103616 sequences (10000174 bp)...
[M::mem_process_seqs] Processed 103542 reads in 8.920 CPU sec, 8.860 real sec
[M::process] read 103488 sequences (10000020 bp)...
[M::mem_process_seqs] Processed 103616 reads in 8.815 CPU sec, 8.750 real sec
[M::process] read 103452 sequences (10000041 bp)...
[M::mem_process_seqs] Processed 103488 reads in 8.824 CPU sec, 8.767 real sec
[M::process] read 103514 sequences (10000117 bp)...
[M::mem_process_seqs] Processed 103452 reads in 8.777 CPU sec, 8.711 real sec
[M::process] read 103522 sequences (10000110 bp)...
[M::mem_process_seqs] Processed 103514 reads in 8.787 CPU sec, 8.723 real sec
[M::process] read 103576 sequences (10000051 bp)...
[M::mem_process_seqs] Processed 103522 reads in 8.821 CPU sec, 8.754 real sec
[M::process] read 103450 sequences (10000029 bp)...
[M::mem_process_seqs] Processed 103576 reads in 8.827 CPU sec, 8.759 real sec
[M::process] read 103570 sequences (10000164 bp)...
[M::mem_process_seqs] Processed 103450 reads in 9.058 CPU sec, 8.989 real sec
[M::process] read 103558 sequences (10000067 bp)...
[M::mem_process_seqs] Processed 103570 reads in 8.837 CPU sec, 8.777 real sec
[M::process] read 103484 sequences (10000195 bp)...
[M::mem_process_seqs] Processed 103558 reads in 8.792 CPU sec, 8.727 real sec
[M::process] read 103512 sequences (10000139 bp)...
[M::mem_process_seqs] Processed 103484 reads in 8.864 CPU sec, 8.803 real sec
[M::process] read 103582 sequences (10000111 bp)...
[M::mem_process_seqs] Processed 103512 reads in 8.739 CPU sec, 8.673 real sec
[M::process] read 103542 sequences (10000107 bp)...
[M::mem_process_seqs] Processed 103582 reads in 8.810 CPU sec, 8.747 real sec
[M::process] read 103562 sequences (10000052 bp)...
[M::mem_process_seqs] Processed 103542 reads in 8.825 CPU sec, 8.760 real sec
[M::process] read 103558 sequences (10000147 bp)...
[M::mem_process_seqs] Processed 103562 reads in 8.843 CPU sec, 8.779 real sec
[M::process] read 103564 sequences (10000163 bp)...
[M::mem_process_seqs] Processed 103558 reads in 8.791 CPU sec, 8.724 real sec
[M::process] read 103630 sequences (10000128 bp)...
[M::mem_process_seqs] Processed 103564 reads in 8.831 CPU sec, 8.769 real sec
[M::process] read 103574 sequences (10000092 bp)...
[M::mem_process_seqs] Processed 103630 reads in 8.770 CPU sec, 8.703 real sec
[M::process] read 103568 sequences (10000063 bp)...
[M::mem_process_seqs] Processed 103574 reads in 8.810 CPU sec, 8.748 real sec
[M::process] read 103514 sequences (10000116 bp)...
[M::mem_process_seqs] Processed 103568 reads in 8.835 CPU sec, 8.769 real sec
[M::process] read 103484 sequences (10000194 bp)...
[M::mem_process_seqs] Processed 103514 reads in 8.964 CPU sec, 8.902 real sec
[M::process] read 103566 sequences (10000054 bp)...
[M::mem_process_seqs] Processed 103484 reads in 8.948 CPU sec, 8.882 real sec
[M::process] read 103452 sequences (10000120 bp)...
[M::mem_process_seqs] Processed 103566 reads in 8.848 CPU sec, 8.788 real sec
[M::process] read 103656 sequences (10000074 bp)...
[M::mem_process_seqs] Processed 103452 reads in 8.773 CPU sec, 8.706 real sec
[M::process] read 103608 sequences (10000172 bp)...
[M::mem_process_seqs] Processed 103656 reads in 8.851 CPU sec, 8.787 real sec
[M::process] read 103518 sequences (10000089 bp)...
[M::mem_process_seqs] Processed 103608 reads in 8.794 CPU sec, 8.728 real sec
[M::process] read 103672 sequences (10000167 bp)...
[M::mem_process_seqs] Processed 103518 reads in 8.843 CPU sec, 8.778 real sec
[M::process] read 103530 sequences (10000180 bp)...
[M::mem_process_seqs] Processed 103672 reads in 8.976 CPU sec, 8.909 real sec
[M::process] read 103528 sequences (10000013 bp)...
[M::mem_process_seqs] Processed 103530 reads in 8.967 CPU sec, 8.899 real sec
[M::process] read 103482 sequences (10000090 bp)...
[M::mem_process_seqs] Processed 103528 reads in 9.239 CPU sec, 9.174 real sec
[M::process] read 103476 sequences (10000020 bp)...
[M::mem_process_seqs] Processed 103482 reads in 9.003 CPU sec, 8.942 real sec
[M::process] read 103516 sequences (10000221 bp)...
[M::mem_process_seqs] Processed 103476 reads in 8.817 CPU sec, 8.758 real sec
[M::process] read 103516 sequences (10000129 bp)...
[M::mem_process_seqs] Processed 103516 reads in 8.803 CPU sec, 8.742 real sec
[M::process] read 103494 sequences (10000133 bp)...
[M::mem_process_seqs] Processed 103516 reads in 8.798 CPU sec, 8.738 real sec
[M::process] read 103548 sequences (10000140 bp)...
[M::mem_process_seqs] Processed 103494 reads in 9.076 CPU sec, 9.013 real sec
[M::process] read 103558 sequences (10000189 bp)...
[M::mem_process_seqs] Processed 103548 reads in 8.837 CPU sec, 8.778 real sec
[M::process] read 103608 sequences (10000128 bp)...
[M::mem_process_seqs] Processed 103558 reads in 8.809 CPU sec, 8.752 real sec
[M::process] read 103580 sequences (10000151 bp)...
[M::mem_process_seqs] Processed 103608 reads in 8.769 CPU sec, 8.712 real sec
[M::process] read 103572 sequences (10000099 bp)...
[M::mem_process_seqs] Processed 103580 reads in 8.811 CPU sec, 8.750 real sec
[M::process] read 103560 sequences (10000102 bp)...
[M::mem_process_seqs] Processed 103572 reads in 8.810 CPU sec, 8.750 real sec
[M::process] read 103538 sequences (10000087 bp)...
[M::mem_process_seqs] Processed 103560 reads in 8.828 CPU sec, 8.767 real sec
[M::process] read 103490 sequences (10000062 bp)...
[M::mem_process_seqs] Processed 103538 reads in 9.068 CPU sec, 9.007 real sec
[M::process] read 103658 sequences (10000019 bp)...
[M::mem_process_seqs] Processed 103490 reads in 8.837 CPU sec, 8.778 real sec
[M::process] read 103512 sequences (10000082 bp)...
[M::mem_process_seqs] Processed 103658 reads in 8.808 CPU sec, 8.752 real sec
[M::process] read 103480 sequences (10000000 bp)...
[M::mem_process_seqs] Processed 103512 reads in 8.770 CPU sec, 8.711 real sec
[M::process] read 103476 sequences (10000137 bp)...
[M::mem_process_seqs] Processed 103480 reads in 8.813 CPU sec, 8.753 real sec
[M::process] read 103510 sequences (10000147 bp)...
[M::mem_process_seqs] Processed 103476 reads in 8.827 CPU sec, 8.765 real sec
[M::process] read 103574 sequences (10000156 bp)...
[M::mem_process_seqs] Processed 103510 reads in 8.833 CPU sec, 8.771 real sec
[M::process] read 103638 sequences (10000016 bp)...
[M::mem_process_seqs] Processed 103574 reads in 8.874 CPU sec, 8.810 real sec
[M::process] read 103544 sequences (10000069 bp)...
[M::mem_process_seqs] Processed 103638 reads in 8.821 CPU sec, 8.766 real sec
[M::process] read 103518 sequences (10000005 bp)...
[M::mem_process_seqs] Processed 103544 reads in 8.824 CPU sec, 8.761 real sec
[M::process] read 103572 sequences (10000029 bp)...
[M::mem_process_seqs] Processed 103518 reads in 8.795 CPU sec, 8.736 real sec
[M::process] read 103612 sequences (10000172 bp)...
[M::mem_process_seqs] Processed 103572 reads in 8.836 CPU sec, 8.768 real sec
[M::process] read 103536 sequences (10000024 bp)...
[M::mem_process_seqs] Processed 103612 reads in 8.861 CPU sec, 8.808 real sec
[M::process] read 103498 sequences (10000136 bp)...
[M::mem_process_seqs] Processed 103536 reads in 8.812 CPU sec, 8.753 real sec
[M::process] read 103534 sequences (10000110 bp)...
[M::mem_process_seqs] Processed 103498 reads in 9.104 CPU sec, 9.044 real sec
[M::process] read 103542 sequences (10000083 bp)...
[M::mem_process_seqs] Processed 103534 reads in 8.808 CPU sec, 8.751 real sec
[M::process] read 103562 sequences (10000005 bp)...
[M::mem_process_seqs] Processed 103542 reads in 8.822 CPU sec, 8.762 real sec
[M::process] read 103546 sequences (10000059 bp)...
[M::mem_process_seqs] Processed 103562 reads in 8.770 CPU sec, 8.706 real sec
[M::process] read 103522 sequences (10000144 bp)...
[M::mem_process_seqs] Processed 103546 reads in 8.813 CPU sec, 8.757 real sec
[M::process] read 103546 sequences (10000012 bp)...
[M::mem_process_seqs] Processed 103522 reads in 8.802 CPU sec, 8.734 real sec
[M::process] read 103544 sequences (10000200 bp)...
[M::mem_process_seqs] Processed 103546 reads in 8.819 CPU sec, 8.757 real sec
[M::process] read 103546 sequences (10000045 bp)...
[M::mem_process_seqs] Processed 103544 reads in 9.099 CPU sec, 9.036 real sec
[M::process] read 103640 sequences (10000200 bp)...
[M::mem_process_seqs] Processed 103546 reads in 8.787 CPU sec, 8.727 real sec
[M::process] read 103586 sequences (10000016 bp)...
[M::mem_process_seqs] Processed 103640 reads in 8.815 CPU sec, 8.753 real sec
[M::process] read 103544 sequences (10000074 bp)...
[M::mem_process_seqs] Processed 103586 reads in 8.830 CPU sec, 8.771 real sec
[M::process] read 103518 sequences (10000158 bp)...
[M::mem_process_seqs] Processed 103544 reads in 8.845 CPU sec, 8.785 real sec
[M::process] read 103628 sequences (10000034 bp)...
[M::mem_process_seqs] Processed 103518 reads in 8.839 CPU sec, 8.779 real sec
[M::process] read 103502 sequences (10000026 bp)...
[M::mem_process_seqs] Processed 103628 reads in 8.793 CPU sec, 8.736 real sec
[M::process] read 103610 sequences (10000120 bp)...
[M::mem_process_seqs] Processed 103502 reads in 9.117 CPU sec, 9.057 real sec
[M::process] read 103580 sequences (10000078 bp)...
[M::mem_process_seqs] Processed 103610 reads in 8.823 CPU sec, 8.761 real sec
[M::process] read 103638 sequences (10000122 bp)...
[M::mem_process_seqs] Processed 103580 reads in 8.854 CPU sec, 8.796 real sec
[M::process] read 103620 sequences (10000068 bp)...
[M::mem_process_seqs] Processed 103638 reads in 8.834 CPU sec, 8.775 real sec
[M::process] read 103494 sequences (10000146 bp)...
[M::mem_process_seqs] Processed 103620 reads in 8.785 CPU sec, 8.726 real sec
[M::process] read 103572 sequences (10000092 bp)...
[M::mem_process_seqs] Processed 103494 reads in 8.850 CPU sec, 8.788 real sec
[M::process] read 103568 sequences (10000024 bp)...
[M::mem_process_seqs] Processed 103572 reads in 8.791 CPU sec, 8.731 real sec
[M::process] read 103564 sequences (10000099 bp)...
[M::mem_process_seqs] Processed 103568 reads in 9.106 CPU sec, 9.044 real sec
[M::process] read 103582 sequences (10000066 bp)...
[M::mem_process_seqs] Processed 103564 reads in 8.796 CPU sec, 8.737 real sec
[M::process] read 103598 sequences (10000008 bp)...
[M::mem_process_seqs] Processed 103582 reads in 8.806 CPU sec, 8.745 real sec
[M::process] read 103542 sequences (10000112 bp)...
[M::mem_process_seqs] Processed 103598 reads in 8.828 CPU sec, 8.773 real sec
[M::process] read 103476 sequences (10000012 bp)...
[M::mem_process_seqs] Processed 103542 reads in 8.804 CPU sec, 8.745 real sec
[M::process] read 103484 sequences (10000014 bp)...
[M::mem_process_seqs] Processed 103476 reads in 8.828 CPU sec, 8.760 real sec
[M::process] read 103554 sequences (10000170 bp)...
[M::mem_process_seqs] Processed 103484 reads in 8.891 CPU sec, 8.823 real sec
[M::process] read 103602 sequences (10000108 bp)...
[M::mem_process_seqs] Processed 103554 reads in 9.013 CPU sec, 8.948 real sec
[M::process] read 103544 sequences (10000202 bp)...
[M::mem_process_seqs] Processed 103602 reads in 8.799 CPU sec, 8.730 real sec
[M::process] read 103448 sequences (10000202 bp)...
[M::mem_process_seqs] Processed 103544 reads in 8.771 CPU sec, 8.706 real sec
[M::process] read 103624 sequences (10000140 bp)...
[M::mem_process_seqs] Processed 103448 reads in 8.785 CPU sec, 8.718 real sec
[M::process] read 103568 sequences (10000117 bp)...
[M::mem_process_seqs] Processed 103624 reads in 8.797 CPU sec, 8.734 real sec
[M::process] read 103594 sequences (10000141 bp)...
[M::mem_process_seqs] Processed 103568 reads in 8.763 CPU sec, 8.696 real sec
[M::process] read 103546 sequences (10000151 bp)...
[M::mem_process_seqs] Processed 103594 reads in 8.847 CPU sec, 8.784 real sec
[M::process] read 103544 sequences (10000003 bp)...
[M::mem_process_seqs] Processed 103546 reads in 8.978 CPU sec, 8.911 real sec
[M::process] read 103672 sequences (10000173 bp)...
[M::mem_process_seqs] Processed 103544 reads in 8.778 CPU sec, 8.713 real sec
[M::process] read 103566 sequences (10000102 bp)...
[M::mem_process_seqs] Processed 103672 reads in 8.816 CPU sec, 8.749 real sec
[M::process] read 103506 sequences (10000033 bp)...
[M::mem_process_seqs] Processed 103566 reads in 8.799 CPU sec, 8.737 real sec
[M::process] read 103526 sequences (10000196 bp)...
[M::mem_process_seqs] Processed 103506 reads in 8.798 CPU sec, 8.730 real sec
[M::process] read 103560 sequences (10000128 bp)...
[M::mem_process_seqs] Processed 103526 reads in 8.763 CPU sec, 8.701 real sec
[M::process] read 103540 sequences (10000186 bp)...
[M::mem_process_seqs] Processed 103560 reads in 8.870 CPU sec, 8.802 real sec
[M::process] read 103648 sequences (10000167 bp)...
[M::mem_process_seqs] Processed 103540 reads in 8.944 CPU sec, 8.879 real sec
[M::process] read 103570 sequences (10000148 bp)...
[M::mem_process_seqs] Processed 103648 reads in 8.781 CPU sec, 8.712 real sec
[M::process] read 103446 sequences (10000070 bp)...
[M::mem_process_seqs] Processed 103570 reads in 8.843 CPU sec, 8.781 real sec
[M::process] read 103566 sequences (10000133 bp)...
[M::mem_process_seqs] Processed 103446 reads in 8.796 CPU sec, 8.727 real sec
[M::process] read 103522 sequences (10000177 bp)...
[M::mem_process_seqs] Processed 103566 reads in 8.794 CPU sec, 8.731 real sec
[M::process] read 103552 sequences (10000111 bp)...
[M::mem_process_seqs] Processed 103522 reads in 8.794 CPU sec, 8.726 real sec
[M::process] read 103492 sequences (10000082 bp)...
[M::mem_process_seqs] Processed 103552 reads in 8.932 CPU sec, 8.869 real sec
[M::process] read 103522 sequences (10000019 bp)...
[M::mem_process_seqs] Processed 103492 reads in 9.000 CPU sec, 8.934 real sec
[M::process] read 103462 sequences (10000185 bp)...
[M::mem_process_seqs] Processed 103522 reads in 8.786 CPU sec, 8.723 real sec
[M::process] read 103512 sequences (10000037 bp)...
[M::mem_process_seqs] Processed 103462 reads in 8.767 CPU sec, 8.698 real sec
[M::process] read 103524 sequences (10000157 bp)...
[M::mem_process_seqs] Processed 103512 reads in 8.766 CPU sec, 8.702 real sec
[M::process] read 103538 sequences (10000073 bp)...
[M::mem_process_seqs] Processed 103524 reads in 8.789 CPU sec, 8.721 real sec
[M::process] read 103562 sequences (10000175 bp)...
[M::mem_process_seqs] Processed 103538 reads in 8.814 CPU sec, 8.750 real sec
[M::process] read 103578 sequences (10000028 bp)...
[M::mem_process_seqs] Processed 103562 reads in 8.908 CPU sec, 8.840 real sec
[M::process] read 103550 sequences (10000107 bp)...
[M::mem_process_seqs] Processed 103578 reads in 8.997 CPU sec, 8.936 real sec
[M::process] read 103580 sequences (10000020 bp)...
[M::mem_process_seqs] Processed 103550 reads in 8.792 CPU sec, 8.722 real sec
[M::process] read 103530 sequences (10000114 bp)...
[M::mem_process_seqs] Processed 103580 reads in 8.751 CPU sec, 8.688 real sec
[M::process] read 103650 sequences (10000039 bp)...
[M::mem_process_seqs] Processed 103530 reads in 8.734 CPU sec, 8.666 real sec
[M::process] read 103574 sequences (10000164 bp)...
[M::mem_process_seqs] Processed 103650 reads in 8.784 CPU sec, 8.722 real sec
[M::process] read 103590 sequences (10000131 bp)...
[M::mem_process_seqs] Processed 103574 reads in 8.761 CPU sec, 8.693 real sec
[M::process] read 103614 sequences (10000067 bp)...
[M::mem_process_seqs] Processed 103590 reads in 8.922 CPU sec, 8.861 real sec
[M::process] read 103586 sequences (10000021 bp)...
[M::mem_process_seqs] Processed 103614 reads in 8.987 CPU sec, 8.918 real sec
[M::process] read 103554 sequences (10000051 bp)...
[M::mem_process_seqs] Processed 103586 reads in 8.842 CPU sec, 8.779 real sec
[M::process] read 103588 sequences (10000172 bp)...
[M::mem_process_seqs] Processed 103554 reads in 8.800 CPU sec, 8.732 real sec
[M::process] read 103598 sequences (10000019 bp)...
[M::mem_process_seqs] Processed 103588 reads in 8.855 CPU sec, 8.792 real sec
[M::process] read 103608 sequences (10000121 bp)...
[M::mem_process_seqs] Processed 103598 reads in 8.747 CPU sec, 8.679 real sec
[M::process] read 103570 sequences (10000136 bp)...
[M::mem_process_seqs] Processed 103608 reads in 8.823 CPU sec, 8.761 real sec
[M::process] read 103526 sequences (10000029 bp)...
[M::mem_process_seqs] Processed 103570 reads in 8.829 CPU sec, 8.761 real sec
[M::process] read 103522 sequences (10000133 bp)...
[M::mem_process_seqs] Processed 103526 reads in 8.797 CPU sec, 8.735 real sec
[M::process] read 103476 sequences (10000002 bp)...
[M::mem_process_seqs] Processed 103522 reads in 8.733 CPU sec, 8.666 real sec
[M::process] read 103590 sequences (10000160 bp)...
[M::mem_process_seqs] Processed 103476 reads in 8.781 CPU sec, 8.720 real sec
[M::process] read 103530 sequences (10000070 bp)...
[M::mem_process_seqs] Processed 103590 reads in 8.812 CPU sec, 8.744 real sec
[M::process] read 103484 sequences (10000084 bp)...
[M::mem_process_seqs] Processed 103530 reads in 8.821 CPU sec, 8.758 real sec
[M::process] read 103548 sequences (10000010 bp)...
[M::mem_process_seqs] Processed 103484 reads in 8.782 CPU sec, 8.714 real sec
[M::process] read 103442 sequences (10000098 bp)...
[M::mem_process_seqs] Processed 103548 reads in 8.969 CPU sec, 8.907 real sec
[M::process] read 103402 sequences (10000127 bp)...
[M::mem_process_seqs] Processed 103442 reads in 8.918 CPU sec, 8.848 real sec
[M::process] read 103572 sequences (10000051 bp)...
[M::mem_process_seqs] Processed 103402 reads in 8.770 CPU sec, 8.706 real sec
[M::process] read 103478 sequences (10000216 bp)...
[M::mem_process_seqs] Processed 103572 reads in 8.754 CPU sec, 8.684 real sec
[M::process] read 103500 sequences (10000047 bp)...
[M::mem_process_seqs] Processed 103478 reads in 8.806 CPU sec, 8.742 real sec
[M::process] read 103476 sequences (10000097 bp)...
[M::mem_process_seqs] Processed 103500 reads in 8.799 CPU sec, 8.732 real sec
[M::process] read 103548 sequences (10000130 bp)...
[M::mem_process_seqs] Processed 103476 reads in 8.820 CPU sec, 8.756 real sec
[M::process] read 103602 sequences (10000054 bp)...
[M::mem_process_seqs] Processed 103548 reads in 8.992 CPU sec, 8.926 real sec
[M::process] read 103472 sequences (10000102 bp)...
[M::mem_process_seqs] Processed 103602 reads in 8.865 CPU sec, 8.805 real sec
[M::process] read 103574 sequences (10000162 bp)...
[M::mem_process_seqs] Processed 103472 reads in 8.761 CPU sec, 8.693 real sec
[M::process] read 103624 sequences (10000105 bp)...
[M::mem_process_seqs] Processed 103574 reads in 8.784 CPU sec, 8.722 real sec
[M::process] read 103594 sequences (10000211 bp)...
[M::mem_process_seqs] Processed 103624 reads in 8.740 CPU sec, 8.675 real sec
[M::process] read 103640 sequences (10000148 bp)...
[M::mem_process_seqs] Processed 103594 reads in 8.792 CPU sec, 8.731 real sec
[M::process] read 103592 sequences (10000163 bp)...
[M::mem_process_seqs] Processed 103640 reads in 8.789 CPU sec, 8.723 real sec
[M::process] read 103440 sequences (10000168 bp)...
[M::mem_process_seqs] Processed 103592 reads in 9.075 CPU sec, 9.018 real sec
[M::process] read 103522 sequences (10000177 bp)...
[M::mem_process_seqs] Processed 103440 reads in 8.848 CPU sec, 8.782 real sec
[M::process] read 103482 sequences (10000011 bp)...
[M::mem_process_seqs] Processed 103522 reads in 8.841 CPU sec, 8.785 real sec
[M::process] read 103542 sequences (10000113 bp)...
[M::mem_process_seqs] Processed 103482 reads in 8.752 CPU sec, 8.684 real sec
[M::process] read 103528 sequences (10000021 bp)...
[M::mem_process_seqs] Processed 103542 reads in 8.890 CPU sec, 8.833 real sec
[M::process] read 103616 sequences (10000133 bp)...
[M::mem_process_seqs] Processed 103528 reads in 8.800 CPU sec, 8.733 real sec
[M::process] read 103584 sequences (10000189 bp)...
[M::mem_process_seqs] Processed 103616 reads in 8.846 CPU sec, 8.788 real sec
[M::process] read 103534 sequences (10000181 bp)...
[M::mem_process_seqs] Processed 103584 reads in 8.831 CPU sec, 8.763 real sec
[M::process] read 103628 sequences (10000001 bp)...
[M::mem_process_seqs] Processed 103534 reads in 8.791 CPU sec, 8.734 real sec
[M::process] read 103520 sequences (10000034 bp)...
[M::mem_process_seqs] Processed 103628 reads in 8.757 CPU sec, 8.692 real sec
[M::process] read 103574 sequences (10000157 bp)...
[M::mem_process_seqs] Processed 103520 reads in 8.843 CPU sec, 8.791 real sec
[M::process] read 103622 sequences (10000008 bp)...
[M::mem_process_seqs] Processed 103574 reads in 8.811 CPU sec, 8.746 real sec
[M::process] read 103542 sequences (10000131 bp)...
[M::mem_process_seqs] Processed 103622 reads in 8.795 CPU sec, 8.731 real sec
[M::process] read 103516 sequences (10000099 bp)...
[M::mem_process_seqs] Processed 103542 reads in 8.768 CPU sec, 8.700 real sec
[M::process] read 103524 sequences (10000077 bp)...
[M::mem_process_seqs] Processed 103516 reads in 9.058 CPU sec, 8.995 real sec
[M::process] read 103498 sequences (10000146 bp)...
[M::mem_process_seqs] Processed 103524 reads in 8.774 CPU sec, 8.710 real sec
[M::process] read 103582 sequences (10000046 bp)...
[M::mem_process_seqs] Processed 103498 reads in 8.793 CPU sec, 8.730 real sec
[M::process] read 103472 sequences (10000044 bp)...
[M::mem_process_seqs] Processed 103582 reads in 8.752 CPU sec, 8.686 real sec
[M::process] read 103534 sequences (10000107 bp)...
[M::mem_process_seqs] Processed 103472 reads in 8.767 CPU sec, 8.703 real sec
[M::process] read 103484 sequences (10000078 bp)...
[M::mem_process_seqs] Processed 103534 reads in 8.720 CPU sec, 8.653 real sec
[M::process] read 103570 sequences (10000178 bp)...
[M::mem_process_seqs] Processed 103484 reads in 8.750 CPU sec, 8.685 real sec
[M::process] read 103574 sequences (10000014 bp)...
[M::mem_process_seqs] Processed 103570 reads in 8.823 CPU sec, 8.758 real sec
[M::process] read 103616 sequences (10000099 bp)...
[M::mem_process_seqs] Processed 103574 reads in 8.757 CPU sec, 8.694 real sec
[M::process] read 103564 sequences (10000006 bp)...
[M::mem_process_seqs] Processed 103616 reads in 8.737 CPU sec, 8.667 real sec
[M::process] read 103584 sequences (10000176 bp)...
[M::mem_process_seqs] Processed 103564 reads in 8.776 CPU sec, 8.712 real sec
[M::process] read 103626 sequences (10000157 bp)...
[M::mem_process_seqs] Processed 103584 reads in 8.766 CPU sec, 8.698 real sec
[M::process] read 103602 sequences (10000138 bp)...
[M::mem_process_seqs] Processed 103626 reads in 8.760 CPU sec, 8.697 real sec
[M::process] read 103546 sequences (10000134 bp)...
[M::mem_process_seqs] Processed 103602 reads in 8.767 CPU sec, 8.701 real sec
[M::process] read 103524 sequences (10000121 bp)...
[M::mem_process_seqs] Processed 103546 reads in 9.063 CPU sec, 9.000 real sec
[M::process] read 103480 sequences (10000078 bp)...
[M::mem_process_seqs] Processed 103524 reads in 8.738 CPU sec, 8.668 real sec
[M::process] read 103658 sequences (10000006 bp)...
[M::mem_process_seqs] Processed 103480 reads in 8.837 CPU sec, 8.774 real sec
[M::process] read 103630 sequences (10000147 bp)...
[M::mem_process_seqs] Processed 103658 reads in 8.827 CPU sec, 8.758 real sec
[M::process] read 103540 sequences (10000053 bp)...
[M::mem_process_seqs] Processed 103630 reads in 8.794 CPU sec, 8.725 real sec
[M::process] read 103560 sequences (10000139 bp)...
[M::mem_process_seqs] Processed 103540 reads in 8.805 CPU sec, 8.734 real sec
[M::process] read 103560 sequences (10000144 bp)...
[M::mem_process_seqs] Processed 103560 reads in 8.858 CPU sec, 8.788 real sec
[M::process] read 103472 sequences (10000039 bp)...
[M::mem_process_seqs] Processed 103560 reads in 9.014 CPU sec, 8.942 real sec
[M::process] read 103566 sequences (10000199 bp)...
[M::mem_process_seqs] Processed 103472 reads in 8.819 CPU sec, 8.752 real sec
[M::process] read 103568 sequences (10000044 bp)...
[M::mem_process_seqs] Processed 103566 reads in 8.761 CPU sec, 8.692 real sec
[M::process] read 103592 sequences (10000205 bp)...
[M::mem_process_seqs] Processed 103568 reads in 8.866 CPU sec, 8.799 real sec
[M::process] read 103486 sequences (10000213 bp)...
[M::mem_process_seqs] Processed 103592 reads in 8.804 CPU sec, 8.738 real sec
[M::process] read 103514 sequences (10000091 bp)...
[M::mem_process_seqs] Processed 103486 reads in 8.805 CPU sec, 8.737 real sec
[M::process] read 103564 sequences (10000163 bp)...
[M::mem_process_seqs] Processed 103514 reads in 8.842 CPU sec, 8.775 real sec
[M::process] read 103554 sequences (10000008 bp)...
[M::mem_process_seqs] Processed 103564 reads in 9.031 CPU sec, 8.962 real sec
[M::process] read 103574 sequences (10000149 bp)...
[M::mem_process_seqs] Processed 103554 reads in 8.773 CPU sec, 8.704 real sec
[M::process] read 103554 sequences (10000108 bp)...
[M::mem_process_seqs] Processed 103574 reads in 8.768 CPU sec, 8.702 real sec
[M::process] read 103638 sequences (10000196 bp)...
[M::mem_process_seqs] Processed 103554 reads in 8.832 CPU sec, 8.765 real sec
[M::process] read 103572 sequences (10000139 bp)...
[M::mem_process_seqs] Processed 103638 reads in 8.814 CPU sec, 8.745 real sec
[M::process] read 103646 sequences (10000033 bp)...
[M::mem_process_seqs] Processed 103572 reads in 8.771 CPU sec, 8.703 real sec
[M::process] read 103554 sequences (10000103 bp)...
[M::mem_process_seqs] Processed 103646 reads in 8.916 CPU sec, 8.848 real sec
[M::process] read 103588 sequences (10000018 bp)...
[M::mem_process_seqs] Processed 103554 reads in 8.930 CPU sec, 8.861 real sec
[M::process] read 103596 sequences (10000140 bp)...
[M::mem_process_seqs] Processed 103588 reads in 8.840 CPU sec, 8.776 real sec
[M::process] read 103574 sequences (10000087 bp)...
[M::mem_process_seqs] Processed 103596 reads in 8.777 CPU sec, 8.708 real sec
[M::process] read 103558 sequences (10000209 bp)...
[M::mem_process_seqs] Processed 103574 reads in 8.814 CPU sec, 8.749 real sec
[M::process] read 103578 sequences (10000105 bp)...
[M::mem_process_seqs] Processed 103558 reads in 8.699 CPU sec, 8.631 real sec
[M::process] read 103494 sequences (10000035 bp)...
[M::mem_process_seqs] Processed 103578 reads in 8.802 CPU sec, 8.734 real sec
[M::process] read 103612 sequences (10000101 bp)...
[M::mem_process_seqs] Processed 103494 reads in 8.955 CPU sec, 8.889 real sec
[M::process] read 103574 sequences (10000120 bp)...
[M::mem_process_seqs] Processed 103612 reads in 8.947 CPU sec, 8.878 real sec
[M::process] read 103578 sequences (10000066 bp)...
[M::mem_process_seqs] Processed 103574 reads in 8.782 CPU sec, 8.718 real sec
[M::process] read 103478 sequences (10000015 bp)...
[M::mem_process_seqs] Processed 103578 reads in 8.791 CPU sec, 8.722 real sec
[M::process] read 103664 sequences (10000175 bp)...
[M::mem_process_seqs] Processed 103478 reads in 8.783 CPU sec, 8.717 real sec
[M::process] read 103458 sequences (10000079 bp)...
[M::mem_process_seqs] Processed 103664 reads in 8.832 CPU sec, 8.761 real sec
[M::process] read 103574 sequences (10000054 bp)...
[M::mem_process_seqs] Processed 103458 reads in 8.852 CPU sec, 8.784 real sec
[M::process] read 103566 sequences (10000108 bp)...
[M::mem_process_seqs] Processed 103574 reads in 9.021 CPU sec, 8.954 real sec
[M::process] read 103622 sequences (10000026 bp)...
[M::mem_process_seqs] Processed 103566 reads in 8.942 CPU sec, 8.877 real sec
[M::process] read 103512 sequences (10000129 bp)...
[M::mem_process_seqs] Processed 103622 reads in 8.799 CPU sec, 8.732 real sec
[M::process] read 103462 sequences (10000040 bp)...
[M::mem_process_seqs] Processed 103512 reads in 8.859 CPU sec, 8.791 real sec
[M::process] read 103598 sequences (10000010 bp)...
[M::mem_process_seqs] Processed 103462 reads in 8.979 CPU sec, 8.911 real sec
[M::process] read 103560 sequences (10000140 bp)...
[M::mem_process_seqs] Processed 103598 reads in 8.764 CPU sec, 8.696 real sec
[M::process] read 103574 sequences (10000005 bp)...
[M::mem_process_seqs] Processed 103560 reads in 8.809 CPU sec, 8.743 real sec
[M::process] read 103512 sequences (10000137 bp)...
[M::mem_process_seqs] Processed 103574 reads in 8.967 CPU sec, 8.902 real sec
[M::process] read 103538 sequences (10000060 bp)...
[M::mem_process_seqs] Processed 103512 reads in 8.967 CPU sec, 8.898 real sec
[M::process] read 103458 sequences (10000167 bp)...
[M::mem_process_seqs] Processed 103538 reads in 8.736 CPU sec, 8.667 real sec
[M::process] read 103620 sequences (10000159 bp)...
[M::mem_process_seqs] Processed 103458 reads in 8.809 CPU sec, 8.742 real sec
[M::process] read 103538 sequences (10000099 bp)...
[M::mem_process_seqs] Processed 103620 reads in 8.832 CPU sec, 8.763 real sec
[M::process] read 103666 sequences (10000183 bp)...
[M::mem_process_seqs] Processed 103538 reads in 8.781 CPU sec, 8.713 real sec
[M::process] read 103568 sequences (10000098 bp)...
[M::mem_process_seqs] Processed 103666 reads in 8.773 CPU sec, 8.704 real sec
[M::process] read 103496 sequences (10000140 bp)...
[M::mem_process_seqs] Processed 103568 reads in 8.899 CPU sec, 8.834 real sec
[M::process] read 103578 sequences (10000157 bp)...
[M::mem_process_seqs] Processed 103496 reads in 8.819 CPU sec, 8.750 real sec
[M::process] read 103498 sequences (10000142 bp)...
[M::mem_process_seqs] Processed 103578 reads in 8.754 CPU sec, 8.687 real sec
[M::process] read 103612 sequences (10000000 bp)...
[M::mem_process_seqs] Processed 103498 reads in 8.848 CPU sec, 8.780 real sec
[M::process] read 103540 sequences (10000177 bp)...
[M::mem_process_seqs] Processed 103612 reads in 8.807 CPU sec, 8.743 real sec
[M::process] read 103522 sequences (10000100 bp)...
[M::mem_process_seqs] Processed 103540 reads in 8.799 CPU sec, 8.730 real sec
[M::process] read 103492 sequences (10000061 bp)...
[M::mem_process_seqs] Processed 103522 reads in 8.763 CPU sec, 8.697 real sec
[M::process] read 103540 sequences (10000068 bp)...
[M::mem_process_seqs] Processed 103492 reads in 8.972 CPU sec, 8.903 real sec
[M::process] read 103538 sequences (10000138 bp)...
[M::mem_process_seqs] Processed 103540 reads in 8.857 CPU sec, 8.791 real sec
[M::process] read 103608 sequences (10000010 bp)...
[M::mem_process_seqs] Processed 103538 reads in 8.770 CPU sec, 8.701 real sec
[M::process] read 103620 sequences (10000075 bp)...
[M::mem_process_seqs] Processed 103608 reads in 8.782 CPU sec, 8.715 real sec
[M::process] read 103460 sequences (10000048 bp)...
[M::mem_process_seqs] Processed 103620 reads in 8.800 CPU sec, 8.732 real sec
[M::process] read 103532 sequences (10000050 bp)...
[M::mem_process_seqs] Processed 103460 reads in 8.806 CPU sec, 8.740 real sec
[M::process] read 103578 sequences (10000106 bp)...
[M::mem_process_seqs] Processed 103532 reads in 8.779 CPU sec, 8.710 real sec
[M::process] read 103504 sequences (10000015 bp)...
[M::mem_process_seqs] Processed 103578 reads in 9.023 CPU sec, 8.959 real sec
[M::process] read 103478 sequences (10000039 bp)...
[M::mem_process_seqs] Processed 103504 reads in 8.890 CPU sec, 8.820 real sec
[M::process] read 103490 sequences (10000127 bp)...
[M::mem_process_seqs] Processed 103478 reads in 8.800 CPU sec, 8.731 real sec
[M::process] read 103570 sequences (10000056 bp)...
[M::mem_process_seqs] Processed 103490 reads in 8.791 CPU sec, 8.722 real sec
[M::process] read 103612 sequences (10000184 bp)...
[M::mem_process_seqs] Processed 103570 reads in 8.770 CPU sec, 8.702 real sec
[M::process] read 103580 sequences (10000115 bp)...
[M::mem_process_seqs] Processed 103612 reads in 8.786 CPU sec, 8.718 real sec
[M::process] read 103466 sequences (10000108 bp)...
[M::mem_process_seqs] Processed 103580 reads in 8.766 CPU sec, 8.698 real sec
[M::process] read 103568 sequences (10000150 bp)...
[M::mem_process_seqs] Processed 103466 reads in 8.975 CPU sec, 8.907 real sec
[M::process] read 103576 sequences (10000105 bp)...
[M::mem_process_seqs] Processed 103568 reads in 8.816 CPU sec, 8.745 real sec
[M::process] read 103522 sequences (10000114 bp)...
[M::mem_process_seqs] Processed 103576 reads in 8.792 CPU sec, 8.725 real sec
[M::process] read 103554 sequences (10000018 bp)...
[M::mem_process_seqs] Processed 103522 reads in 8.811 CPU sec, 8.746 real sec
[M::process] read 103602 sequences (10000060 bp)...
[M::mem_process_seqs] Processed 103554 reads in 8.816 CPU sec, 8.745 real sec
[M::process] read 103520 sequences (10000042 bp)...
[M::mem_process_seqs] Processed 103602 reads in 8.787 CPU sec, 8.719 real sec
[M::process] read 103498 sequences (10000191 bp)...
[M::mem_process_seqs] Processed 103520 reads in 8.895 CPU sec, 8.826 real sec
[M::process] read 103632 sequences (10000152 bp)...
[M::mem_process_seqs] Processed 103498 reads in 9.222 CPU sec, 9.154 real sec
[M::process] read 103520 sequences (10000058 bp)...
[M::mem_process_seqs] Processed 103632 reads in 9.088 CPU sec, 9.019 real sec
[M::process] read 103578 sequences (10000027 bp)...
[M::mem_process_seqs] Processed 103520 reads in 8.907 CPU sec, 8.839 real sec
[M::process] read 103516 sequences (10000142 bp)...
[M::mem_process_seqs] Processed 103578 reads in 8.882 CPU sec, 8.817 real sec
[M::process] read 103590 sequences (10000110 bp)...
[M::mem_process_seqs] Processed 103516 reads in 8.876 CPU sec, 8.808 real sec
[M::process] read 103516 sequences (10000158 bp)...
[M::mem_process_seqs] Processed 103590 reads in 8.855 CPU sec, 8.788 real sec
[M::process] read 103542 sequences (10000108 bp)...
[M::mem_process_seqs] Processed 103516 reads in 8.810 CPU sec, 8.742 real sec
[M::process] read 103580 sequences (10000121 bp)...
[M::mem_process_seqs] Processed 103542 reads in 9.145 CPU sec, 9.078 real sec
[M::process] read 103614 sequences (10000076 bp)...
[M::mem_process_seqs] Processed 103580 reads in 8.862 CPU sec, 8.794 real sec
[M::process] read 103582 sequences (10000124 bp)...
[M::mem_process_seqs] Processed 103614 reads in 8.808 CPU sec, 8.739 real sec
[M::process] read 103610 sequences (10000101 bp)...
[M::mem_process_seqs] Processed 103582 reads in 8.895 CPU sec, 8.830 real sec
[M::process] read 103538 sequences (10000026 bp)...
[M::mem_process_seqs] Processed 103610 reads in 8.859 CPU sec, 8.788 real sec
[M::process] read 103494 sequences (10000007 bp)...
[M::mem_process_seqs] Processed 103538 reads in 8.853 CPU sec, 8.785 real sec
[M::process] read 103468 sequences (10000018 bp)...
[M::mem_process_seqs] Processed 103494 reads in 8.905 CPU sec, 8.836 real sec
[M::process] read 103440 sequences (10000012 bp)...
[M::mem_process_seqs] Processed 103468 reads in 9.044 CPU sec, 8.974 real sec
[M::process] read 103554 sequences (10000115 bp)...
[M::mem_process_seqs] Processed 103440 reads in 8.856 CPU sec, 8.786 real sec
[M::process] read 103542 sequences (10000173 bp)...
[M::mem_process_seqs] Processed 103554 reads in 8.858 CPU sec, 8.787 real sec
[M::process] read 103526 sequences (10000041 bp)...
[M::mem_process_seqs] Processed 103542 reads in 8.854 CPU sec, 8.784 real sec
[M::process] read 103442 sequences (10000072 bp)...
[M::mem_process_seqs] Processed 103526 reads in 8.857 CPU sec, 8.791 real sec
[M::process] read 103504 sequences (10000013 bp)...
[M::mem_process_seqs] Processed 103442 reads in 8.861 CPU sec, 8.791 real sec
[M::process] read 103580 sequences (10000156 bp)...
[M::mem_process_seqs] Processed 103504 reads in 8.933 CPU sec, 8.865 real sec
[M::process] read 103568 sequences (10000132 bp)...
[M::mem_process_seqs] Processed 103580 reads in 8.999 CPU sec, 8.928 real sec
[M::process] read 103618 sequences (10000138 bp)...
[M::mem_process_seqs] Processed 103568 reads in 8.791 CPU sec, 8.728 real sec
[M::process] read 103702 sequences (10000121 bp)...
[M::mem_process_seqs] Processed 103618 reads in 8.778 CPU sec, 8.709 real sec
[M::process] read 103576 sequences (10000196 bp)...
[M::mem_process_seqs] Processed 103702 reads in 8.858 CPU sec, 8.791 real sec
[M::process] read 103496 sequences (10000179 bp)...
[M::mem_process_seqs] Processed 103576 reads in 8.877 CPU sec, 8.809 real sec
[M::process] read 103532 sequences (10000117 bp)...
[M::mem_process_seqs] Processed 103496 reads in 8.839 CPU sec, 8.773 real sec
[M::process] read 103508 sequences (10000029 bp)...
[M::mem_process_seqs] Processed 103532 reads in 8.988 CPU sec, 8.923 real sec
[M::process] read 103488 sequences (10000117 bp)...
[M::mem_process_seqs] Processed 103508 reads in 8.951 CPU sec, 8.885 real sec
[M::process] read 103542 sequences (10000005 bp)...
[M::mem_process_seqs] Processed 103488 reads in 8.835 CPU sec, 8.770 real sec
[M::process] read 103500 sequences (10000167 bp)...
[M::mem_process_seqs] Processed 103542 reads in 8.899 CPU sec, 8.830 real sec
[M::process] read 103562 sequences (10000068 bp)...
[M::mem_process_seqs] Processed 103500 reads in 8.873 CPU sec, 8.804 real sec
[M::process] read 103456 sequences (10000120 bp)...
[M::mem_process_seqs] Processed 103562 reads in 8.852 CPU sec, 8.785 real sec
[M::process] read 103586 sequences (10000117 bp)...
[M::mem_process_seqs] Processed 103456 reads in 8.839 CPU sec, 8.771 real sec
[M::process] read 103614 sequences (10000100 bp)...
[M::mem_process_seqs] Processed 103586 reads in 8.888 CPU sec, 8.823 real sec
[M::process] read 103438 sequences (10000170 bp)...
[M::mem_process_seqs] Processed 103614 reads in 8.815 CPU sec, 8.747 real sec
[M::process] read 103630 sequences (10000025 bp)...
[M::mem_process_seqs] Processed 103438 reads in 8.832 CPU sec, 8.763 real sec
[M::process] read 103572 sequences (10000177 bp)...
[M::mem_process_seqs] Processed 103630 reads in 8.810 CPU sec, 8.740 real sec
[M::process] read 103554 sequences (10000066 bp)...
[M::mem_process_seqs] Processed 103572 reads in 8.859 CPU sec, 8.790 real sec
[M::process] read 103520 sequences (10000093 bp)...
[M::mem_process_seqs] Processed 103554 reads in 8.855 CPU sec, 8.785 real sec
[M::process] read 103478 sequences (10000180 bp)...
[M::mem_process_seqs] Processed 103520 reads in 8.867 CPU sec, 8.801 real sec
[M::process] read 103414 sequences (10000139 bp)...
[M::mem_process_seqs] Processed 103478 reads in 9.107 CPU sec, 9.039 real sec
[M::process] read 103538 sequences (10000094 bp)...
[M::mem_process_seqs] Processed 103414 reads in 8.851 CPU sec, 8.781 real sec
[M::process] read 103618 sequences (10000169 bp)...
[M::mem_process_seqs] Processed 103538 reads in 8.829 CPU sec, 8.760 real sec
[M::process] read 103524 sequences (10000111 bp)...
[M::mem_process_seqs] Processed 103618 reads in 8.859 CPU sec, 8.791 real sec
[M::process] read 103562 sequences (10000114 bp)...
[M::mem_process_seqs] Processed 103524 reads in 8.813 CPU sec, 8.743 real sec
[M::process] read 103554 sequences (10000074 bp)...
[M::mem_process_seqs] Processed 103562 reads in 8.812 CPU sec, 8.745 real sec
[M::process] read 103646 sequences (10000023 bp)...
[M::mem_process_seqs] Processed 103554 reads in 8.796 CPU sec, 8.728 real sec
[M::process] read 103642 sequences (10000046 bp)...
[M::mem_process_seqs] Processed 103646 reads in 9.053 CPU sec, 8.985 real sec
[M::process] read 103608 sequences (10000065 bp)...
[M::mem_process_seqs] Processed 103642 reads in 8.797 CPU sec, 8.726 real sec
[M::process] read 103574 sequences (10000008 bp)...
[M::mem_process_seqs] Processed 103608 reads in 8.834 CPU sec, 8.764 real sec
[M::process] read 103594 sequences (10000001 bp)...
[M::mem_process_seqs] Processed 103574 reads in 8.800 CPU sec, 8.731 real sec
[M::process] read 103528 sequences (10000011 bp)...
[M::mem_process_seqs] Processed 103594 reads in 8.819 CPU sec, 8.749 real sec
[M::process] read 103570 sequences (10000061 bp)...
[M::mem_process_seqs] Processed 103528 reads in 8.803 CPU sec, 8.731 real sec
[M::process] read 103414 sequences (10000021 bp)...
[M::mem_process_seqs] Processed 103570 reads in 8.797 CPU sec, 8.727 real sec
[M::process] read 103608 sequences (10000030 bp)...
[M::mem_process_seqs] Processed 103414 reads in 9.133 CPU sec, 9.067 real sec
[M::process] read 103614 sequences (10000042 bp)...
[M::mem_process_seqs] Processed 103608 reads in 8.845 CPU sec, 8.776 real sec
[M::process] read 103542 sequences (10000078 bp)...
[M::mem_process_seqs] Processed 103614 reads in 8.835 CPU sec, 8.766 real sec
[M::process] read 103488 sequences (10000031 bp)...
[M::mem_process_seqs] Processed 103542 reads in 8.862 CPU sec, 8.793 real sec
[M::process] read 103582 sequences (10000163 bp)...
[M::mem_process_seqs] Processed 103488 reads in 8.834 CPU sec, 8.765 real sec
[M::process] read 103580 sequences (10000077 bp)...
[M::mem_process_seqs] Processed 103582 reads in 8.804 CPU sec, 8.733 real sec
[M::process] read 103528 sequences (10000158 bp)...
[M::mem_process_seqs] Processed 103580 reads in 8.884 CPU sec, 8.816 real sec
[M::process] read 103622 sequences (10000091 bp)...
[M::mem_process_seqs] Processed 103528 reads in 9.158 CPU sec, 9.089 real sec
[M::process] read 103486 sequences (10000004 bp)...
[M::mem_process_seqs] Processed 103622 reads in 8.800 CPU sec, 8.734 real sec
[M::process] read 103542 sequences (10000071 bp)...
[M::mem_process_seqs] Processed 103486 reads in 8.826 CPU sec, 8.758 real sec
[M::process] read 103472 sequences (10000074 bp)...
[M::mem_process_seqs] Processed 103542 reads in 8.868 CPU sec, 8.808 real sec
[M::process] read 103518 sequences (10000139 bp)...
[M::mem_process_seqs] Processed 103472 reads in 8.864 CPU sec, 8.796 real sec
[M::process] read 103542 sequences (10000147 bp)...
[M::mem_process_seqs] Processed 103518 reads in 8.845 CPU sec, 8.779 real sec
[M::process] read 103538 sequences (10000152 bp)...
[M::mem_process_seqs] Processed 103542 reads in 8.886 CPU sec, 8.822 real sec
[M::process] read 103582 sequences (10000003 bp)...
[M::mem_process_seqs] Processed 103538 reads in 8.896 CPU sec, 8.839 real sec
[M::process] read 103502 sequences (10000019 bp)...
[M::mem_process_seqs] Processed 103582 reads in 8.829 CPU sec, 8.763 real sec
[M::process] read 103496 sequences (10000088 bp)...
[M::mem_process_seqs] Processed 103502 reads in 8.869 CPU sec, 8.808 real sec
[M::process] read 103586 sequences (10000192 bp)...
[M::mem_process_seqs] Processed 103496 reads in 8.820 CPU sec, 8.754 real sec
[M::process] read 103426 sequences (10000177 bp)...
[M::mem_process_seqs] Processed 103586 reads in 8.857 CPU sec, 8.794 real sec
[M::process] read 103650 sequences (10000129 bp)...
[M::mem_process_seqs] Processed 103426 reads in 8.799 CPU sec, 8.732 real sec
[M::process] read 103632 sequences (10000010 bp)...
[M::mem_process_seqs] Processed 103650 reads in 9.009 CPU sec, 8.952 real sec
[M::process] read 103562 sequences (10000150 bp)...
[M::mem_process_seqs] Processed 103632 reads in 8.952 CPU sec, 8.887 real sec
[M::process] read 103510 sequences (10000054 bp)...
[M::mem_process_seqs] Processed 103562 reads in 8.863 CPU sec, 8.805 real sec
[M::process] read 103502 sequences (10000177 bp)...
[M::mem_process_seqs] Processed 103510 reads in 8.858 CPU sec, 8.792 real sec
[M::process] read 103550 sequences (10000167 bp)...
[M::mem_process_seqs] Processed 103502 reads in 8.882 CPU sec, 8.823 real sec
[M::process] read 103464 sequences (10000036 bp)...
[M::mem_process_seqs] Processed 103550 reads in 8.840 CPU sec, 8.770 real sec
[M::process] read 103478 sequences (10000000 bp)...
[M::mem_process_seqs] Processed 103464 reads in 8.895 CPU sec, 8.834 real sec
[M::process] read 103626 sequences (10000120 bp)...
[M::mem_process_seqs] Processed 103478 reads in 9.039 CPU sec, 8.972 real sec
[M::process] read 103618 sequences (10000090 bp)...
[M::mem_process_seqs] Processed 103626 reads in 8.978 CPU sec, 8.921 real sec
[M::process] read 103522 sequences (10000185 bp)...
[M::mem_process_seqs] Processed 103618 reads in 8.827 CPU sec, 8.757 real sec
[M::process] read 103560 sequences (10000117 bp)...
[M::mem_process_seqs] Processed 103522 reads in 8.927 CPU sec, 8.870 real sec
[M::process] read 103552 sequences (10000166 bp)...
[M::mem_process_seqs] Processed 103560 reads in 8.829 CPU sec, 8.761 real sec
[M::process] read 103500 sequences (10000176 bp)...
[M::mem_process_seqs] Processed 103552 reads in 8.874 CPU sec, 8.810 real sec
[M::process] read 103422 sequences (10000156 bp)...
[M::mem_process_seqs] Processed 103500 reads in 8.873 CPU sec, 8.804 real sec
[M::process] read 103526 sequences (10000175 bp)...
[M::mem_process_seqs] Processed 103422 reads in 9.092 CPU sec, 9.025 real sec
[M::process] read 103486 sequences (10000035 bp)...
[M::mem_process_seqs] Processed 103526 reads in 8.916 CPU sec, 8.846 real sec
[M::process] read 103540 sequences (10000152 bp)...
[M::mem_process_seqs] Processed 103486 reads in 8.814 CPU sec, 8.747 real sec
[M::process] read 103518 sequences (10000139 bp)...
[M::mem_process_seqs] Processed 103540 reads in 8.831 CPU sec, 8.765 real sec
[M::process] read 103548 sequences (10000038 bp)...
[M::mem_process_seqs] Processed 103518 reads in 8.841 CPU sec, 8.772 real sec
[M::process] read 103546 sequences (10000145 bp)...
[M::mem_process_seqs] Processed 103548 reads in 8.814 CPU sec, 8.746 real sec
[M::process] read 103568 sequences (10000121 bp)...
[M::mem_process_seqs] Processed 103546 reads in 8.827 CPU sec, 8.759 real sec
[M::process] read 103534 sequences (10000086 bp)...
[M::mem_process_seqs] Processed 103568 reads in 9.081 CPU sec, 9.018 real sec
[M::process] read 103474 sequences (10000155 bp)...
[M::mem_process_seqs] Processed 103534 reads in 8.946 CPU sec, 8.875 real sec
[M::process] read 103672 sequences (10000047 bp)...
[M::mem_process_seqs] Processed 103474 reads in 8.838 CPU sec, 8.770 real sec
[M::process] read 103538 sequences (10000066 bp)...
[M::mem_process_seqs] Processed 103672 reads in 8.867 CPU sec, 8.799 real sec
[M::process] read 103580 sequences (10000052 bp)...
[M::mem_process_seqs] Processed 103538 reads in 8.843 CPU sec, 8.774 real sec
[M::process] read 103608 sequences (10000098 bp)...
[M::mem_process_seqs] Processed 103580 reads in 8.893 CPU sec, 8.829 real sec
[M::process] read 103572 sequences (10000093 bp)...
[M::mem_process_seqs] Processed 103608 reads in 8.881 CPU sec, 8.811 real sec
[M::process] read 103560 sequences (10000214 bp)...
[M::mem_process_seqs] Processed 103572 reads in 9.138 CPU sec, 9.072 real sec
[M::process] read 103532 sequences (10000070 bp)...
[M::mem_process_seqs] Processed 103560 reads in 9.124 CPU sec, 9.055 real sec
[M::process] read 103560 sequences (10000064 bp)...
[M::mem_process_seqs] Processed 103532 reads in 9.185 CPU sec, 9.119 real sec
[M::process] read 103524 sequences (10000162 bp)...
[M::mem_process_seqs] Processed 103560 reads in 8.812 CPU sec, 8.742 real sec
[M::process] read 103560 sequences (10000098 bp)...
[M::mem_process_seqs] Processed 103524 reads in 8.855 CPU sec, 8.785 real sec
[M::process] read 103476 sequences (10000176 bp)...
[M::mem_process_seqs] Processed 103560 reads in 8.878 CPU sec, 8.810 real sec
[M::process] read 103708 sequences (10000170 bp)...
[M::mem_process_seqs] Processed 103476 reads in 8.892 CPU sec, 8.824 real sec
[M::process] read 103492 sequences (10000099 bp)...
[M::mem_process_seqs] Processed 103708 reads in 9.195 CPU sec, 9.120 real sec
[M::process] read 103500 sequences (10000060 bp)...
[M::mem_process_seqs] Processed 103492 reads in 8.883 CPU sec, 8.817 real sec
[M::process] read 103578 sequences (10000056 bp)...
[M::mem_process_seqs] Processed 103500 reads in 8.912 CPU sec, 8.845 real sec
[M::process] read 103610 sequences (10000174 bp)...
[M::mem_process_seqs] Processed 103578 reads in 8.895 CPU sec, 8.828 real sec
[M::process] read 103488 sequences (10000066 bp)...
[M::mem_process_seqs] Processed 103610 reads in 8.813 CPU sec, 8.744 real sec
[M::process] read 103564 sequences (10000025 bp)...
[M::mem_process_seqs] Processed 103488 reads in 8.851 CPU sec, 8.786 real sec
[M::process] read 103556 sequences (10000037 bp)...
[M::mem_process_seqs] Processed 103564 reads in 8.913 CPU sec, 8.843 real sec
[M::process] read 103474 sequences (10000207 bp)...
[M::mem_process_seqs] Processed 103556 reads in 9.025 CPU sec, 8.956 real sec
[M::process] read 103578 sequences (10000047 bp)...
[M::mem_process_seqs] Processed 103474 reads in 8.839 CPU sec, 8.769 real sec
[M::process] read 103448 sequences (10000067 bp)...
[M::mem_process_seqs] Processed 103578 reads in 8.861 CPU sec, 8.796 real sec
[M::process] read 103548 sequences (10000090 bp)...
[M::mem_process_seqs] Processed 103448 reads in 8.882 CPU sec, 8.815 real sec
[M::process] read 103488 sequences (10000007 bp)...
[M::mem_process_seqs] Processed 103548 reads in 8.830 CPU sec, 8.762 real sec
[M::process] read 103488 sequences (10000000 bp)...
[M::mem_process_seqs] Processed 103488 reads in 8.871 CPU sec, 8.802 real sec
[M::process] read 103548 sequences (10000108 bp)...
[M::mem_process_seqs] Processed 103488 reads in 8.972 CPU sec, 8.902 real sec
[M::process] read 103596 sequences (10000062 bp)...
[M::mem_process_seqs] Processed 103548 reads in 8.990 CPU sec, 8.919 real sec
[M::process] read 103562 sequences (10000204 bp)...
[M::mem_process_seqs] Processed 103596 reads in 8.824 CPU sec, 8.759 real sec
[M::process] read 103600 sequences (10000037 bp)...
[M::mem_process_seqs] Processed 103562 reads in 8.824 CPU sec, 8.752 real sec
[M::process] read 103708 sequences (10000172 bp)...
[M::mem_process_seqs] Processed 103600 reads in 8.859 CPU sec, 8.789 real sec
[M::process] read 103512 sequences (10000005 bp)...
[M::mem_process_seqs] Processed 103708 reads in 8.867 CPU sec, 8.798 real sec
[M::process] read 103622 sequences (10000013 bp)...
[M::mem_process_seqs] Processed 103512 reads in 8.842 CPU sec, 8.772 real sec
[M::process] read 103528 sequences (10000042 bp)...
[M::mem_process_seqs] Processed 103622 reads in 8.958 CPU sec, 8.891 real sec
[M::process] read 103504 sequences (10000082 bp)...
[M::mem_process_seqs] Processed 103528 reads in 8.896 CPU sec, 8.826 real sec
[M::process] read 103520 sequences (10000012 bp)...
[M::mem_process_seqs] Processed 103504 reads in 8.790 CPU sec, 8.722 real sec
[M::process] read 103552 sequences (10000104 bp)...
[M::mem_process_seqs] Processed 103520 reads in 8.848 CPU sec, 8.778 real sec
[M::process] read 103568 sequences (10000115 bp)...
[M::mem_process_seqs] Processed 103552 reads in 8.914 CPU sec, 8.844 real sec
[M::process] read 103524 sequences (10000059 bp)...
[M::mem_process_seqs] Processed 103568 reads in 8.845 CPU sec, 8.777 real sec
[M::process] read 103516 sequences (10000135 bp)...
[M::mem_process_seqs] Processed 103524 reads in 8.840 CPU sec, 8.768 real sec
[M::process] read 103554 sequences (10000037 bp)...
[M::mem_process_seqs] Processed 103516 reads in 9.049 CPU sec, 8.982 real sec
[M::process] read 103552 sequences (10000103 bp)...
[M::mem_process_seqs] Processed 103554 reads in 8.884 CPU sec, 8.815 real sec
[M::process] read 103488 sequences (10000169 bp)...
[M::mem_process_seqs] Processed 103552 reads in 8.843 CPU sec, 8.776 real sec
[M::process] read 103542 sequences (10000167 bp)...
[M::mem_process_seqs] Processed 103488 reads in 8.844 CPU sec, 8.778 real sec
[M::process] read 103588 sequences (10000116 bp)...
[M::mem_process_seqs] Processed 103542 reads in 8.865 CPU sec, 8.798 real sec
[M::process] read 103588 sequences (10000162 bp)...
[M::mem_process_seqs] Processed 103588 reads in 8.894 CPU sec, 8.830 real sec
[M::process] read 103538 sequences (10000184 bp)...
[M::mem_process_seqs] Processed 103588 reads in 8.874 CPU sec, 8.804 real sec
[M::process] read 103606 sequences (10000089 bp)...
[M::mem_process_seqs] Processed 103538 reads in 9.126 CPU sec, 9.061 real sec
[M::process] read 103528 sequences (10000099 bp)...
[M::mem_process_seqs] Processed 103606 reads in 8.907 CPU sec, 8.841 real sec
[M::process] read 103602 sequences (10000196 bp)...
[M::mem_process_seqs] Processed 103528 reads in 8.851 CPU sec, 8.786 real sec
[M::process] read 103536 sequences (10000132 bp)...
[M::mem_process_seqs] Processed 103602 reads in 8.864 CPU sec, 8.798 real sec
[M::process] read 103502 sequences (10000060 bp)...
[M::mem_process_seqs] Processed 103536 reads in 8.836 CPU sec, 8.767 real sec
[M::process] read 103522 sequences (10000099 bp)...
[M::mem_process_seqs] Processed 103502 reads in 8.832 CPU sec, 8.765 real sec
[M::process] read 103600 sequences (10000157 bp)...
[M::mem_process_seqs] Processed 103522 reads in 8.826 CPU sec, 8.757 real sec
[M::process] read 103526 sequences (10000130 bp)...
[M::mem_process_seqs] Processed 103600 reads in 8.915 CPU sec, 8.849 real sec
[M::process] read 103642 sequences (10000053 bp)...
[M::mem_process_seqs] Processed 103526 reads in 8.805 CPU sec, 8.737 real sec
[M::process] read 103562 sequences (10000122 bp)...
[M::mem_process_seqs] Processed 103642 reads in 8.871 CPU sec, 8.804 real sec
[M::process] read 103604 sequences (10000014 bp)...
[M::mem_process_seqs] Processed 103562 reads in 8.875 CPU sec, 8.807 real sec
[M::process] read 103516 sequences (10000143 bp)...
[M::mem_process_seqs] Processed 103604 reads in 8.879 CPU sec, 8.813 real sec
[M::process] read 103592 sequences (10000077 bp)...
[M::mem_process_seqs] Processed 103516 reads in 8.846 CPU sec, 8.777 real sec
[M::process] read 103556 sequences (10000019 bp)...
[M::mem_process_seqs] Processed 103592 reads in 8.855 CPU sec, 8.788 real sec
[M::process] read 103514 sequences (10000172 bp)...
[M::mem_process_seqs] Processed 103556 reads in 9.145 CPU sec, 9.079 real sec
[M::process] read 103638 sequences (10000006 bp)...
[M::mem_process_seqs] Processed 103514 reads in 8.822 CPU sec, 8.759 real sec
[M::process] read 103596 sequences (10000179 bp)...
[M::mem_process_seqs] Processed 103638 reads in 8.905 CPU sec, 8.836 real sec
[M::process] read 103618 sequences (10000113 bp)...
[M::mem_process_seqs] Processed 103596 reads in 8.882 CPU sec, 8.819 real sec
[M::process] read 103546 sequences (10000065 bp)...
[M::mem_process_seqs] Processed 103618 reads in 8.871 CPU sec, 8.805 real sec
[M::process] read 103584 sequences (10000137 bp)...
[M::mem_process_seqs] Processed 103546 reads in 8.886 CPU sec, 8.823 real sec
[M::process] read 103500 sequences (10000107 bp)...
[M::mem_process_seqs] Processed 103584 reads in 8.882 CPU sec, 8.814 real sec
[M::process] read 5647 sequences (546788 bp)...
[M::mem_process_seqs] Processed 103500 reads in 9.071 CPU sec, 9.044 real sec
[M::mem_process_seqs] Processed 5647 reads in 0.518 CPU sec, 0.482 real sec
[main] Version: 0.7.17-r1188
[main] CMD: bwa mem -t 1 /home/rosalind/Documents/Ref_GRCh38/GRCh38_latest_genomic.fna /home/rosalind/Documents/Ref_GRCh38/SRR3404924.1.fastq_trim.fastq
[main] Real time: 4589.656 sec; CPU: 4600.623 sec
Thu Jun 17 05:27:58 EDT 2021
