Linux mklab-host-1 4.18.0-240.22.1.el8_3.x86_64 #1 SMP Thu Apr 8 19:01:30 UTC 2021 x86_64 x86_64 x86_64 GNU/Linux
              total        used        free      shared  buff/cache   available
Mem:          251Gi       8.2Gi       5.8Gi        55Mi       237Gi       241Gi
Swap:         4.0Gi       167Mi       3.8Gi
Architecture:        x86_64
CPU op-mode(s):      32-bit, 64-bit
Byte Order:          Little Endian
CPU(s):              48
On-line CPU(s) list: 0-47
Thread(s) per core:  2
Core(s) per socket:  12
Socket(s):           2
NUMA node(s):        2
Vendor ID:           GenuineIntel
CPU family:          6
Model:               85
Model name:          Intel(R) Xeon(R) Silver 4214 CPU @ 2.20GHz
Stepping:            7
CPU MHz:             2823.525
CPU max MHz:         3200.0000
CPU min MHz:         1000.0000
BogoMIPS:            4400.00
Virtualization:      VT-x
L1d cache:           32K
L1i cache:           32K
L2 cache:            1024K
L3 cache:            16896K
NUMA node0 CPU(s):   0,2,4,6,8,10,12,14,16,18,20,22,24,26,28,30,32,34,36,38,40,42,44,46
NUMA node1 CPU(s):   1,3,5,7,9,11,13,15,17,19,21,23,25,27,29,31,33,35,37,39,41,43,45,47
Flags:               fpu vme de pse tsc msr pae mce cx8 apic sep mtrr pge mca cmov pat pse36 clflush dts acpi mmx fxsr sse sse2 ss ht tm pbe syscall nx pdpe1gb rdtscp lm constant_tsc art arch_perfmon pebs bts rep_good nopl xtopology nonstop_tsc cpuid aperfmperf pni pclmulqdq dtes64 monitor ds_cpl vmx smx est tm2 ssse3 sdbg fma cx16 xtpr pdcm pcid dca sse4_1 sse4_2 x2apic movbe popcnt tsc_deadline_timer aes xsave avx f16c rdrand lahf_lm abm 3dnowprefetch cpuid_fault epb cat_l3 cdp_l3 invpcid_single intel_ppin ssbd mba ibrs ibpb stibp ibrs_enhanced tpr_shadow vnmi flexpriority ept vpid ept_ad fsgsbase tsc_adjust bmi1 hle avx2 smep bmi2 erms invpcid cqm mpx rdt_a avx512f avx512dq rdseed adx smap clflushopt clwb intel_pt avx512cd avx512bw avx512vl xsaveopt xsavec xgetbv1 xsaves cqm_llc cqm_occup_llc cqm_mbm_total cqm_mbm_local dtherm ida arat pln pts pku ospke avx512_vnni md_clear flush_l1d arch_capabilities
Thu Jun 17 13:53:35 IST 2021
[M::bwa_idx_load_from_disk] read 0 ALT contigs
[M::process] read 1035060 sequences (100000129 bp)...
[M::process] read 1035510 sequences (100000101 bp)...
[M::mem_process_seqs] Processed 1035060 reads in 148.442 CPU sec, 15.055 real sec
[M::process] read 1035614 sequences (100000139 bp)...
[M::mem_process_seqs] Processed 1035510 reads in 148.362 CPU sec, 14.887 real sec
[M::process] read 1035236 sequences (100000210 bp)...
[M::mem_process_seqs] Processed 1035614 reads in 148.723 CPU sec, 14.876 real sec
[M::process] read 1035656 sequences (100000081 bp)...
[M::mem_process_seqs] Processed 1035236 reads in 147.637 CPU sec, 14.843 real sec
[M::process] read 1035344 sequences (100000107 bp)...
[M::mem_process_seqs] Processed 1035656 reads in 146.873 CPU sec, 14.630 real sec
[M::process] read 1035584 sequences (100000105 bp)...
[M::mem_process_seqs] Processed 1035344 reads in 149.865 CPU sec, 14.984 real sec
[M::process] read 1035606 sequences (100000146 bp)...
[M::mem_process_seqs] Processed 1035584 reads in 147.431 CPU sec, 14.733 real sec
[M::process] read 1035274 sequences (100000153 bp)...
[M::mem_process_seqs] Processed 1035606 reads in 149.383 CPU sec, 14.968 real sec
[M::process] read 1035732 sequences (100000113 bp)...
[M::mem_process_seqs] Processed 1035274 reads in 147.762 CPU sec, 14.799 real sec
[M::process] read 1035486 sequences (100000108 bp)...
[M::mem_process_seqs] Processed 1035732 reads in 148.487 CPU sec, 14.997 real sec
[M::process] read 1035380 sequences (100000060 bp)...
[M::mem_process_seqs] Processed 1035486 reads in 148.080 CPU sec, 14.832 real sec
[M::process] read 1035606 sequences (100000155 bp)...
[M::mem_process_seqs] Processed 1035380 reads in 147.745 CPU sec, 14.791 real sec
[M::process] read 1035264 sequences (100000065 bp)...
[M::mem_process_seqs] Processed 1035606 reads in 149.497 CPU sec, 14.959 real sec
[M::process] read 1035554 sequences (100000039 bp)...
[M::mem_process_seqs] Processed 1035264 reads in 149.356 CPU sec, 14.971 real sec
[M::process] read 1035466 sequences (100000008 bp)...
[M::mem_process_seqs] Processed 1035554 reads in 148.113 CPU sec, 14.857 real sec
[M::process] read 1035560 sequences (100000098 bp)...
[M::mem_process_seqs] Processed 1035466 reads in 149.211 CPU sec, 14.961 real sec
[M::process] read 1035696 sequences (100000165 bp)...
[M::mem_process_seqs] Processed 1035560 reads in 148.522 CPU sec, 14.886 real sec
[M::process] read 1035508 sequences (100000063 bp)...
[M::mem_process_seqs] Processed 1035696 reads in 148.756 CPU sec, 14.876 real sec
[M::process] read 1035582 sequences (100000015 bp)...
[M::mem_process_seqs] Processed 1035508 reads in 146.990 CPU sec, 14.731 real sec
[M::process] read 1035408 sequences (100000139 bp)...
[M::mem_process_seqs] Processed 1035582 reads in 147.907 CPU sec, 14.781 real sec
[M::process] read 1035474 sequences (100000006 bp)...
[M::mem_process_seqs] Processed 1035408 reads in 146.993 CPU sec, 14.701 real sec
[M::process] read 1035802 sequences (100000079 bp)...
[M::mem_process_seqs] Processed 1035474 reads in 147.458 CPU sec, 14.810 real sec
[M::process] read 1035032 sequences (100000122 bp)...
[M::mem_process_seqs] Processed 1035802 reads in 146.781 CPU sec, 14.667 real sec
[M::process] read 1035616 sequences (100000199 bp)...
[M::mem_process_seqs] Processed 1035032 reads in 148.482 CPU sec, 14.831 real sec
[M::process] read 1035384 sequences (100000014 bp)...
[M::mem_process_seqs] Processed 1035616 reads in 147.516 CPU sec, 14.761 real sec
[M::process] read 1035338 sequences (100000135 bp)...
[M::mem_process_seqs] Processed 1035384 reads in 148.407 CPU sec, 14.849 real sec
[M::process] read 1035678 sequences (100000064 bp)...
[M::mem_process_seqs] Processed 1035338 reads in 148.126 CPU sec, 14.831 real sec
[M::process] read 1035620 sequences (100000043 bp)...
[M::mem_process_seqs] Processed 1035678 reads in 148.643 CPU sec, 14.868 real sec
[M::process] read 1035750 sequences (100000169 bp)...
[M::mem_process_seqs] Processed 1035620 reads in 148.171 CPU sec, 14.842 real sec
[M::process] read 1035696 sequences (100000193 bp)...
[M::mem_process_seqs] Processed 1035750 reads in 147.467 CPU sec, 14.757 real sec
[M::process] read 1035430 sequences (100000045 bp)...
[M::mem_process_seqs] Processed 1035696 reads in 149.452 CPU sec, 15.000 real sec
[M::process] read 1035562 sequences (100000047 bp)...
[M::mem_process_seqs] Processed 1035430 reads in 149.358 CPU sec, 15.008 real sec
[M::process] read 1035420 sequences (100000008 bp)...
[M::mem_process_seqs] Processed 1035562 reads in 148.298 CPU sec, 14.855 real sec
[M::process] read 1035356 sequences (100000181 bp)...
[M::mem_process_seqs] Processed 1035420 reads in 149.040 CPU sec, 14.968 real sec
[M::process] read 1035512 sequences (100000027 bp)...
[M::mem_process_seqs] Processed 1035356 reads in 147.876 CPU sec, 14.837 real sec
[M::process] read 1035420 sequences (100000039 bp)...
[M::mem_process_seqs] Processed 1035512 reads in 147.924 CPU sec, 14.832 real sec
[M::process] read 1035536 sequences (100000140 bp)...
[M::mem_process_seqs] Processed 1035420 reads in 147.037 CPU sec, 14.738 real sec
[M::process] read 1035220 sequences (100000074 bp)...
[M::mem_process_seqs] Processed 1035536 reads in 147.456 CPU sec, 14.767 real sec
[M::process] read 1035402 sequences (100000060 bp)...
[M::mem_process_seqs] Processed 1035220 reads in 148.252 CPU sec, 14.886 real sec
[M::process] read 1035732 sequences (100000018 bp)...
[M::mem_process_seqs] Processed 1035402 reads in 147.809 CPU sec, 14.807 real sec
[M::process] read 1035452 sequences (100000043 bp)...
[M::mem_process_seqs] Processed 1035732 reads in 147.794 CPU sec, 14.845 real sec
[M::process] read 1035462 sequences (100000092 bp)...
[M::mem_process_seqs] Processed 1035452 reads in 149.078 CPU sec, 14.973 real sec
[M::process] read 1035380 sequences (100000008 bp)...
[M::mem_process_seqs] Processed 1035462 reads in 146.412 CPU sec, 14.636 real sec
[M::process] read 1035196 sequences (100000055 bp)...
[M::mem_process_seqs] Processed 1035380 reads in 148.598 CPU sec, 14.843 real sec
[M::process] read 1035616 sequences (100000128 bp)...
[M::mem_process_seqs] Processed 1035196 reads in 149.046 CPU sec, 14.967 real sec
[M::process] read 1035492 sequences (100000012 bp)...
[M::mem_process_seqs] Processed 1035616 reads in 147.863 CPU sec, 14.842 real sec
[M::process] read 1035278 sequences (100000139 bp)...
[M::mem_process_seqs] Processed 1035492 reads in 147.583 CPU sec, 14.779 real sec
[M::process] read 1035630 sequences (100000000 bp)...
[M::mem_process_seqs] Processed 1035278 reads in 148.493 CPU sec, 14.838 real sec
[M::process] read 1035486 sequences (100000133 bp)...
[M::mem_process_seqs] Processed 1035630 reads in 149.374 CPU sec, 15.025 real sec
[M::process] read 1035604 sequences (100000145 bp)...
[M::mem_process_seqs] Processed 1035486 reads in 147.903 CPU sec, 14.839 real sec
[M::process] read 938271 sequences (90593879 bp)...
[M::mem_process_seqs] Processed 1035604 reads in 148.647 CPU sec, 14.911 real sec
[M::mem_process_seqs] Processed 938271 reads in 132.928 CPU sec, 13.371 real sec
[main] Version: 0.7.17-r1188
[main] CMD: bwa mem -t 10 /home/chaos/Ref/GRCh38_latest_genomic.fna /home/chaos/SPLASH_fastq_files_trimmed/SRR3404924.1.fastq_trim.fastq
[main] Real time: 774.995 sec; CPU: 7695.628 sec
Thu Jun 17 14:06:31 IST 2021
